<?xml version="1.0" encoding="UTF-8"?>
<testsuite name="tests.WebQuizEngineTest" tests="1" skipped="0" failures="0" errors="0" timestamp="2023-09-21T18:54:58" hostname="HP-INDY" time="99.434">
  <properties/>
  <testcase name="start" classname="tests.WebQuizEngineTest" time="99.434"/>
  <system-out><![CDATA[?[1;31m
Start test 1?[0m
?[0;34m
?[0m?[0;34m  .   ____          _            __ _ _
?[0m?[0;34m /\\ / ___'_ __ _ _(_)_ __  __ _ \ \ \ \
?[0m?[0;34m( ( )\___ | '_ | '_| | '_ \/ _` | \ \ \ \
?[0m?[0;34m \\/  ___)| |_)| | | | | || (_| |  ) ) ) )
?[0m?[0;34m  '  |____| .__|_| |_|_| |_\__, | / / / /
?[0m?[0;34m =========|_|==============|___/=/_/_/_/
?[0m?[0;34m :: Spring Boot ::                (v2.5.6)
?[0m?[0;34m
?[0m?[0;34m2023-09-21 20:55:00.626  INFO 6108 --- [    Test worker] engine.WebQuizEngine                     : Starting WebQuizEngine using Java 17.0.5 on HP-Indy with PID 6108 (started by indyr in C:\Users\indyr\IdeaProjects\Web Quiz Engine (Java)\Web Quiz Engine (Java)\task)
?[0m?[0;34m2023-09-21 20:55:00.633  INFO 6108 --- [    Test worker] engine.WebQuizEngine                     : No active profile set, falling back to default profiles: default
?[0m?[0;34m2023-09-21 20:55:03.801  INFO 6108 --- [    Test worker] .s.d.r.c.RepositoryConfigurationDelegate : Bootstrapping Spring Data JPA repositories in DEFAULT mode.
?[0m?[0;34m2023-09-21 20:55:03.956  INFO 6108 --- [    Test worker] .s.d.r.c.RepositoryConfigurationDelegate : Finished Spring Data repository scanning in 126 ms. Found 3 JPA repository interfaces.
?[0m?[0;34m2023-09-21 20:55:05.623  INFO 6108 --- [    Test worker] o.s.b.w.embedded.tomcat.TomcatWebServer  : Tomcat initialized with port(s): 8889 (http)
?[0m?[0;34m2023-09-21 20:55:05.658  INFO 6108 --- [    Test worker] o.apache.catalina.core.StandardService   : Starting service [Tomcat]
?[0m?[0;34m2023-09-21 20:55:05.659  INFO 6108 --- [    Test worker] org.apache.catalina.core.StandardEngine  : Starting Servlet engine: [Apache Tomcat/9.0.54]
?[0m?[0;34m2023-09-21 20:55:05.921  INFO 6108 --- [    Test worker] o.a.c.c.C.[Tomcat].[localhost].[/]       : Initializing Spring embedded WebApplicationContext
?[0m?[0;34m2023-09-21 20:55:05.922  INFO 6108 --- [    Test worker] w.s.c.ServletWebServerApplicationContext : Root WebApplicationContext: initialization completed in 5136 ms
?[0m?[0;34m2023-09-21 20:55:06.244  INFO 6108 --- [    Test worker] com.zaxxer.hikari.HikariDataSource       : HikariPool-1 - Starting...
?[0m?[0;34m2023-09-21 20:55:06.789  INFO 6108 --- [    Test worker] com.zaxxer.hikari.HikariDataSource       : HikariPool-1 - Start completed.
?[0m?[0;34m2023-09-21 20:55:06.833  INFO 6108 --- [    Test worker] o.s.b.a.h2.H2ConsoleAutoConfiguration    : H2 console available at '/h2'. Database available at 'jdbc:h2:file:../quizdb'
?[0m?[0;34m2023-09-21 20:55:07.257  INFO 6108 --- [    Test worker] o.hibernate.jpa.internal.util.LogHelper  : HHH000204: Processing PersistenceUnitInfo [name: default]
?[0m?[0;34m2023-09-21 20:55:07.474  INFO 6108 --- [    Test worker] org.hibernate.Version                    : HHH000412: Hibernate ORM core version 5.4.32.Final
?[0m?[0;34m2023-09-21 20:55:07.990  INFO 6108 --- [    Test worker] o.hibernate.annotations.common.Version   : HCANN000001: Hibernate Commons Annotations {5.1.2.Final}
?[0m?[0;34m2023-09-21 20:55:08.379  INFO 6108 --- [    Test worker] org.hibernate.dialect.Dialect            : HHH000400: Using dialect: org.hibernate.dialect.H2Dialect
?[0m?[0;34mHibernate: create table quiz_answers (quiz_id bigint not null, answer integer)
?[0m?[0;34mHibernate: create table quiz_options (quiz_id bigint not null, options varchar(255))
?[0m?[0;34mHibernate: create table quizzes (id bigint not null, text varchar(255), title varchar(255), user bigint, primary key (id))
?[0m?[0;34mHibernate: create table quizzes_completed (id bigint not null, completed_at timestamp, quiz bigint, user bigint, primary key (id))
?[0m?[0;34mHibernate: create table users (id bigint not null, email varchar(255), password varchar(255), primary key (id))
?[0m?[0;34mHibernate: alter table users drop constraint if exists UK_6dotkott2kjsp8vw4d0m25fb7
?[0m?[0;34mHibernate: alter table users add constraint UK_6dotkott2kjsp8vw4d0m25fb7 unique (email)
?[0m?[0;34mHibernate: create sequence hibernate_sequence start with 1 increment by 1
?[0m?[0;34mHibernate: alter table quiz_answers add constraint FK8m696ke2wtle7jrw9fp3ey2yt foreign key (quiz_id) references quizzes
?[0m?[0;34mHibernate: alter table quiz_options add constraint FK7jh598o79glome0jf14bpxo4r foreign key (quiz_id) references quizzes
?[0m?[0;34mHibernate: alter table quizzes add constraint FK2cxg1ajhw16purtw0sv4aqt3n foreign key (user) references users
?[0m?[0;34mHibernate: alter table quizzes_completed add constraint FKhl0okx2jtlmuv0k67utywa9qj foreign key (quiz) references quizzes
?[0m?[0;34mHibernate: alter table quizzes_completed add constraint FKebhheq3b0vjq037ohx6e557gh foreign key (user) references users
?[0m?[0;34m2023-09-21 20:55:10.703  INFO 6108 --- [    Test worker] o.h.e.t.j.p.i.JtaPlatformInitiator       : HHH000490: Using JtaPlatform implementation: [org.hibernate.engine.transaction.jta.platform.internal.NoJtaPlatform]
?[0m?[0;34m2023-09-21 20:55:10.733  INFO 6108 --- [    Test worker] j.LocalContainerEntityManagerFactoryBean : Initialized JPA EntityManagerFactory for persistence unit 'default'
?[0m?[0;34m2023-09-21 20:55:12.606  INFO 6108 --- [    Test worker] o.s.s.web.DefaultSecurityFilterChain     : Will secure any request with [org.springframework.security.web.context.request.async.WebAsyncManagerIntegrationFilter@7205a8b7, org.springframework.security.web.context.SecurityContextPersistenceFilter@15ca7322, org.springframework.security.web.header.HeaderWriterFilter@70680f88, org.springframework.security.web.authentication.logout.LogoutFilter@3b8a063d, org.springframework.security.web.authentication.www.BasicAuthenticationFilter@5ce0f50a, org.springframework.security.web.savedrequest.RequestCacheAwareFilter@28200d43, org.springframework.security.web.servletapi.SecurityContextHolderAwareRequestFilter@12948e7a, org.springframework.security.web.authentication.AnonymousAuthenticationFilter@1ee126de, org.springframework.security.web.session.SessionManagementFilter@1acfc058, org.springframework.security.web.access.ExceptionTranslationFilter@757f47f0, org.springframework.security.web.access.intercept.FilterSecurityInterceptor@71c69628]
?[0m?[0;34m2023-09-21 20:55:12.757  WARN 6108 --- [    Test worker] JpaBaseConfiguration$JpaWebConfiguration : spring.jpa.open-in-view is enabled by default. Therefore, database queries may be performed during view rendering. Explicitly configure spring.jpa.open-in-view to disable this warning
?[0m?[0;34m2023-09-21 20:55:13.947  INFO 6108 --- [    Test worker] o.s.b.a.e.web.EndpointLinksResolver      : Exposing 14 endpoint(s) beneath base path '/actuator'
?[0m?[0;34m2023-09-21 20:55:14.048  INFO 6108 --- [    Test worker] o.s.b.w.embedded.tomcat.TomcatWebServer  : Tomcat started on port(s): 8889 (http) with context path ''
?[0m?[0;34m2023-09-21 20:55:14.077  INFO 6108 --- [    Test worker] engine.WebQuizEngine                     : Started WebQuizEngine in 14.774 seconds (JVM running for 17.005)
?[0;34m2023-09-21 20:55:14.897  INFO 6108 --- [nio-8889-exec-1] o.a.c.c.C.[Tomcat].[localhost].[/]       : Initializing Spring DispatcherServlet 'dispatcherServlet'
?[0m?[0;34m2023-09-21 20:55:14.898  INFO 6108 --- [nio-8889-exec-1] o.s.web.servlet.DispatcherServlet        : Initializing Servlet 'dispatcherServlet'
?[0m?[0;34m2023-09-21 20:55:14.901  INFO 6108 --- [nio-8889-exec-1] o.s.web.servlet.DispatcherServlet        : Completed initialization in 3 ms
?[0m?[0;34mHibernate: select user0_.id as col_0_0_ from users user0_ where upper(user0_.email)=upper(?) limit ?
?[0m?[0;34mHibernate: call next value for hibernate_sequence
?[0m?[0;34mHibernate: insert into users (email, password, id) values (?, ?, ?)
?[0m?[1;31m
Start test 2?[0m
?[0;34mHibernate: select user0_.id as col_0_0_ from users user0_ where upper(user0_.email)=upper(?) limit ?
?[0m?[0;34mHibernate: call next value for hibernate_sequence
?[0m?[0;34mHibernate: insert into users (email, password, id) values (?, ?, ?)
?[1;31m
Start test 3?[0m
?[0;34m2023-09-21 20:55:16.023  WARN 6108 --- [nio-8889-exec-3] .w.s.m.s.DefaultHandlerExceptionResolver : Resolved [org.springframework.web.bind.MethodArgumentNotValidException: Validation failed for argument [0] in public org.springframework.http.ResponseEntity<org.springframework.http.HttpStatus> engine.Controllers.UserController.registerUser(engine.DTO.Requests.CreateUserRequest): [Field error in object 'createUserRequest' on field 'email': rejected value [google.com]; codes [Pattern.createUserRequest.email,Pattern.email,Pattern.java.lang.String,Pattern]; arguments [org.springframework.context.support.DefaultMessageSourceResolvable: codes [createUserRequest.email,email]; arguments []; default message [email],[Ljavax.validation.constraints.Pattern$Flag;@52ec0ab0,.+@.+\..+]; default message [must match ".+@.+\..+"]] ]
?[1;31m
Start test 4?[0m
?[0;34m2023-09-21 20:55:16.096  WARN 6108 --- [nio-8889-exec-4] .w.s.m.s.DefaultHandlerExceptionResolver : Resolved [org.springframework.web.bind.MethodArgumentNotValidException: Validation failed for argument [0] in public org.springframework.http.ResponseEntity<org.springframework.http.HttpStatus> engine.Controllers.UserController.registerUser(engine.DTO.Requests.CreateUserRequest): [Field error in object 'createUserRequest' on field 'email': rejected value [well@googlecom]; codes [Pattern.createUserRequest.email,Pattern.email,Pattern.java.lang.String,Pattern]; arguments [org.springframework.context.support.DefaultMessageSourceResolvable: codes [createUserRequest.email,email]; arguments []; default message [email],[Ljavax.validation.constraints.Pattern$Flag;@52ec0ab0,.+@.+\..+]; default message [must match ".+@.+\..+"]] ]
?[1;31m
Start test 5?[0m
?[0;34mHibernate: select user0_.id as col_0_0_ from users user0_ where upper(user0_.email)=upper(?) limit ?
?[1;31m
Start test 6?[0m
?[0;34m2023-09-21 20:55:16.135  WARN 6108 --- [nio-8889-exec-6] .w.s.m.s.DefaultHandlerExceptionResolver : Resolved [org.springframework.web.bind.MethodArgumentNotValidException: Validation failed for argument [0] in public org.springframework.http.ResponseEntity<org.springframework.http.HttpStatus> engine.Controllers.UserController.registerUser(engine.DTO.Requests.CreateUserRequest): [Field error in object 'createUserRequest' on field 'password': rejected value [1234]; codes [Size.createUserRequest.password,Size.password,Size.java.lang.String,Size]; arguments [org.springframework.context.support.DefaultMessageSourceResolvable: codes [createUserRequest.password,password]; arguments []; default message [password],2147483647,5]; default message [size must be between 5 and 2147483647]] ]
?[1;31m
Start test 7?[0m
?[0;34m2023-09-21 20:55:16.156  WARN 6108 --- [nio-8889-exec-7] .w.s.m.s.DefaultHandlerExceptionResolver : Resolved [org.springframework.web.bind.MethodArgumentNotValidException: Validation failed for argument [0] in public org.springframework.http.ResponseEntity<org.springframework.http.HttpStatus> engine.Controllers.UserController.registerUser(engine.DTO.Requests.CreateUserRequest): [Field error in object 'createUserRequest' on field 'password': rejected value [123]; codes [Size.createUserRequest.password,Size.password,Size.java.lang.String,Size]; arguments [org.springframework.context.support.DefaultMessageSourceResolvable: codes [createUserRequest.password,password]; arguments []; default message [password],2147483647,5]; default message [size must be between 5 and 2147483647]] ]
?[1;31m
Start test 8?[0m
?[0;34mHibernate: select user0_.id as id1_4_, user0_.email as email2_4_, user0_.password as password3_4_ from users user0_ where upper(user0_.email)=upper(?)
?[0m?[0;34mHibernate: select quiz0_.id as id1_2_, quiz0_.text as text2_2_, quiz0_.title as title3_2_, quiz0_.user as user4_2_ from quizzes quiz0_ limit ?
?[1;31m
Start test 9?[0m
?[0;34mHibernate: select user0_.id as id1_4_, user0_.email as email2_4_, user0_.password as password3_4_ from users user0_ where upper(user0_.email)=upper(?)
?[0m?[0;34mHibernate: select quiz0_.id as id1_2_, quiz0_.text as text2_2_, quiz0_.title as title3_2_, quiz0_.user as user4_2_ from quizzes quiz0_ limit ?
?[1;31m
Start test 10?[0m
?[0;34mHibernate: select user0_.id as id1_4_, user0_.email as email2_4_, user0_.password as password3_4_ from users user0_ where upper(user0_.email)=upper(?)
?[0m?[0;34mHibernate: select user0_.id as id1_4_, user0_.email as email2_4_, user0_.password as password3_4_ from users user0_ where upper(user0_.email)=upper(?)
?[0m?[0;34mHibernate: call next value for hibernate_sequence
?[0m?[0;34mHibernate: insert into quizzes (text, title, user, id) values (?, ?, ?, ?)
?[0m?[0;34mHibernate: insert into quiz_answers (quiz_id, answer) values (?, ?)
?[0m?[0;34mHibernate: insert into quiz_options (quiz_id, options) values (?, ?)
?[0m?[0;34mHibernate: insert into quiz_options (quiz_id, options) values (?, ?)
?[0m?[0;34mHibernate: insert into quiz_options (quiz_id, options) values (?, ?)
?[0m?[0;34mHibernate: insert into quiz_options (quiz_id, options) values (?, ?)
?[1;31m
Start test 11?[0m
?[0m?[0;34mHibernate: select user0_.id as id1_4_, user0_.email as email2_4_, user0_.password as password3_4_ from users user0_ where upper(user0_.email)=upper(?)
?[0m?[0;34mHibernate: select quiz0_.id as id1_2_0_, quiz0_.text as text2_2_0_, quiz0_.title as title3_2_0_, quiz0_.user as user4_2_0_, user1_.id as id1_4_1_, user1_.email as email2_4_1_, user1_.password as password3_4_1_ from quizzes quiz0_ left outer join users user1_ on quiz0_.user=user1_.id where quiz0_.id=?
?[0m?[0;34mHibernate: select options0_.quiz_id as quiz_id1_1_0_, options0_.options as options2_1_0_ from quiz_options options0_ where options0_.quiz_id=?
?[1;31m
Start test 12?[0m
?[0m?[0;34mHibernate: select user0_.id as id1_4_, user0_.email as email2_4_, user0_.password as password3_4_ from users user0_ where upper(user0_.email)=upper(?)
?[0m?[0;34mHibernate: select quiz0_.id as id1_2_0_, quiz0_.text as text2_2_0_, quiz0_.title as title3_2_0_, quiz0_.user as user4_2_0_, user1_.id as id1_4_1_, user1_.email as email2_4_1_, user1_.password as password3_4_1_ from quizzes quiz0_ left outer join users user1_ on quiz0_.user=user1_.id where quiz0_.id=?
?[1;31m
Start test 13?[0m
?[0m?[0;34mHibernate: select user0_.id as id1_4_, user0_.email as email2_4_, user0_.password as password3_4_ from users user0_ where upper(user0_.email)=upper(?)
?[0m?[0;34mHibernate: select quiz0_.id as id1_2_, quiz0_.text as text2_2_, quiz0_.title as title3_2_, quiz0_.user as user4_2_ from quizzes quiz0_ limit ?
?[0m?[0;34mHibernate: select user0_.id as id1_4_0_, user0_.email as email2_4_0_, user0_.password as password3_4_0_ from users user0_ where user0_.id=?
?[0m?[0;34mHibernate: select options0_.quiz_id as quiz_id1_1_0_, options0_.options as options2_1_0_ from quiz_options options0_ where options0_.quiz_id=?
?[1;31m
Start test 14?[0m
?[0m?[0;34mHibernate: select user0_.id as id1_4_, user0_.email as email2_4_, user0_.password as password3_4_ from users user0_ where upper(user0_.email)=upper(?)
?[0m?[0;34mHibernate: select user0_.id as id1_4_, user0_.email as email2_4_, user0_.password as password3_4_ from users user0_ where upper(user0_.email)=upper(?)
?[0m?[0;34mHibernate: call next value for hibernate_sequence
?[0m?[0;34mHibernate: insert into quizzes (text, title, user, id) values (?, ?, ?, ?)
?[0m?[0;34mHibernate: insert into quiz_answers (quiz_id, answer) values (?, ?)
?[0m?[0;34mHibernate: insert into quiz_options (quiz_id, options) values (?, ?)
?[0m?[0;34mHibernate: insert into quiz_options (quiz_id, options) values (?, ?)
?[0m?[0;34mHibernate: insert into quiz_options (quiz_id, options) values (?, ?)
?[0m?[0;34mHibernate: insert into quiz_options (quiz_id, options) values (?, ?)
?[1;31m
Start test 15?[0m
?[0m?[0;34mHibernate: select user0_.id as id1_4_, user0_.email as email2_4_, user0_.password as password3_4_ from users user0_ where upper(user0_.email)=upper(?)
?[0m?[0;34mHibernate: select quiz0_.id as id1_2_0_, quiz0_.text as text2_2_0_, quiz0_.title as title3_2_0_, quiz0_.user as user4_2_0_, user1_.id as id1_4_1_, user1_.email as email2_4_1_, user1_.password as password3_4_1_ from quizzes quiz0_ left outer join users user1_ on quiz0_.user=user1_.id where quiz0_.id=?
?[0m?[0;34mHibernate: select options0_.quiz_id as quiz_id1_1_0_, options0_.options as options2_1_0_ from quiz_options options0_ where options0_.quiz_id=?
?[1;31m
Start test 16?[0m
?[0m?[0;34mHibernate: select user0_.id as id1_4_, user0_.email as email2_4_, user0_.password as password3_4_ from users user0_ where upper(user0_.email)=upper(?)
?[0m?[0;34mHibernate: select quiz0_.id as id1_2_0_, quiz0_.text as text2_2_0_, quiz0_.title as title3_2_0_, quiz0_.user as user4_2_0_, user1_.id as id1_4_1_, user1_.email as email2_4_1_, user1_.password as password3_4_1_ from quizzes quiz0_ left outer join users user1_ on quiz0_.user=user1_.id where quiz0_.id=?
?[1;31m
Start test 17?[0m
?[0m?[0;34mHibernate: select user0_.id as id1_4_, user0_.email as email2_4_, user0_.password as password3_4_ from users user0_ where upper(user0_.email)=upper(?)
?[0m?[0;34mHibernate: select quiz0_.id as id1_2_, quiz0_.text as text2_2_, quiz0_.title as title3_2_, quiz0_.user as user4_2_ from quizzes quiz0_ limit ?
?[0m?[0;34mHibernate: select user0_.id as id1_4_0_, user0_.email as email2_4_0_, user0_.password as password3_4_0_ from users user0_ where user0_.id=?
?[0m?[0;34mHibernate: select user0_.id as id1_4_0_, user0_.email as email2_4_0_, user0_.password as password3_4_0_ from users user0_ where user0_.id=?
?[0m?[0;34mHibernate: select options0_.quiz_id as quiz_id1_1_0_, options0_.options as options2_1_0_ from quiz_options options0_ where options0_.quiz_id=?
?[0m?[0;34mHibernate: select options0_.quiz_id as quiz_id1_1_0_, options0_.options as options2_1_0_ from quiz_options options0_ where options0_.quiz_id=?
?[1;31m
Start test 18?[0m
?[1;31m
Start test 19?[0m
?[1;31m
Start test 20?[0m
?[1;31m
Start test 21?[0m
?[1;31m
Start test 22?[0m
?[1;31m
Start test 23?[0m
?[1;31m
Start test 24?[0m
?[1;31m
Start test 25?[0m
?[1;31m
Start test 26?[0m
?[0m?[0;34mHibernate: select user0_.id as id1_4_, user0_.email as email2_4_, user0_.password as password3_4_ from users user0_ where upper(user0_.email)=upper(?)
?[0m?[0;34mHibernate: select user0_.id as id1_4_, user0_.email as email2_4_, user0_.password as password3_4_ from users user0_ where upper(user0_.email)=upper(?)
?[1;31m
Start test 27?[0m
?[0m?[0;34mHibernate: select user0_.id as id1_4_, user0_.email as email2_4_, user0_.password as password3_4_ from users user0_ where upper(user0_.email)=upper(?)
?[0m?[0;34mHibernate: select user0_.id as id1_4_, user0_.email as email2_4_, user0_.password as password3_4_ from users user0_ where upper(user0_.email)=upper(?)
?[1;31m
Start test 28?[0m
?[0m?[0;34mHibernate: select user0_.id as id1_4_, user0_.email as email2_4_, user0_.password as password3_4_ from users user0_ where upper(user0_.email)=upper(?)
?[0m?[0;34mHibernate: select user0_.id as id1_4_, user0_.email as email2_4_, user0_.password as password3_4_ from users user0_ where upper(user0_.email)=upper(?)
?[1;31m
Start test 29?[0m
?[0m?[0;34mHibernate: select user0_.id as id1_4_, user0_.email as email2_4_, user0_.password as password3_4_ from users user0_ where upper(user0_.email)=upper(?)
?[0m?[0;34mHibernate: select user0_.id as id1_4_, user0_.email as email2_4_, user0_.password as password3_4_ from users user0_ where upper(user0_.email)=upper(?)
?[1;31m
Start test 30?[0m
?[0m?[0;34mHibernate: select user0_.id as id1_4_, user0_.email as email2_4_, user0_.password as password3_4_ from users user0_ where upper(user0_.email)=upper(?)
?[0m?[0;34mHibernate: select user0_.id as id1_4_, user0_.email as email2_4_, user0_.password as password3_4_ from users user0_ where upper(user0_.email)=upper(?)
?[1;31m
Start test 31?[0m
?[0m?[0;34mHibernate: select user0_.id as id1_4_, user0_.email as email2_4_, user0_.password as password3_4_ from users user0_ where upper(user0_.email)=upper(?)
?[0m?[0;34mHibernate: select user0_.id as id1_4_, user0_.email as email2_4_, user0_.password as password3_4_ from users user0_ where upper(user0_.email)=upper(?)
?[1;31m
Start test 32?[0m
?[0m?[0;34mHibernate: select user0_.id as id1_4_, user0_.email as email2_4_, user0_.password as password3_4_ from users user0_ where upper(user0_.email)=upper(?)
?[0m?[0;34mHibernate: select user0_.id as id1_4_, user0_.email as email2_4_, user0_.password as password3_4_ from users user0_ where upper(user0_.email)=upper(?)
?[1;31m
Start test 33?[0m
?[0m?[0;34mHibernate: select user0_.id as id1_4_, user0_.email as email2_4_, user0_.password as password3_4_ from users user0_ where upper(user0_.email)=upper(?)
?[0m?[0;34mHibernate: select user0_.id as id1_4_, user0_.email as email2_4_, user0_.password as password3_4_ from users user0_ where upper(user0_.email)=upper(?)
?[1;31m
Start test 34?[0m
?[0m?[0;34mHibernate: select user0_.id as id1_4_, user0_.email as email2_4_, user0_.password as password3_4_ from users user0_ where upper(user0_.email)=upper(?)
?[0m?[0;34mHibernate: select quiz0_.id as id1_2_0_, quiz0_.text as text2_2_0_, quiz0_.title as title3_2_0_, quiz0_.user as user4_2_0_, user1_.id as id1_4_1_, user1_.email as email2_4_1_, user1_.password as password3_4_1_ from quizzes quiz0_ left outer join users user1_ on quiz0_.user=user1_.id where quiz0_.id=?
?[0m?[0;34mHibernate: select answers0_.quiz_id as quiz_id1_0_0_, answers0_.answer as answer2_0_0_ from quiz_answers answers0_ where answers0_.quiz_id=?
?[1;31m
Start test 35?[0m
?[0m?[0;34mHibernate: select user0_.id as id1_4_, user0_.email as email2_4_, user0_.password as password3_4_ from users user0_ where upper(user0_.email)=upper(?)
?[0m?[0;34mHibernate: select quiz0_.id as id1_2_0_, quiz0_.text as text2_2_0_, quiz0_.title as title3_2_0_, quiz0_.user as user4_2_0_, user1_.id as id1_4_1_, user1_.email as email2_4_1_, user1_.password as password3_4_1_ from quizzes quiz0_ left outer join users user1_ on quiz0_.user=user1_.id where quiz0_.id=?
?[0m?[0;34mHibernate: select answers0_.quiz_id as quiz_id1_0_0_, answers0_.answer as answer2_0_0_ from quiz_answers answers0_ where answers0_.quiz_id=?
?[1;31m
Start test 36?[0m
?[0m?[0;34mHibernate: select user0_.id as id1_4_, user0_.email as email2_4_, user0_.password as password3_4_ from users user0_ where upper(user0_.email)=upper(?)
?[0m?[0;34mHibernate: select quiz0_.id as id1_2_0_, quiz0_.text as text2_2_0_, quiz0_.title as title3_2_0_, quiz0_.user as user4_2_0_, user1_.id as id1_4_1_, user1_.email as email2_4_1_, user1_.password as password3_4_1_ from quizzes quiz0_ left outer join users user1_ on quiz0_.user=user1_.id where quiz0_.id=?
?[0m?[0;34mHibernate: select answers0_.quiz_id as quiz_id1_0_0_, answers0_.answer as answer2_0_0_ from quiz_answers answers0_ where answers0_.quiz_id=?
?[0m?[0;34mHibernate: select user0_.id as id1_4_, user0_.email as email2_4_, user0_.password as password3_4_ from users user0_ where upper(user0_.email)=upper(?)
?[0m?[0;34mHibernate: call next value for hibernate_sequence
?[0m?[0;34mHibernate: insert into quizzes_completed (completed_at, quiz, user, id) values (?, ?, ?, ?)
?[1;31m
Start test 37?[0m
?[0m?[0;34mHibernate: select user0_.id as id1_4_, user0_.email as email2_4_, user0_.password as password3_4_ from users user0_ where upper(user0_.email)=upper(?)
?[0m?[0;34mHibernate: select quiz0_.id as id1_2_0_, quiz0_.text as text2_2_0_, quiz0_.title as title3_2_0_, quiz0_.user as user4_2_0_, user1_.id as id1_4_1_, user1_.email as email2_4_1_, user1_.password as password3_4_1_ from quizzes quiz0_ left outer join users user1_ on quiz0_.user=user1_.id where quiz0_.id=?
?[0m?[0;34mHibernate: select answers0_.quiz_id as quiz_id1_0_0_, answers0_.answer as answer2_0_0_ from quiz_answers answers0_ where answers0_.quiz_id=?
?[1;31m
Start test 38?[0m
?[0m?[0;34mHibernate: select user0_.id as id1_4_, user0_.email as email2_4_, user0_.password as password3_4_ from users user0_ where upper(user0_.email)=upper(?)
?[0m?[0;34mHibernate: select quiz0_.id as id1_2_0_, quiz0_.text as text2_2_0_, quiz0_.title as title3_2_0_, quiz0_.user as user4_2_0_, user1_.id as id1_4_1_, user1_.email as email2_4_1_, user1_.password as password3_4_1_ from quizzes quiz0_ left outer join users user1_ on quiz0_.user=user1_.id where quiz0_.id=?
?[0m?[0;34mHibernate: select answers0_.quiz_id as quiz_id1_0_0_, answers0_.answer as answer2_0_0_ from quiz_answers answers0_ where answers0_.quiz_id=?
?[1;31m
Start test 39?[0m
?[0m?[0;34mHibernate: select user0_.id as id1_4_, user0_.email as email2_4_, user0_.password as password3_4_ from users user0_ where upper(user0_.email)=upper(?)
?[0m?[0;34mHibernate: select quiz0_.id as id1_2_0_, quiz0_.text as text2_2_0_, quiz0_.title as title3_2_0_, quiz0_.user as user4_2_0_, user1_.id as id1_4_1_, user1_.email as email2_4_1_, user1_.password as password3_4_1_ from quizzes quiz0_ left outer join users user1_ on quiz0_.user=user1_.id where quiz0_.id=?
?[0m?[0;34mHibernate: select answers0_.quiz_id as quiz_id1_0_0_, answers0_.answer as answer2_0_0_ from quiz_answers answers0_ where answers0_.quiz_id=?
?[0m?[0;34mHibernate: select user0_.id as id1_4_, user0_.email as email2_4_, user0_.password as password3_4_ from users user0_ where upper(user0_.email)=upper(?)
?[0m?[0;34mHibernate: call next value for hibernate_sequence
?[0m?[0;34mHibernate: insert into quizzes_completed (completed_at, quiz, user, id) values (?, ?, ?, ?)
?[1;31m
Start test 40?[0m
?[0m?[0;34mHibernate: select user0_.id as id1_4_, user0_.email as email2_4_, user0_.password as password3_4_ from users user0_ where upper(user0_.email)=upper(?)
?[0m?[0;34mHibernate: select quiz0_.id as id1_2_0_, quiz0_.text as text2_2_0_, quiz0_.title as title3_2_0_, quiz0_.user as user4_2_0_, user1_.id as id1_4_1_, user1_.email as email2_4_1_, user1_.password as password3_4_1_ from quizzes quiz0_ left outer join users user1_ on quiz0_.user=user1_.id where quiz0_.id=?
?[0m?[0;34mHibernate: select answers0_.quiz_id as quiz_id1_0_0_, answers0_.answer as answer2_0_0_ from quiz_answers answers0_ where answers0_.quiz_id=?
?[1;31m
Start test 41?[0m
?[0m?[0;34mHibernate: select user0_.id as id1_4_, user0_.email as email2_4_, user0_.password as password3_4_ from users user0_ where upper(user0_.email)=upper(?)
?[0m?[0;34mHibernate: select quiz0_.id as id1_2_0_, quiz0_.text as text2_2_0_, quiz0_.title as title3_2_0_, quiz0_.user as user4_2_0_, user1_.id as id1_4_1_, user1_.email as email2_4_1_, user1_.password as password3_4_1_ from quizzes quiz0_ left outer join users user1_ on quiz0_.user=user1_.id where quiz0_.id=?
?[0m?[0;34mHibernate: select answers0_.quiz_id as quiz_id1_0_0_, answers0_.answer as answer2_0_0_ from quiz_answers answers0_ where answers0_.quiz_id=?
?[1;31m
Start test 42?[0m
?[0m?[0;34mHibernate: select user0_.id as id1_4_, user0_.email as email2_4_, user0_.password as password3_4_ from users user0_ where upper(user0_.email)=upper(?)
?[0m?[0;34mHibernate: select user0_.id as id1_4_, user0_.email as email2_4_, user0_.password as password3_4_ from users user0_ where upper(user0_.email)=upper(?)
?[0m?[0;34mHibernate: select quizcomple0_.quiz as col_0_0_, quizcomple0_.completed_at as col_1_0_ from quizzes_completed quizcomple0_ where quizcomple0_.user=? order by quizcomple0_.completed_at DESC limit ?
?[1;31m
Start test 43?[0m
?[0m?[0;34mHibernate: select user0_.id as id1_4_, user0_.email as email2_4_, user0_.password as password3_4_ from users user0_ where upper(user0_.email)=upper(?)
?[0m?[0;34mHibernate: select user0_.id as id1_4_, user0_.email as email2_4_, user0_.password as password3_4_ from users user0_ where upper(user0_.email)=upper(?)
?[0m?[0;34mHibernate: select quizcomple0_.quiz as col_0_0_, quizcomple0_.completed_at as col_1_0_ from quizzes_completed quizcomple0_ where quizcomple0_.user=? order by quizcomple0_.completed_at DESC limit ?
?[1;31m
Start test 44?[0m
?[0m?[0;34mHibernate: select user0_.id as id1_4_, user0_.email as email2_4_, user0_.password as password3_4_ from users user0_ where upper(user0_.email)=upper(?)
?[0m?[0;34mHibernate: select quiz0_.id as id1_2_, quiz0_.text as text2_2_, quiz0_.title as title3_2_, quiz0_.user as user4_2_ from quizzes quiz0_ limit ?
?[0m?[0;34mHibernate: select user0_.id as id1_4_0_, user0_.email as email2_4_0_, user0_.password as password3_4_0_ from users user0_ where user0_.id=?
?[0m?[0;34mHibernate: select user0_.id as id1_4_0_, user0_.email as email2_4_0_, user0_.password as password3_4_0_ from users user0_ where user0_.id=?
?[0m?[0;34mHibernate: select options0_.quiz_id as quiz_id1_1_0_, options0_.options as options2_1_0_ from quiz_options options0_ where options0_.quiz_id=?
?[0m?[0;34mHibernate: select options0_.quiz_id as quiz_id1_1_0_, options0_.options as options2_1_0_ from quiz_options options0_ where options0_.quiz_id=?
?[1;31m
Start test 45?[0m
?[0m?[0;34mHibernate: select user0_.id as id1_4_, user0_.email as email2_4_, user0_.password as password3_4_ from users user0_ where upper(user0_.email)=upper(?)
?[0m?[0;34mHibernate: select quiz0_.id as id1_2_, quiz0_.text as text2_2_, quiz0_.title as title3_2_, quiz0_.user as user4_2_ from quizzes quiz0_ limit ?
?[0m?[0;34mHibernate: select user0_.id as id1_4_0_, user0_.email as email2_4_0_, user0_.password as password3_4_0_ from users user0_ where user0_.id=?
?[0m?[0;34mHibernate: select user0_.id as id1_4_0_, user0_.email as email2_4_0_, user0_.password as password3_4_0_ from users user0_ where user0_.id=?
?[0m?[0;34mHibernate: select options0_.quiz_id as quiz_id1_1_0_, options0_.options as options2_1_0_ from quiz_options options0_ where options0_.quiz_id=?
?[0m?[0;34mHibernate: select options0_.quiz_id as quiz_id1_1_0_, options0_.options as options2_1_0_ from quiz_options options0_ where options0_.quiz_id=?
?[1;31m
Start test 46?[0m
?[0;34m2023-09-21 20:55:21.989  INFO 6108 --- [       Thread-5] j.LocalContainerEntityManagerFactoryBean : Closing JPA EntityManagerFactory for persistence unit 'default'
?[0m?[0;34m2023-09-21 20:55:21.993  INFO 6108 --- [       Thread-5] com.zaxxer.hikari.HikariDataSource       : HikariPool-1 - Shutdown initiated...
?[0m?[0;34m2023-09-21 20:55:22.022  INFO 6108 --- [       Thread-5] com.zaxxer.hikari.HikariDataSource       : HikariPool-1 - Shutdown completed.
?[0;34m
?[0m?[0;34m  .   ____          _            __ _ _
?[0m?[0;34m /\\ / ___'_ __ _ _(_)_ __  __ _ \ \ \ \
?[0m?[0;34m( ( )\___ | '_ | '_| | '_ \/ _` | \ \ \ \
?[0m?[0;34m \\/  ___)| |_)| | | | | || (_| |  ) ) ) )
?[0m?[0;34m  '  |____| .__|_| |_|_| |_\__, | / / / /
?[0m?[0;34m =========|_|==============|___/=/_/_/_/
?[0m?[0;34m :: Spring Boot ::                (v2.5.6)
?[0m?[0;34m
?[0m?[0;34m2023-09-21 20:55:32.560  INFO 6108 --- [    Test worker] engine.WebQuizEngine                     : Starting WebQuizEngine using Java 17.0.5 on HP-Indy with PID 6108 (started by indyr in C:\Users\indyr\IdeaProjects\Web Quiz Engine (Java)\Web Quiz Engine (Java)\task)
?[0m?[0;34m2023-09-21 20:55:32.560  INFO 6108 --- [    Test worker] engine.WebQuizEngine                     : No active profile set, falling back to default profiles: default
?[0m?[0;34m2023-09-21 20:55:33.207  INFO 6108 --- [    Test worker] .s.d.r.c.RepositoryConfigurationDelegate : Bootstrapping Spring Data JPA repositories in DEFAULT mode.
?[0m?[0;34m2023-09-21 20:55:33.236  INFO 6108 --- [    Test worker] .s.d.r.c.RepositoryConfigurationDelegate : Finished Spring Data repository scanning in 28 ms. Found 3 JPA repository interfaces.
?[0m?[0;34m2023-09-21 20:55:33.451  INFO 6108 --- [    Test worker] o.s.b.w.embedded.tomcat.TomcatWebServer  : Tomcat initialized with port(s): 8889 (http)
?[0m?[0;34m2023-09-21 20:55:33.452  INFO 6108 --- [    Test worker] o.apache.catalina.core.StandardService   : Starting service [Tomcat]
?[0m?[0;34m2023-09-21 20:55:33.453  INFO 6108 --- [    Test worker] org.apache.catalina.core.StandardEngine  : Starting Servlet engine: [Apache Tomcat/9.0.54]
?[0m?[0;34m2023-09-21 20:55:33.513  INFO 6108 --- [    Test worker] o.a.c.c.C.[Tomcat].[localhost].[/]       : Initializing Spring embedded WebApplicationContext
?[0m?[0;34m2023-09-21 20:55:33.514  INFO 6108 --- [    Test worker] w.s.c.ServletWebServerApplicationContext : Root WebApplicationContext: initialization completed in 948 ms
?[0m?[0;34m2023-09-21 20:55:33.597  INFO 6108 --- [    Test worker] com.zaxxer.hikari.HikariDataSource       : HikariPool-2 - Starting...
?[0m?[0;34m2023-09-21 20:55:33.617  INFO 6108 --- [    Test worker] com.zaxxer.hikari.HikariDataSource       : HikariPool-2 - Start completed.
?[0m?[0;34m2023-09-21 20:55:33.618  INFO 6108 --- [    Test worker] o.s.b.a.h2.H2ConsoleAutoConfiguration    : H2 console available at '/h2'. Database available at 'jdbc:h2:file:../quizdb'
?[0m?[0;34m2023-09-21 20:55:33.720  INFO 6108 --- [    Test worker] o.hibernate.jpa.internal.util.LogHelper  : HHH000204: Processing PersistenceUnitInfo [name: default]
?[0m?[0;34m2023-09-21 20:55:33.736  INFO 6108 --- [    Test worker] org.hibernate.dialect.Dialect            : HHH000400: Using dialect: org.hibernate.dialect.H2Dialect
?[0m?[0;34m2023-09-21 20:55:34.020  INFO 6108 --- [    Test worker] o.h.e.t.j.p.i.JtaPlatformInitiator       : HHH000490: Using JtaPlatform implementation: [org.hibernate.engine.transaction.jta.platform.internal.NoJtaPlatform]
?[0m?[0;34m2023-09-21 20:55:34.021  INFO 6108 --- [    Test worker] j.LocalContainerEntityManagerFactoryBean : Initialized JPA EntityManagerFactory for persistence unit 'default'
?[0m?[0;34m2023-09-21 20:55:34.336  INFO 6108 --- [    Test worker] o.s.s.web.DefaultSecurityFilterChain     : Will secure any request with [org.springframework.security.web.context.request.async.WebAsyncManagerIntegrationFilter@16750a5e, org.springframework.security.web.context.SecurityContextPersistenceFilter@48611ad4, org.springframework.security.web.header.HeaderWriterFilter@53115ee0, org.springframework.security.web.authentication.logout.LogoutFilter@1967c032, org.springframework.security.web.authentication.www.BasicAuthenticationFilter@7a6ade2c, org.springframework.security.web.savedrequest.RequestCacheAwareFilter@4434eb51, org.springframework.security.web.servletapi.SecurityContextHolderAwareRequestFilter@1d0b4b69, org.springframework.security.web.authentication.AnonymousAuthenticationFilter@436867c3, org.springframework.security.web.session.SessionManagementFilter@6314e967, org.springframework.security.web.access.ExceptionTranslationFilter@fd07138, org.springframework.security.web.access.intercept.FilterSecurityInterceptor@56a34c0e]
?[0m?[0;34m2023-09-21 20:55:34.401  WARN 6108 --- [    Test worker] JpaBaseConfiguration$JpaWebConfiguration : spring.jpa.open-in-view is enabled by default. Therefore, database queries may be performed during view rendering. Explicitly configure spring.jpa.open-in-view to disable this warning
?[0m?[0;34m2023-09-21 20:55:34.793  INFO 6108 --- [    Test worker] o.s.b.a.e.web.EndpointLinksResolver      : Exposing 14 endpoint(s) beneath base path '/actuator'
?[0m?[0;34m2023-09-21 20:55:34.830  INFO 6108 --- [    Test worker] o.s.b.w.embedded.tomcat.TomcatWebServer  : Tomcat started on port(s): 8889 (http) with context path ''
?[0m?[0;34m2023-09-21 20:55:34.849  INFO 6108 --- [    Test worker] engine.WebQuizEngine                     : Started WebQuizEngine in 2.334 seconds (JVM running for 37.777)
?[0m?[1;31m
Start test 47?[0m
?[0;34m2023-09-21 20:55:34.868  INFO 6108 --- [nio-8889-exec-1] o.a.c.c.C.[Tomcat].[localhost].[/]       : Initializing Spring DispatcherServlet 'dispatcherServlet'
?[0m?[0;34m2023-09-21 20:55:34.868  INFO 6108 --- [nio-8889-exec-1] o.s.web.servlet.DispatcherServlet        : Initializing Servlet 'dispatcherServlet'
?[0m?[0;34m2023-09-21 20:55:34.874  INFO 6108 --- [nio-8889-exec-1] o.s.web.servlet.DispatcherServlet        : Completed initialization in 5 ms
?[0m?[0;34mHibernate: select user0_.id as id1_4_, user0_.email as email2_4_, user0_.password as password3_4_ from users user0_ where upper(user0_.email)=upper(?)
?[0m?[0;34mHibernate: select quiz0_.id as id1_2_, quiz0_.text as text2_2_, quiz0_.title as title3_2_, quiz0_.user as user4_2_ from quizzes quiz0_ limit ?
?[0m?[0;34mHibernate: select user0_.id as id1_4_0_, user0_.email as email2_4_0_, user0_.password as password3_4_0_ from users user0_ where user0_.id=?
?[0m?[0;34mHibernate: select user0_.id as id1_4_0_, user0_.email as email2_4_0_, user0_.password as password3_4_0_ from users user0_ where user0_.id=?
?[0m?[0;34mHibernate: select options0_.quiz_id as quiz_id1_1_0_, options0_.options as options2_1_0_ from quiz_options options0_ where options0_.quiz_id=?
?[0m?[0;34mHibernate: select options0_.quiz_id as quiz_id1_1_0_, options0_.options as options2_1_0_ from quiz_options options0_ where options0_.quiz_id=?
?[1;31m
Start test 48?[0m
?[0;34mHibernate: select user0_.id as id1_4_, user0_.email as email2_4_, user0_.password as password3_4_ from users user0_ where upper(user0_.email)=upper(?)
?[0m?[0;34mHibernate: select quiz0_.id as id1_2_, quiz0_.text as text2_2_, quiz0_.title as title3_2_, quiz0_.user as user4_2_ from quizzes quiz0_ limit ?
?[0m?[0;34mHibernate: select user0_.id as id1_4_0_, user0_.email as email2_4_0_, user0_.password as password3_4_0_ from users user0_ where user0_.id=?
?[0m?[0;34mHibernate: select user0_.id as id1_4_0_, user0_.email as email2_4_0_, user0_.password as password3_4_0_ from users user0_ where user0_.id=?
?[0m?[0;34mHibernate: select options0_.quiz_id as quiz_id1_1_0_, options0_.options as options2_1_0_ from quiz_options options0_ where options0_.quiz_id=?
?[0m?[0;34mHibernate: select options0_.quiz_id as quiz_id1_1_0_, options0_.options as options2_1_0_ from quiz_options options0_ where options0_.quiz_id=?
?[1;31m
Start test 49?[0m
?[0;34mHibernate: select user0_.id as id1_4_, user0_.email as email2_4_, user0_.password as password3_4_ from users user0_ where upper(user0_.email)=upper(?)
?[0m?[0;34mHibernate: select quiz0_.id as id1_2_0_, quiz0_.text as text2_2_0_, quiz0_.title as title3_2_0_, quiz0_.user as user4_2_0_, user1_.id as id1_4_1_, user1_.email as email2_4_1_, user1_.password as password3_4_1_ from quizzes quiz0_ left outer join users user1_ on quiz0_.user=user1_.id where quiz0_.id=?
?[0m?[0;34mHibernate: select answers0_.quiz_id as quiz_id1_0_0_, answers0_.answer as answer2_0_0_ from quiz_answers answers0_ where answers0_.quiz_id=?
?[0m?[0;34mHibernate: select user0_.id as id1_4_, user0_.email as email2_4_, user0_.password as password3_4_ from users user0_ where upper(user0_.email)=upper(?)
?[0m?[0;34mHibernate: call next value for hibernate_sequence
?[0m?[0;34mHibernate: insert into quizzes_completed (completed_at, quiz, user, id) values (?, ?, ?, ?)
?[1;31m
Start test 50?[0m
?[0;34mHibernate: select user0_.id as id1_4_, user0_.email as email2_4_, user0_.password as password3_4_ from users user0_ where upper(user0_.email)=upper(?)
?[0m?[0;34mHibernate: select quiz0_.id as id1_2_0_, quiz0_.text as text2_2_0_, quiz0_.title as title3_2_0_, quiz0_.user as user4_2_0_, user1_.id as id1_4_1_, user1_.email as email2_4_1_, user1_.password as password3_4_1_ from quizzes quiz0_ left outer join users user1_ on quiz0_.user=user1_.id where quiz0_.id=?
?[0m?[0;34mHibernate: select answers0_.quiz_id as quiz_id1_0_0_, answers0_.answer as answer2_0_0_ from quiz_answers answers0_ where answers0_.quiz_id=?
?[1;31m
Start test 51?[0m
?[0;34mHibernate: select user0_.id as id1_4_, user0_.email as email2_4_, user0_.password as password3_4_ from users user0_ where upper(user0_.email)=upper(?)
?[0m?[0;34mHibernate: select quiz0_.id as id1_2_0_, quiz0_.text as text2_2_0_, quiz0_.title as title3_2_0_, quiz0_.user as user4_2_0_, user1_.id as id1_4_1_, user1_.email as email2_4_1_, user1_.password as password3_4_1_ from quizzes quiz0_ left outer join users user1_ on quiz0_.user=user1_.id where quiz0_.id=?
?[0m?[0;34mHibernate: select answers0_.quiz_id as quiz_id1_0_0_, answers0_.answer as answer2_0_0_ from quiz_answers answers0_ where answers0_.quiz_id=?
?[1;31m
Start test 52?[0m
?[0;34mHibernate: select user0_.id as id1_4_, user0_.email as email2_4_, user0_.password as password3_4_ from users user0_ where upper(user0_.email)=upper(?)
?[0m?[0;34mHibernate: select quiz0_.id as id1_2_0_, quiz0_.text as text2_2_0_, quiz0_.title as title3_2_0_, quiz0_.user as user4_2_0_, user1_.id as id1_4_1_, user1_.email as email2_4_1_, user1_.password as password3_4_1_ from quizzes quiz0_ left outer join users user1_ on quiz0_.user=user1_.id where quiz0_.id=?
?[0m?[0;34mHibernate: select answers0_.quiz_id as quiz_id1_0_0_, answers0_.answer as answer2_0_0_ from quiz_answers answers0_ where answers0_.quiz_id=?
?[0m?[0;34mHibernate: select user0_.id as id1_4_, user0_.email as email2_4_, user0_.password as password3_4_ from users user0_ where upper(user0_.email)=upper(?)
?[0m?[0;34mHibernate: call next value for hibernate_sequence
?[0m?[0;34mHibernate: insert into quizzes_completed (completed_at, quiz, user, id) values (?, ?, ?, ?)
?[1;31m
Start test 53?[0m
?[0;34mHibernate: select user0_.id as id1_4_, user0_.email as email2_4_, user0_.password as password3_4_ from users user0_ where upper(user0_.email)=upper(?)
?[0m?[0;34mHibernate: select user0_.id as id1_4_, user0_.email as email2_4_, user0_.password as password3_4_ from users user0_ where upper(user0_.email)=upper(?)
?[0m?[0;34mHibernate: select quizcomple0_.quiz as col_0_0_, quizcomple0_.completed_at as col_1_0_ from quizzes_completed quizcomple0_ where quizcomple0_.user=? order by quizcomple0_.completed_at DESC limit ?
?[1;31m
Start test 54?[0m
?[0;34mHibernate: select user0_.id as id1_4_, user0_.email as email2_4_, user0_.password as password3_4_ from users user0_ where upper(user0_.email)=upper(?)
?[0m?[0;34mHibernate: select user0_.id as id1_4_, user0_.email as email2_4_, user0_.password as password3_4_ from users user0_ where upper(user0_.email)=upper(?)
?[0m?[0;34mHibernate: select quizcomple0_.quiz as col_0_0_, quizcomple0_.completed_at as col_1_0_ from quizzes_completed quizcomple0_ where quizcomple0_.user=? order by quizcomple0_.completed_at DESC limit ?
?[1;31m
Start test 55?[0m
?[0;34mHibernate: select user0_.id as id1_4_, user0_.email as email2_4_, user0_.password as password3_4_ from users user0_ where upper(user0_.email)=upper(?)
?[0m?[0;34mHibernate: select user0_.id as id1_4_, user0_.email as email2_4_, user0_.password as password3_4_ from users user0_ where upper(user0_.email)=upper(?)
?[0m?[0;34mHibernate: select quizcomple0_.quiz as col_0_0_, quizcomple0_.completed_at as col_1_0_ from quizzes_completed quizcomple0_ where quizcomple0_.user=? order by quizcomple0_.completed_at DESC limit ?
?[1;31m
Start test 56?[0m
?[0;34mHibernate: select user0_.id as id1_4_, user0_.email as email2_4_, user0_.password as password3_4_ from users user0_ where upper(user0_.email)=upper(?)
?[0m?[0;34mHibernate: select user0_.id as id1_4_, user0_.email as email2_4_, user0_.password as password3_4_ from users user0_ where upper(user0_.email)=upper(?)
?[0m?[0;34mHibernate: select quizcomple0_.quiz as col_0_0_, quizcomple0_.completed_at as col_1_0_ from quizzes_completed quizcomple0_ where quizcomple0_.user=? order by quizcomple0_.completed_at DESC limit ?
?[1;31m
Start test 57?[0m
?[0m?[0;34mHibernate: select user0_.id as id1_4_, user0_.email as email2_4_, user0_.password as password3_4_ from users user0_ where upper(user0_.email)=upper(?)
?[0m?[0;34m2023-09-21 20:55:37.144  WARN 6108 --- [nio-8889-exec-1] .w.s.m.s.DefaultHandlerExceptionResolver : Resolved [org.springframework.http.converter.HttpMessageNotReadableException: JSON parse error: Unexpected character ('"' (code 34)): was expecting comma to separate Object entries; nested exception is com.fasterxml.jackson.core.JsonParseException: Unexpected character ('"' (code 34)): was expecting comma to separate Object entries<LF> at [Source: (PushbackInputStream); line: 4, column: 4]]
?[1;31m
Start test 58?[0m
?[0m?[0;34mHibernate: select user0_.id as id1_4_, user0_.email as email2_4_, user0_.password as password3_4_ from users user0_ where upper(user0_.email)=upper(?)
?[0m?[0;34m2023-09-21 20:55:37.449  WARN 6108 --- [nio-8889-exec-2] .w.s.m.s.DefaultHandlerExceptionResolver : Resolved [org.springframework.http.converter.HttpMessageNotReadableException: JSON parse error: Unexpected character ('"' (code 34)): was expecting comma to separate Object entries; nested exception is com.fasterxml.jackson.core.JsonParseException: Unexpected character ('"' (code 34)): was expecting comma to separate Object entries<LF> at [Source: (PushbackInputStream); line: 5, column: 4]]
?[1;31m
Start test 59?[0m
?[0m?[0;34mHibernate: select user0_.id as id1_4_, user0_.email as email2_4_, user0_.password as password3_4_ from users user0_ where upper(user0_.email)=upper(?)
?[0m?[0;34m2023-09-21 20:55:37.868  WARN 6108 --- [nio-8889-exec-3] .w.s.m.s.DefaultHandlerExceptionResolver : Resolved [org.springframework.http.converter.HttpMessageNotReadableException: JSON parse error: Unexpected character ('"' (code 34)): was expecting comma to separate Object entries; nested exception is com.fasterxml.jackson.core.JsonParseException: Unexpected character ('"' (code 34)): was expecting comma to separate Object entries<LF> at [Source: (PushbackInputStream); line: 4, column: 4]]
?[1;31m
Start test 60?[0m
?[0m?[0;34mHibernate: select user0_.id as id1_4_, user0_.email as email2_4_, user0_.password as password3_4_ from users user0_ where upper(user0_.email)=upper(?)
?[0m?[0;34m2023-09-21 20:55:38.092  WARN 6108 --- [nio-8889-exec-4] .w.s.m.s.DefaultHandlerExceptionResolver : Resolved [org.springframework.http.converter.HttpMessageNotReadableException: JSON parse error: Unexpected character ('"' (code 34)): was expecting comma to separate Object entries; nested exception is com.fasterxml.jackson.core.JsonParseException: Unexpected character ('"' (code 34)): was expecting comma to separate Object entries<LF> at [Source: (PushbackInputStream); line: 5, column: 4]]
?[1;31m
Start test 61?[0m
?[0m?[0;34mHibernate: select user0_.id as id1_4_, user0_.email as email2_4_, user0_.password as password3_4_ from users user0_ where upper(user0_.email)=upper(?)
?[0m?[0;34m2023-09-21 20:55:38.428  WARN 6108 --- [nio-8889-exec-5] .w.s.m.s.DefaultHandlerExceptionResolver : Resolved [org.springframework.web.bind.MethodArgumentNotValidException: Validation failed for argument [0] in public org.springframework.http.ResponseEntity<engine.DTO.Responses.QuizResponse> engine.Controllers.QuizController.postQuiz(engine.DTO.Requests.PostQuizRequest): [Field error in object 'postQuizRequest' on field 'options': rejected value [null]; codes [NotNull.postQuizRequest.options,NotNull.options,NotNull.java.util.List,NotNull]; arguments [org.springframework.context.support.DefaultMessageSourceResolvable: codes [postQuizRequest.options,options]; arguments []; default message [options]]; default message [must not be null]] ]
?[1;31m
Start test 62?[0m
?[0m?[0;34mHibernate: select user0_.id as id1_4_, user0_.email as email2_4_, user0_.password as password3_4_ from users user0_ where upper(user0_.email)=upper(?)
?[0m?[0;34m2023-09-21 20:55:38.696  WARN 6108 --- [nio-8889-exec-8] .w.s.m.s.DefaultHandlerExceptionResolver : Resolved [org.springframework.http.converter.HttpMessageNotReadableException: JSON parse error: Unexpected character ('"' (code 34)): was expecting comma to separate Object entries; nested exception is com.fasterxml.jackson.core.JsonParseException: Unexpected character ('"' (code 34)): was expecting comma to separate Object entries<LF> at [Source: (PushbackInputStream); line: 5, column: 4]]
?[1;31m
Start test 63?[0m
?[0m?[0;34mHibernate: select user0_.id as id1_4_, user0_.email as email2_4_, user0_.password as password3_4_ from users user0_ where upper(user0_.email)=upper(?)
?[0m?[0;34m2023-09-21 20:55:38.961  WARN 6108 --- [nio-8889-exec-7] .w.s.m.s.DefaultHandlerExceptionResolver : Resolved [org.springframework.http.converter.HttpMessageNotReadableException: JSON parse error: Unexpected character ('"' (code 34)): was expecting comma to separate Object entries; nested exception is com.fasterxml.jackson.core.JsonParseException: Unexpected character ('"' (code 34)): was expecting comma to separate Object entries<LF> at [Source: (PushbackInputStream); line: 5, column: 4]]
?[1;31m
Start test 64?[0m
?[0m?[0;34mHibernate: select user0_.id as id1_4_, user0_.email as email2_4_, user0_.password as password3_4_ from users user0_ where upper(user0_.email)=upper(?)
?[0m?[0;34mHibernate: select user0_.id as id1_4_, user0_.email as email2_4_, user0_.password as password3_4_ from users user0_ where upper(user0_.email)=upper(?)
?[0m?[0;34mHibernate: call next value for hibernate_sequence
?[0m?[0;34mHibernate: insert into quizzes (text, title, user, id) values (?, ?, ?, ?)
?[0m?[0;34mHibernate: insert into quiz_answers (quiz_id, answer) values (?, ?)
?[0m?[0;34mHibernate: insert into quiz_answers (quiz_id, answer) values (?, ?)
?[0m?[0;34mHibernate: insert into quiz_options (quiz_id, options) values (?, ?)
?[0m?[0;34mHibernate: insert into quiz_options (quiz_id, options) values (?, ?)
?[0m?[0;34mHibernate: insert into quiz_options (quiz_id, options) values (?, ?)
?[0m?[0;34mHibernate: insert into quiz_options (quiz_id, options) values (?, ?)
?[1;31m
Start test 65?[0m
?[0m?[0;34mHibernate: select user0_.id as id1_4_, user0_.email as email2_4_, user0_.password as password3_4_ from users user0_ where upper(user0_.email)=upper(?)
?[0m?[0;34mHibernate: select quiz0_.id as id1_2_0_, quiz0_.text as text2_2_0_, quiz0_.title as title3_2_0_, quiz0_.user as user4_2_0_, user1_.id as id1_4_1_, user1_.email as email2_4_1_, user1_.password as password3_4_1_ from quizzes quiz0_ left outer join users user1_ on quiz0_.user=user1_.id where quiz0_.id=?
?[0m?[0;34mHibernate: select options0_.quiz_id as quiz_id1_1_0_, options0_.options as options2_1_0_ from quiz_options options0_ where options0_.quiz_id=?
?[1;31m
Start test 66?[0m
?[0m?[0;34mHibernate: select user0_.id as id1_4_, user0_.email as email2_4_, user0_.password as password3_4_ from users user0_ where upper(user0_.email)=upper(?)
?[0m?[0;34mHibernate: select quiz0_.id as id1_2_0_, quiz0_.text as text2_2_0_, quiz0_.title as title3_2_0_, quiz0_.user as user4_2_0_, user1_.id as id1_4_1_, user1_.email as email2_4_1_, user1_.password as password3_4_1_ from quizzes quiz0_ left outer join users user1_ on quiz0_.user=user1_.id where quiz0_.id=?
?[1;31m
Start test 67?[0m
?[0m?[0;34mHibernate: select user0_.id as id1_4_, user0_.email as email2_4_, user0_.password as password3_4_ from users user0_ where upper(user0_.email)=upper(?)
?[0m?[0;34mHibernate: select quiz0_.id as id1_2_0_, quiz0_.text as text2_2_0_, quiz0_.title as title3_2_0_, quiz0_.user as user4_2_0_, user1_.id as id1_4_1_, user1_.email as email2_4_1_, user1_.password as password3_4_1_ from quizzes quiz0_ left outer join users user1_ on quiz0_.user=user1_.id where quiz0_.id=?
?[0m?[0;34mHibernate: select answers0_.quiz_id as quiz_id1_0_0_, answers0_.answer as answer2_0_0_ from quiz_answers answers0_ where answers0_.quiz_id=?
?[1;31m
Start test 68?[0m
?[0m?[0;34mHibernate: select user0_.id as id1_4_, user0_.email as email2_4_, user0_.password as password3_4_ from users user0_ where upper(user0_.email)=upper(?)
?[0m?[0;34mHibernate: select quiz0_.id as id1_2_0_, quiz0_.text as text2_2_0_, quiz0_.title as title3_2_0_, quiz0_.user as user4_2_0_, user1_.id as id1_4_1_, user1_.email as email2_4_1_, user1_.password as password3_4_1_ from quizzes quiz0_ left outer join users user1_ on quiz0_.user=user1_.id where quiz0_.id=?
?[0m?[0;34mHibernate: select answers0_.quiz_id as quiz_id1_0_0_, answers0_.answer as answer2_0_0_ from quiz_answers answers0_ where answers0_.quiz_id=?
?[1;31m
Start test 69?[0m
?[0m?[0;34mHibernate: select user0_.id as id1_4_, user0_.email as email2_4_, user0_.password as password3_4_ from users user0_ where upper(user0_.email)=upper(?)
?[0m?[0;34mHibernate: select quiz0_.id as id1_2_0_, quiz0_.text as text2_2_0_, quiz0_.title as title3_2_0_, quiz0_.user as user4_2_0_, user1_.id as id1_4_1_, user1_.email as email2_4_1_, user1_.password as password3_4_1_ from quizzes quiz0_ left outer join users user1_ on quiz0_.user=user1_.id where quiz0_.id=?
?[0m?[0;34mHibernate: select answers0_.quiz_id as quiz_id1_0_0_, answers0_.answer as answer2_0_0_ from quiz_answers answers0_ where answers0_.quiz_id=?
?[1;31m
Start test 70?[0m
?[0m?[0;34mHibernate: select user0_.id as id1_4_, user0_.email as email2_4_, user0_.password as password3_4_ from users user0_ where upper(user0_.email)=upper(?)
?[0m?[0;34mHibernate: select quiz0_.id as id1_2_0_, quiz0_.text as text2_2_0_, quiz0_.title as title3_2_0_, quiz0_.user as user4_2_0_, user1_.id as id1_4_1_, user1_.email as email2_4_1_, user1_.password as password3_4_1_ from quizzes quiz0_ left outer join users user1_ on quiz0_.user=user1_.id where quiz0_.id=?
?[0m?[0;34mHibernate: select answers0_.quiz_id as quiz_id1_0_0_, answers0_.answer as answer2_0_0_ from quiz_answers answers0_ where answers0_.quiz_id=?
?[1;31m
Start test 71?[0m
?[0;34mHibernate: select user0_.id as id1_4_, user0_.email as email2_4_, user0_.password as password3_4_ from users user0_ where upper(user0_.email)=upper(?)
?[0m?[0;34mHibernate: select quiz0_.id as id1_2_0_, quiz0_.text as text2_2_0_, quiz0_.title as title3_2_0_, quiz0_.user as user4_2_0_, user1_.id as id1_4_1_, user1_.email as email2_4_1_, user1_.password as password3_4_1_ from quizzes quiz0_ left outer join users user1_ on quiz0_.user=user1_.id where quiz0_.id=?
?[0m?[0;34mHibernate: select answers0_.quiz_id as quiz_id1_0_0_, answers0_.answer as answer2_0_0_ from quiz_answers answers0_ where answers0_.quiz_id=?
?[1;31m
Start test 72?[0m
?[0m?[0;34mHibernate: select user0_.id as id1_4_, user0_.email as email2_4_, user0_.password as password3_4_ from users user0_ where upper(user0_.email)=upper(?)
?[0m?[0;34mHibernate: select quiz0_.id as id1_2_0_, quiz0_.text as text2_2_0_, quiz0_.title as title3_2_0_, quiz0_.user as user4_2_0_, user1_.id as id1_4_1_, user1_.email as email2_4_1_, user1_.password as password3_4_1_ from quizzes quiz0_ left outer join users user1_ on quiz0_.user=user1_.id where quiz0_.id=?
?[0m?[0;34mHibernate: select answers0_.quiz_id as quiz_id1_0_0_, answers0_.answer as answer2_0_0_ from quiz_answers answers0_ where answers0_.quiz_id=?
?[0m?[0;34mHibernate: select user0_.id as id1_4_, user0_.email as email2_4_, user0_.password as password3_4_ from users user0_ where upper(user0_.email)=upper(?)
?[0m?[0;34mHibernate: call next value for hibernate_sequence
?[0m?[0;34mHibernate: insert into quizzes_completed (completed_at, quiz, user, id) values (?, ?, ?, ?)
?[1;31m
Start test 73?[0m
?[0m?[0;34mHibernate: select user0_.id as id1_4_, user0_.email as email2_4_, user0_.password as password3_4_ from users user0_ where upper(user0_.email)=upper(?)
?[0m?[0;34mHibernate: select quiz0_.id as id1_2_0_, quiz0_.text as text2_2_0_, quiz0_.title as title3_2_0_, quiz0_.user as user4_2_0_, user1_.id as id1_4_1_, user1_.email as email2_4_1_, user1_.password as password3_4_1_ from quizzes quiz0_ left outer join users user1_ on quiz0_.user=user1_.id where quiz0_.id=?
?[0m?[0;34mHibernate: select answers0_.quiz_id as quiz_id1_0_0_, answers0_.answer as answer2_0_0_ from quiz_answers answers0_ where answers0_.quiz_id=?
?[1;31m
Start test 74?[0m
?[0m?[0;34mHibernate: select user0_.id as id1_4_, user0_.email as email2_4_, user0_.password as password3_4_ from users user0_ where upper(user0_.email)=upper(?)
?[0m?[0;34mHibernate: select quiz0_.id as id1_2_0_, quiz0_.text as text2_2_0_, quiz0_.title as title3_2_0_, quiz0_.user as user4_2_0_, user1_.id as id1_4_1_, user1_.email as email2_4_1_, user1_.password as password3_4_1_ from quizzes quiz0_ left outer join users user1_ on quiz0_.user=user1_.id where quiz0_.id=?
?[0m?[0;34mHibernate: select answers0_.quiz_id as quiz_id1_0_0_, answers0_.answer as answer2_0_0_ from quiz_answers answers0_ where answers0_.quiz_id=?
?[1;31m
Start test 75?[0m
?[0m?[0;34mHibernate: select user0_.id as id1_4_, user0_.email as email2_4_, user0_.password as password3_4_ from users user0_ where upper(user0_.email)=upper(?)
?[0m?[0;34mHibernate: select quiz0_.id as id1_2_0_, quiz0_.text as text2_2_0_, quiz0_.title as title3_2_0_, quiz0_.user as user4_2_0_, user1_.id as id1_4_1_, user1_.email as email2_4_1_, user1_.password as password3_4_1_ from quizzes quiz0_ left outer join users user1_ on quiz0_.user=user1_.id where quiz0_.id=?
?[0m?[0;34mHibernate: select answers0_.quiz_id as quiz_id1_0_0_, answers0_.answer as answer2_0_0_ from quiz_answers answers0_ where answers0_.quiz_id=?
?[1;31m
Start test 76?[0m
?[0m?[0;34mHibernate: select user0_.id as id1_4_, user0_.email as email2_4_, user0_.password as password3_4_ from users user0_ where upper(user0_.email)=upper(?)
?[0m?[0;34mHibernate: select quiz0_.id as id1_2_0_, quiz0_.text as text2_2_0_, quiz0_.title as title3_2_0_, quiz0_.user as user4_2_0_, user1_.id as id1_4_1_, user1_.email as email2_4_1_, user1_.password as password3_4_1_ from quizzes quiz0_ left outer join users user1_ on quiz0_.user=user1_.id where quiz0_.id=?
?[0m?[0;34mHibernate: select answers0_.quiz_id as quiz_id1_0_0_, answers0_.answer as answer2_0_0_ from quiz_answers answers0_ where answers0_.quiz_id=?
?[1;31m
Start test 77?[0m
?[0m?[0;34mHibernate: select user0_.id as id1_4_, user0_.email as email2_4_, user0_.password as password3_4_ from users user0_ where upper(user0_.email)=upper(?)
?[0m?[0;34mHibernate: select quiz0_.id as id1_2_0_, quiz0_.text as text2_2_0_, quiz0_.title as title3_2_0_, quiz0_.user as user4_2_0_, user1_.id as id1_4_1_, user1_.email as email2_4_1_, user1_.password as password3_4_1_ from quizzes quiz0_ left outer join users user1_ on quiz0_.user=user1_.id where quiz0_.id=?
?[0m?[0;34mHibernate: select answers0_.quiz_id as quiz_id1_0_0_, answers0_.answer as answer2_0_0_ from quiz_answers answers0_ where answers0_.quiz_id=?
?[1;31m
Start test 78?[0m
?[0m?[0;34mHibernate: select user0_.id as id1_4_, user0_.email as email2_4_, user0_.password as password3_4_ from users user0_ where upper(user0_.email)=upper(?)
?[0m?[0;34mHibernate: select quiz0_.id as id1_2_0_, quiz0_.text as text2_2_0_, quiz0_.title as title3_2_0_, quiz0_.user as user4_2_0_, user1_.id as id1_4_1_, user1_.email as email2_4_1_, user1_.password as password3_4_1_ from quizzes quiz0_ left outer join users user1_ on quiz0_.user=user1_.id where quiz0_.id=?
?[0m?[0;34mHibernate: select answers0_.quiz_id as quiz_id1_0_0_, answers0_.answer as answer2_0_0_ from quiz_answers answers0_ where answers0_.quiz_id=?
?[1;31m
Start test 79?[0m
?[0m?[0;34mHibernate: select user0_.id as id1_4_, user0_.email as email2_4_, user0_.password as password3_4_ from users user0_ where upper(user0_.email)=upper(?)
?[0m?[0;34mHibernate: select quiz0_.id as id1_2_0_, quiz0_.text as text2_2_0_, quiz0_.title as title3_2_0_, quiz0_.user as user4_2_0_, user1_.id as id1_4_1_, user1_.email as email2_4_1_, user1_.password as password3_4_1_ from quizzes quiz0_ left outer join users user1_ on quiz0_.user=user1_.id where quiz0_.id=?
?[0m?[0;34mHibernate: select answers0_.quiz_id as quiz_id1_0_0_, answers0_.answer as answer2_0_0_ from quiz_answers answers0_ where answers0_.quiz_id=?
?[1;31m
Start test 80?[0m
?[0m?[0;34mHibernate: select user0_.id as id1_4_, user0_.email as email2_4_, user0_.password as password3_4_ from users user0_ where upper(user0_.email)=upper(?)
?[0m?[0;34mHibernate: select quiz0_.id as id1_2_0_, quiz0_.text as text2_2_0_, quiz0_.title as title3_2_0_, quiz0_.user as user4_2_0_, user1_.id as id1_4_1_, user1_.email as email2_4_1_, user1_.password as password3_4_1_ from quizzes quiz0_ left outer join users user1_ on quiz0_.user=user1_.id where quiz0_.id=?
?[0m?[0;34mHibernate: select answers0_.quiz_id as quiz_id1_0_0_, answers0_.answer as answer2_0_0_ from quiz_answers answers0_ where answers0_.quiz_id=?
?[1;31m
Start test 81?[0m
?[0m?[0;34mHibernate: select user0_.id as id1_4_, user0_.email as email2_4_, user0_.password as password3_4_ from users user0_ where upper(user0_.email)=upper(?)
?[0m?[0;34mHibernate: select quiz0_.id as id1_2_0_, quiz0_.text as text2_2_0_, quiz0_.title as title3_2_0_, quiz0_.user as user4_2_0_, user1_.id as id1_4_1_, user1_.email as email2_4_1_, user1_.password as password3_4_1_ from quizzes quiz0_ left outer join users user1_ on quiz0_.user=user1_.id where quiz0_.id=?
?[0m?[0;34mHibernate: select answers0_.quiz_id as quiz_id1_0_0_, answers0_.answer as answer2_0_0_ from quiz_answers answers0_ where answers0_.quiz_id=?
?[1;31m
Start test 82?[0m
?[0m?[0;34mHibernate: select user0_.id as id1_4_, user0_.email as email2_4_, user0_.password as password3_4_ from users user0_ where upper(user0_.email)=upper(?)
?[0m?[0;34mHibernate: select user0_.id as id1_4_, user0_.email as email2_4_, user0_.password as password3_4_ from users user0_ where upper(user0_.email)=upper(?)
?[0m?[0;34mHibernate: call next value for hibernate_sequence
?[0m?[0;34mHibernate: insert into quizzes (text, title, user, id) values (?, ?, ?, ?)
?[0m?[0;34mHibernate: insert into quiz_answers (quiz_id, answer) values (?, ?)
?[0m?[0;34mHibernate: insert into quiz_answers (quiz_id, answer) values (?, ?)
?[0m?[0;34mHibernate: insert into quiz_options (quiz_id, options) values (?, ?)
?[0m?[0;34mHibernate: insert into quiz_options (quiz_id, options) values (?, ?)
?[0m?[0;34mHibernate: insert into quiz_options (quiz_id, options) values (?, ?)
?[0m?[0;34mHibernate: insert into quiz_options (quiz_id, options) values (?, ?)
?[1;31m
Start test 83?[0m
?[0m?[0;34mHibernate: select user0_.id as id1_4_, user0_.email as email2_4_, user0_.password as password3_4_ from users user0_ where upper(user0_.email)=upper(?)
?[0m?[0;34mHibernate: select quiz0_.id as id1_2_0_, quiz0_.text as text2_2_0_, quiz0_.title as title3_2_0_, quiz0_.user as user4_2_0_, user1_.id as id1_4_1_, user1_.email as email2_4_1_, user1_.password as password3_4_1_ from quizzes quiz0_ left outer join users user1_ on quiz0_.user=user1_.id where quiz0_.id=?
?[0m?[0;34mHibernate: select options0_.quiz_id as quiz_id1_1_0_, options0_.options as options2_1_0_ from quiz_options options0_ where options0_.quiz_id=?
?[1;31m
Start test 84?[0m
?[0m?[0;34mHibernate: select user0_.id as id1_4_, user0_.email as email2_4_, user0_.password as password3_4_ from users user0_ where upper(user0_.email)=upper(?)
?[0m?[0;34mHibernate: select quiz0_.id as id1_2_0_, quiz0_.text as text2_2_0_, quiz0_.title as title3_2_0_, quiz0_.user as user4_2_0_, user1_.id as id1_4_1_, user1_.email as email2_4_1_, user1_.password as password3_4_1_ from quizzes quiz0_ left outer join users user1_ on quiz0_.user=user1_.id where quiz0_.id=?
?[1;31m
Start test 85?[0m
?[0m?[0;34mHibernate: select user0_.id as id1_4_, user0_.email as email2_4_, user0_.password as password3_4_ from users user0_ where upper(user0_.email)=upper(?)
?[0m?[0;34mHibernate: select quiz0_.id as id1_2_0_, quiz0_.text as text2_2_0_, quiz0_.title as title3_2_0_, quiz0_.user as user4_2_0_, user1_.id as id1_4_1_, user1_.email as email2_4_1_, user1_.password as password3_4_1_ from quizzes quiz0_ left outer join users user1_ on quiz0_.user=user1_.id where quiz0_.id=?
?[0m?[0;34mHibernate: select answers0_.quiz_id as quiz_id1_0_0_, answers0_.answer as answer2_0_0_ from quiz_answers answers0_ where answers0_.quiz_id=?
?[1;31m
Start test 86?[0m
?[0m?[0;34mHibernate: select user0_.id as id1_4_, user0_.email as email2_4_, user0_.password as password3_4_ from users user0_ where upper(user0_.email)=upper(?)
?[0m?[0;34mHibernate: select quiz0_.id as id1_2_0_, quiz0_.text as text2_2_0_, quiz0_.title as title3_2_0_, quiz0_.user as user4_2_0_, user1_.id as id1_4_1_, user1_.email as email2_4_1_, user1_.password as password3_4_1_ from quizzes quiz0_ left outer join users user1_ on quiz0_.user=user1_.id where quiz0_.id=?
?[0m?[0;34mHibernate: select answers0_.quiz_id as quiz_id1_0_0_, answers0_.answer as answer2_0_0_ from quiz_answers answers0_ where answers0_.quiz_id=?
?[1;31m
Start test 87?[0m
?[0m?[0;34mHibernate: select user0_.id as id1_4_, user0_.email as email2_4_, user0_.password as password3_4_ from users user0_ where upper(user0_.email)=upper(?)
?[0m?[0;34mHibernate: select quiz0_.id as id1_2_0_, quiz0_.text as text2_2_0_, quiz0_.title as title3_2_0_, quiz0_.user as user4_2_0_, user1_.id as id1_4_1_, user1_.email as email2_4_1_, user1_.password as password3_4_1_ from quizzes quiz0_ left outer join users user1_ on quiz0_.user=user1_.id where quiz0_.id=?
?[0m?[0;34mHibernate: select answers0_.quiz_id as quiz_id1_0_0_, answers0_.answer as answer2_0_0_ from quiz_answers answers0_ where answers0_.quiz_id=?
?[1;31m
Start test 88?[0m
?[0m?[0;34mHibernate: select user0_.id as id1_4_, user0_.email as email2_4_, user0_.password as password3_4_ from users user0_ where upper(user0_.email)=upper(?)
?[0m?[0;34mHibernate: select quiz0_.id as id1_2_0_, quiz0_.text as text2_2_0_, quiz0_.title as title3_2_0_, quiz0_.user as user4_2_0_, user1_.id as id1_4_1_, user1_.email as email2_4_1_, user1_.password as password3_4_1_ from quizzes quiz0_ left outer join users user1_ on quiz0_.user=user1_.id where quiz0_.id=?
?[0m?[0;34mHibernate: select answers0_.quiz_id as quiz_id1_0_0_, answers0_.answer as answer2_0_0_ from quiz_answers answers0_ where answers0_.quiz_id=?
?[1;31m
Start test 89?[0m
?[0m?[0;34mHibernate: select user0_.id as id1_4_, user0_.email as email2_4_, user0_.password as password3_4_ from users user0_ where upper(user0_.email)=upper(?)
?[0m?[0;34mHibernate: select quiz0_.id as id1_2_0_, quiz0_.text as text2_2_0_, quiz0_.title as title3_2_0_, quiz0_.user as user4_2_0_, user1_.id as id1_4_1_, user1_.email as email2_4_1_, user1_.password as password3_4_1_ from quizzes quiz0_ left outer join users user1_ on quiz0_.user=user1_.id where quiz0_.id=?
?[0m?[0;34mHibernate: select answers0_.quiz_id as quiz_id1_0_0_, answers0_.answer as answer2_0_0_ from quiz_answers answers0_ where answers0_.quiz_id=?
?[1;31m
Start test 90?[0m
?[0m?[0;34mHibernate: select user0_.id as id1_4_, user0_.email as email2_4_, user0_.password as password3_4_ from users user0_ where upper(user0_.email)=upper(?)
?[0m?[0;34mHibernate: select quiz0_.id as id1_2_0_, quiz0_.text as text2_2_0_, quiz0_.title as title3_2_0_, quiz0_.user as user4_2_0_, user1_.id as id1_4_1_, user1_.email as email2_4_1_, user1_.password as password3_4_1_ from quizzes quiz0_ left outer join users user1_ on quiz0_.user=user1_.id where quiz0_.id=?
?[0m?[0;34mHibernate: select answers0_.quiz_id as quiz_id1_0_0_, answers0_.answer as answer2_0_0_ from quiz_answers answers0_ where answers0_.quiz_id=?
?[1;31m
Start test 91?[0m
?[0m?[0;34mHibernate: select user0_.id as id1_4_, user0_.email as email2_4_, user0_.password as password3_4_ from users user0_ where upper(user0_.email)=upper(?)
?[0m?[0;34mHibernate: select quiz0_.id as id1_2_0_, quiz0_.text as text2_2_0_, quiz0_.title as title3_2_0_, quiz0_.user as user4_2_0_, user1_.id as id1_4_1_, user1_.email as email2_4_1_, user1_.password as password3_4_1_ from quizzes quiz0_ left outer join users user1_ on quiz0_.user=user1_.id where quiz0_.id=?
?[0m?[0;34mHibernate: select answers0_.quiz_id as quiz_id1_0_0_, answers0_.answer as answer2_0_0_ from quiz_answers answers0_ where answers0_.quiz_id=?
?[1;31m
Start test 92?[0m
?[0m?[0;34mHibernate: select user0_.id as id1_4_, user0_.email as email2_4_, user0_.password as password3_4_ from users user0_ where upper(user0_.email)=upper(?)
?[0m?[0;34mHibernate: select quiz0_.id as id1_2_0_, quiz0_.text as text2_2_0_, quiz0_.title as title3_2_0_, quiz0_.user as user4_2_0_, user1_.id as id1_4_1_, user1_.email as email2_4_1_, user1_.password as password3_4_1_ from quizzes quiz0_ left outer join users user1_ on quiz0_.user=user1_.id where quiz0_.id=?
?[0m?[0;34mHibernate: select answers0_.quiz_id as quiz_id1_0_0_, answers0_.answer as answer2_0_0_ from quiz_answers answers0_ where answers0_.quiz_id=?
?[1;31m
Start test 93?[0m
?[0m?[0;34mHibernate: select user0_.id as id1_4_, user0_.email as email2_4_, user0_.password as password3_4_ from users user0_ where upper(user0_.email)=upper(?)
?[0m?[0;34mHibernate: select quiz0_.id as id1_2_0_, quiz0_.text as text2_2_0_, quiz0_.title as title3_2_0_, quiz0_.user as user4_2_0_, user1_.id as id1_4_1_, user1_.email as email2_4_1_, user1_.password as password3_4_1_ from quizzes quiz0_ left outer join users user1_ on quiz0_.user=user1_.id where quiz0_.id=?
?[0m?[0;34mHibernate: select answers0_.quiz_id as quiz_id1_0_0_, answers0_.answer as answer2_0_0_ from quiz_answers answers0_ where answers0_.quiz_id=?
?[1;31m
Start test 94?[0m
?[0m?[0;34mHibernate: select user0_.id as id1_4_, user0_.email as email2_4_, user0_.password as password3_4_ from users user0_ where upper(user0_.email)=upper(?)
?[0m?[0;34mHibernate: select quiz0_.id as id1_2_0_, quiz0_.text as text2_2_0_, quiz0_.title as title3_2_0_, quiz0_.user as user4_2_0_, user1_.id as id1_4_1_, user1_.email as email2_4_1_, user1_.password as password3_4_1_ from quizzes quiz0_ left outer join users user1_ on quiz0_.user=user1_.id where quiz0_.id=?
?[0m?[0;34mHibernate: select answers0_.quiz_id as quiz_id1_0_0_, answers0_.answer as answer2_0_0_ from quiz_answers answers0_ where answers0_.quiz_id=?
?[0m?[0;34mHibernate: select user0_.id as id1_4_, user0_.email as email2_4_, user0_.password as password3_4_ from users user0_ where upper(user0_.email)=upper(?)
?[0m?[0;34mHibernate: call next value for hibernate_sequence
?[0m?[0;34mHibernate: insert into quizzes_completed (completed_at, quiz, user, id) values (?, ?, ?, ?)
?[1;31m
Start test 95?[0m
?[0m?[0;34mHibernate: select user0_.id as id1_4_, user0_.email as email2_4_, user0_.password as password3_4_ from users user0_ where upper(user0_.email)=upper(?)
?[0m?[0;34mHibernate: select quiz0_.id as id1_2_0_, quiz0_.text as text2_2_0_, quiz0_.title as title3_2_0_, quiz0_.user as user4_2_0_, user1_.id as id1_4_1_, user1_.email as email2_4_1_, user1_.password as password3_4_1_ from quizzes quiz0_ left outer join users user1_ on quiz0_.user=user1_.id where quiz0_.id=?
?[0m?[0;34mHibernate: select answers0_.quiz_id as quiz_id1_0_0_, answers0_.answer as answer2_0_0_ from quiz_answers answers0_ where answers0_.quiz_id=?
?[1;31m
Start test 96?[0m
?[0m?[0;34mHibernate: select user0_.id as id1_4_, user0_.email as email2_4_, user0_.password as password3_4_ from users user0_ where upper(user0_.email)=upper(?)
?[0m?[0;34mHibernate: select quiz0_.id as id1_2_0_, quiz0_.text as text2_2_0_, quiz0_.title as title3_2_0_, quiz0_.user as user4_2_0_, user1_.id as id1_4_1_, user1_.email as email2_4_1_, user1_.password as password3_4_1_ from quizzes quiz0_ left outer join users user1_ on quiz0_.user=user1_.id where quiz0_.id=?
?[0m?[0;34mHibernate: select answers0_.quiz_id as quiz_id1_0_0_, answers0_.answer as answer2_0_0_ from quiz_answers answers0_ where answers0_.quiz_id=?
?[1;31m
Start test 97?[0m
?[0m?[0;34mHibernate: select user0_.id as id1_4_, user0_.email as email2_4_, user0_.password as password3_4_ from users user0_ where upper(user0_.email)=upper(?)
?[0m?[0;34mHibernate: select quiz0_.id as id1_2_0_, quiz0_.text as text2_2_0_, quiz0_.title as title3_2_0_, quiz0_.user as user4_2_0_, user1_.id as id1_4_1_, user1_.email as email2_4_1_, user1_.password as password3_4_1_ from quizzes quiz0_ left outer join users user1_ on quiz0_.user=user1_.id where quiz0_.id=?
?[0m?[0;34mHibernate: select answers0_.quiz_id as quiz_id1_0_0_, answers0_.answer as answer2_0_0_ from quiz_answers answers0_ where answers0_.quiz_id=?
?[1;31m
Start test 98?[0m
?[0m?[0;34mHibernate: select user0_.id as id1_4_, user0_.email as email2_4_, user0_.password as password3_4_ from users user0_ where upper(user0_.email)=upper(?)
?[0m?[0;34mHibernate: select quiz0_.id as id1_2_0_, quiz0_.text as text2_2_0_, quiz0_.title as title3_2_0_, quiz0_.user as user4_2_0_, user1_.id as id1_4_1_, user1_.email as email2_4_1_, user1_.password as password3_4_1_ from quizzes quiz0_ left outer join users user1_ on quiz0_.user=user1_.id where quiz0_.id=?
?[0m?[0;34mHibernate: select answers0_.quiz_id as quiz_id1_0_0_, answers0_.answer as answer2_0_0_ from quiz_answers answers0_ where answers0_.quiz_id=?
?[1;31m
Start test 99?[0m
?[0m?[0;34mHibernate: select user0_.id as id1_4_, user0_.email as email2_4_, user0_.password as password3_4_ from users user0_ where upper(user0_.email)=upper(?)
?[0m?[0;34mHibernate: select quiz0_.id as id1_2_0_, quiz0_.text as text2_2_0_, quiz0_.title as title3_2_0_, quiz0_.user as user4_2_0_, user1_.id as id1_4_1_, user1_.email as email2_4_1_, user1_.password as password3_4_1_ from quizzes quiz0_ left outer join users user1_ on quiz0_.user=user1_.id where quiz0_.id=?
?[0m?[0;34mHibernate: select answers0_.quiz_id as quiz_id1_0_0_, answers0_.answer as answer2_0_0_ from quiz_answers answers0_ where answers0_.quiz_id=?
?[1;31m
Start test 100?[0m
?[0m?[0;34mHibernate: select user0_.id as id1_4_, user0_.email as email2_4_, user0_.password as password3_4_ from users user0_ where upper(user0_.email)=upper(?)
?[0m?[0;34mHibernate: select user0_.id as id1_4_, user0_.email as email2_4_, user0_.password as password3_4_ from users user0_ where upper(user0_.email)=upper(?)
?[0m?[0;34mHibernate: call next value for hibernate_sequence
?[0m?[0;34mHibernate: insert into quizzes (text, title, user, id) values (?, ?, ?, ?)
?[0m?[0;34mHibernate: insert into quiz_options (quiz_id, options) values (?, ?)
?[0m?[0;34mHibernate: insert into quiz_options (quiz_id, options) values (?, ?)
?[0m?[0;34mHibernate: insert into quiz_options (quiz_id, options) values (?, ?)
?[0m?[0;34mHibernate: insert into quiz_options (quiz_id, options) values (?, ?)
?[1;31m
Start test 101?[0m
?[0m?[0;34mHibernate: select user0_.id as id1_4_, user0_.email as email2_4_, user0_.password as password3_4_ from users user0_ where upper(user0_.email)=upper(?)
?[0m?[0;34mHibernate: select quiz0_.id as id1_2_0_, quiz0_.text as text2_2_0_, quiz0_.title as title3_2_0_, quiz0_.user as user4_2_0_, user1_.id as id1_4_1_, user1_.email as email2_4_1_, user1_.password as password3_4_1_ from quizzes quiz0_ left outer join users user1_ on quiz0_.user=user1_.id where quiz0_.id=?
?[0m?[0;34mHibernate: select options0_.quiz_id as quiz_id1_1_0_, options0_.options as options2_1_0_ from quiz_options options0_ where options0_.quiz_id=?
?[1;31m
Start test 102?[0m
?[0m?[0;34mHibernate: select user0_.id as id1_4_, user0_.email as email2_4_, user0_.password as password3_4_ from users user0_ where upper(user0_.email)=upper(?)
?[0m?[0;34mHibernate: select quiz0_.id as id1_2_0_, quiz0_.text as text2_2_0_, quiz0_.title as title3_2_0_, quiz0_.user as user4_2_0_, user1_.id as id1_4_1_, user1_.email as email2_4_1_, user1_.password as password3_4_1_ from quizzes quiz0_ left outer join users user1_ on quiz0_.user=user1_.id where quiz0_.id=?
?[1;31m
Start test 103?[0m
?[0m?[0;34mHibernate: select user0_.id as id1_4_, user0_.email as email2_4_, user0_.password as password3_4_ from users user0_ where upper(user0_.email)=upper(?)
?[0m?[0;34mHibernate: select quiz0_.id as id1_2_0_, quiz0_.text as text2_2_0_, quiz0_.title as title3_2_0_, quiz0_.user as user4_2_0_, user1_.id as id1_4_1_, user1_.email as email2_4_1_, user1_.password as password3_4_1_ from quizzes quiz0_ left outer join users user1_ on quiz0_.user=user1_.id where quiz0_.id=?
?[0m?[0;34mHibernate: select answers0_.quiz_id as quiz_id1_0_0_, answers0_.answer as answer2_0_0_ from quiz_answers answers0_ where answers0_.quiz_id=?
?[0m?[0;34mHibernate: select user0_.id as id1_4_, user0_.email as email2_4_, user0_.password as password3_4_ from users user0_ where upper(user0_.email)=upper(?)
?[0m?[0;34mHibernate: call next value for hibernate_sequence
?[0m?[0;34mHibernate: insert into quizzes_completed (completed_at, quiz, user, id) values (?, ?, ?, ?)
?[1;31m
Start test 104?[0m
?[0m?[0;34mHibernate: select user0_.id as id1_4_, user0_.email as email2_4_, user0_.password as password3_4_ from users user0_ where upper(user0_.email)=upper(?)
?[0m?[0;34mHibernate: select quiz0_.id as id1_2_0_, quiz0_.text as text2_2_0_, quiz0_.title as title3_2_0_, quiz0_.user as user4_2_0_, user1_.id as id1_4_1_, user1_.email as email2_4_1_, user1_.password as password3_4_1_ from quizzes quiz0_ left outer join users user1_ on quiz0_.user=user1_.id where quiz0_.id=?
?[0m?[0;34mHibernate: select answers0_.quiz_id as quiz_id1_0_0_, answers0_.answer as answer2_0_0_ from quiz_answers answers0_ where answers0_.quiz_id=?
?[1;31m
Start test 105?[0m
?[0m?[0;34mHibernate: select user0_.id as id1_4_, user0_.email as email2_4_, user0_.password as password3_4_ from users user0_ where upper(user0_.email)=upper(?)
?[0m?[0;34mHibernate: select quiz0_.id as id1_2_0_, quiz0_.text as text2_2_0_, quiz0_.title as title3_2_0_, quiz0_.user as user4_2_0_, user1_.id as id1_4_1_, user1_.email as email2_4_1_, user1_.password as password3_4_1_ from quizzes quiz0_ left outer join users user1_ on quiz0_.user=user1_.id where quiz0_.id=?
?[0m?[0;34mHibernate: select answers0_.quiz_id as quiz_id1_0_0_, answers0_.answer as answer2_0_0_ from quiz_answers answers0_ where answers0_.quiz_id=?
?[1;31m
Start test 106?[0m
?[0m?[0;34mHibernate: select user0_.id as id1_4_, user0_.email as email2_4_, user0_.password as password3_4_ from users user0_ where upper(user0_.email)=upper(?)
?[0m?[0;34mHibernate: select quiz0_.id as id1_2_0_, quiz0_.text as text2_2_0_, quiz0_.title as title3_2_0_, quiz0_.user as user4_2_0_, user1_.id as id1_4_1_, user1_.email as email2_4_1_, user1_.password as password3_4_1_ from quizzes quiz0_ left outer join users user1_ on quiz0_.user=user1_.id where quiz0_.id=?
?[0m?[0;34mHibernate: select answers0_.quiz_id as quiz_id1_0_0_, answers0_.answer as answer2_0_0_ from quiz_answers answers0_ where answers0_.quiz_id=?
?[1;31m
Start test 107?[0m
?[0m?[0;34mHibernate: select user0_.id as id1_4_, user0_.email as email2_4_, user0_.password as password3_4_ from users user0_ where upper(user0_.email)=upper(?)
?[0m?[0;34mHibernate: select quiz0_.id as id1_2_0_, quiz0_.text as text2_2_0_, quiz0_.title as title3_2_0_, quiz0_.user as user4_2_0_, user1_.id as id1_4_1_, user1_.email as email2_4_1_, user1_.password as password3_4_1_ from quizzes quiz0_ left outer join users user1_ on quiz0_.user=user1_.id where quiz0_.id=?
?[0m?[0;34mHibernate: select answers0_.quiz_id as quiz_id1_0_0_, answers0_.answer as answer2_0_0_ from quiz_answers answers0_ where answers0_.quiz_id=?
?[1;31m
Start test 108?[0m
?[0m?[0;34mHibernate: select user0_.id as id1_4_, user0_.email as email2_4_, user0_.password as password3_4_ from users user0_ where upper(user0_.email)=upper(?)
?[0m?[0;34mHibernate: select quiz0_.id as id1_2_0_, quiz0_.text as text2_2_0_, quiz0_.title as title3_2_0_, quiz0_.user as user4_2_0_, user1_.id as id1_4_1_, user1_.email as email2_4_1_, user1_.password as password3_4_1_ from quizzes quiz0_ left outer join users user1_ on quiz0_.user=user1_.id where quiz0_.id=?
?[0m?[0;34mHibernate: select answers0_.quiz_id as quiz_id1_0_0_, answers0_.answer as answer2_0_0_ from quiz_answers answers0_ where answers0_.quiz_id=?
?[1;31m
Start test 109?[0m
?[0m?[0;34mHibernate: select user0_.id as id1_4_, user0_.email as email2_4_, user0_.password as password3_4_ from users user0_ where upper(user0_.email)=upper(?)
?[0m?[0;34mHibernate: select quiz0_.id as id1_2_0_, quiz0_.text as text2_2_0_, quiz0_.title as title3_2_0_, quiz0_.user as user4_2_0_, user1_.id as id1_4_1_, user1_.email as email2_4_1_, user1_.password as password3_4_1_ from quizzes quiz0_ left outer join users user1_ on quiz0_.user=user1_.id where quiz0_.id=?
?[0m?[0;34mHibernate: select answers0_.quiz_id as quiz_id1_0_0_, answers0_.answer as answer2_0_0_ from quiz_answers answers0_ where answers0_.quiz_id=?
?[1;31m
Start test 110?[0m
[...]
?[1;31m
Start test 217?[0m
?[0;34mHibernate: select user0_.id as id1_4_, user0_.email as email2_4_, user0_.password as password3_4_ from users user0_ where upper(user0_.email)=upper(?)
?[0m?[0;34mHibernate: select quiz0_.id as id1_2_0_, quiz0_.text as text2_2_0_, quiz0_.title as title3_2_0_, quiz0_.user as user4_2_0_, user1_.id as id1_4_1_, user1_.email as email2_4_1_, user1_.password as password3_4_1_ from quizzes quiz0_ left outer join users user1_ on quiz0_.user=user1_.id where quiz0_.id=?
?[1;31m
Start test 218?[0m
?[0;34mHibernate: select user0_.id as id1_4_, user0_.email as email2_4_, user0_.password as password3_4_ from users user0_ where upper(user0_.email)=upper(?)
?[0m?[0;34mHibernate: select quiz0_.id as id1_2_0_, quiz0_.text as text2_2_0_, quiz0_.title as title3_2_0_, quiz0_.user as user4_2_0_, user1_.id as id1_4_1_, user1_.email as email2_4_1_, user1_.password as password3_4_1_ from quizzes quiz0_ left outer join users user1_ on quiz0_.user=user1_.id where quiz0_.id=?
?[1;31m
Start test 219?[0m
?[0;34mHibernate: select user0_.id as id1_4_, user0_.email as email2_4_, user0_.password as password3_4_ from users user0_ where upper(user0_.email)=upper(?)
?[0m?[0;34mHibernate: select quiz0_.id as id1_2_0_, quiz0_.text as text2_2_0_, quiz0_.title as title3_2_0_, quiz0_.user as user4_2_0_, user1_.id as id1_4_1_, user1_.email as email2_4_1_, user1_.password as password3_4_1_ from quizzes quiz0_ left outer join users user1_ on quiz0_.user=user1_.id where quiz0_.id=?
?[1;31m
Start test 220?[0m
?[0;34mHibernate: select user0_.id as id1_4_, user0_.email as email2_4_, user0_.password as password3_4_ from users user0_ where upper(user0_.email)=upper(?)
?[0m?[0;34mHibernate: select quiz0_.id as id1_2_0_, quiz0_.text as text2_2_0_, quiz0_.title as title3_2_0_, quiz0_.user as user4_2_0_, user1_.id as id1_4_1_, user1_.email as email2_4_1_, user1_.password as password3_4_1_ from quizzes quiz0_ left outer join users user1_ on quiz0_.user=user1_.id where quiz0_.id=?
?[1;31m
Start test 221?[0m
?[0;34mHibernate: select user0_.id as id1_4_, user0_.email as email2_4_, user0_.password as password3_4_ from users user0_ where upper(user0_.email)=upper(?)
?[0m?[0;34mHibernate: select user0_.id as id1_4_, user0_.email as email2_4_, user0_.password as password3_4_ from users user0_ where upper(user0_.email)=upper(?)
?[0m?[0;34mHibernate: call next value for hibernate_sequence
?[0m?[0;34mHibernate: insert into quizzes (text, title, user, id) values (?, ?, ?, ?)
?[0m?[0;34mHibernate: insert into quiz_answers (quiz_id, answer) values (?, ?)
?[0m?[0;34mHibernate: insert into quiz_answers (quiz_id, answer) values (?, ?)
?[0m?[0;34mHibernate: insert into quiz_answers (quiz_id, answer) values (?, ?)
?[0m?[0;34mHibernate: insert into quiz_options (quiz_id, options) values (?, ?)
?[0m?[0;34mHibernate: insert into quiz_options (quiz_id, options) values (?, ?)
?[0m?[0;34mHibernate: insert into quiz_options (quiz_id, options) values (?, ?)
?[0m?[0;34mHibernate: insert into quiz_options (quiz_id, options) values (?, ?)
?[1;31m
Start test 222?[0m
?[0;34mHibernate: select user0_.id as id1_4_, user0_.email as email2_4_, user0_.password as password3_4_ from users user0_ where upper(user0_.email)=upper(?)
?[0m?[0;34mHibernate: select user0_.id as id1_4_, user0_.email as email2_4_, user0_.password as password3_4_ from users user0_ where upper(user0_.email)=upper(?)
?[0m?[0;34mHibernate: call next value for hibernate_sequence
?[0m?[0;34mHibernate: insert into quizzes (text, title, user, id) values (?, ?, ?, ?)
?[0m?[0;34mHibernate: insert into quiz_answers (quiz_id, answer) values (?, ?)
?[0m?[0;34mHibernate: insert into quiz_answers (quiz_id, answer) values (?, ?)
?[0m?[0;34mHibernate: insert into quiz_answers (quiz_id, answer) values (?, ?)
?[0m?[0;34mHibernate: insert into quiz_options (quiz_id, options) values (?, ?)
?[0m?[0;34mHibernate: insert into quiz_options (quiz_id, options) values (?, ?)
?[0m?[0;34mHibernate: insert into quiz_options (quiz_id, options) values (?, ?)
?[0m?[0;34mHibernate: insert into quiz_options (quiz_id, options) values (?, ?)
?[1;31m
Start test 223?[0m
?[0;34mHibernate: select user0_.id as id1_4_, user0_.email as email2_4_, user0_.password as password3_4_ from users user0_ where upper(user0_.email)=upper(?)
?[0m?[0;34mHibernate: select user0_.id as id1_4_, user0_.email as email2_4_, user0_.password as password3_4_ from users user0_ where upper(user0_.email)=upper(?)
?[0m?[0;34mHibernate: call next value for hibernate_sequence
?[0m?[0;34mHibernate: insert into quizzes (text, title, user, id) values (?, ?, ?, ?)
?[0m?[0;34mHibernate: insert into quiz_answers (quiz_id, answer) values (?, ?)
?[0m?[0;34mHibernate: insert into quiz_answers (quiz_id, answer) values (?, ?)
?[0m?[0;34mHibernate: insert into quiz_answers (quiz_id, answer) values (?, ?)
?[0m?[0;34mHibernate: insert into quiz_options (quiz_id, options) values (?, ?)
?[0m?[0;34mHibernate: insert into quiz_options (quiz_id, options) values (?, ?)
?[0m?[0;34mHibernate: insert into quiz_options (quiz_id, options) values (?, ?)
?[0m?[0;34mHibernate: insert into quiz_options (quiz_id, options) values (?, ?)
?[1;31m
Start test 224?[0m
?[0;34mHibernate: select user0_.id as id1_4_, user0_.email as email2_4_, user0_.password as password3_4_ from users user0_ where upper(user0_.email)=upper(?)
?[0m?[0;34mHibernate: select user0_.id as id1_4_, user0_.email as email2_4_, user0_.password as password3_4_ from users user0_ where upper(user0_.email)=upper(?)
?[0m?[0;34mHibernate: call next value for hibernate_sequence
?[0m?[0;34mHibernate: insert into quizzes (text, title, user, id) values (?, ?, ?, ?)
?[0m?[0;34mHibernate: insert into quiz_answers (quiz_id, answer) values (?, ?)
?[0m?[0;34mHibernate: insert into quiz_answers (quiz_id, answer) values (?, ?)
?[0m?[0;34mHibernate: insert into quiz_answers (quiz_id, answer) values (?, ?)
?[0m?[0;34mHibernate: insert into quiz_options (quiz_id, options) values (?, ?)
?[0m?[0;34mHibernate: insert into quiz_options (quiz_id, options) values (?, ?)
?[0m?[0;34mHibernate: insert into quiz_options (quiz_id, options) values (?, ?)
?[0m?[0;34mHibernate: insert into quiz_options (quiz_id, options) values (?, ?)
?[1;31m
Start test 225?[0m
?[0;34mHibernate: select user0_.id as id1_4_, user0_.email as email2_4_, user0_.password as password3_4_ from users user0_ where upper(user0_.email)=upper(?)
?[0m?[0;34mHibernate: select user0_.id as id1_4_, user0_.email as email2_4_, user0_.password as password3_4_ from users user0_ where upper(user0_.email)=upper(?)
?[0m?[0;34mHibernate: call next value for hibernate_sequence
?[0m?[0;34mHibernate: insert into quizzes (text, title, user, id) values (?, ?, ?, ?)
?[0m?[0;34mHibernate: insert into quiz_answers (quiz_id, answer) values (?, ?)
?[0m?[0;34mHibernate: insert into quiz_answers (quiz_id, answer) values (?, ?)
?[0m?[0;34mHibernate: insert into quiz_answers (quiz_id, answer) values (?, ?)
?[0m?[0;34mHibernate: insert into quiz_options (quiz_id, options) values (?, ?)
?[0m?[0;34mHibernate: insert into quiz_options (quiz_id, options) values (?, ?)
?[0m?[0;34mHibernate: insert into quiz_options (quiz_id, options) values (?, ?)
?[0m?[0;34mHibernate: insert into quiz_options (quiz_id, options) values (?, ?)
?[1;31m
Start test 226?[0m
?[0m?[0;34mHibernate: select user0_.id as id1_4_, user0_.email as email2_4_, user0_.password as password3_4_ from users user0_ where upper(user0_.email)=upper(?)
?[0m?[0;34mHibernate: select user0_.id as id1_4_, user0_.email as email2_4_, user0_.password as password3_4_ from users user0_ where upper(user0_.email)=upper(?)
?[0m?[0;34mHibernate: call next value for hibernate_sequence
?[0m?[0;34mHibernate: insert into quizzes (text, title, user, id) values (?, ?, ?, ?)
?[0m?[0;34mHibernate: insert into quiz_answers (quiz_id, answer) values (?, ?)
?[0m?[0;34mHibernate: insert into quiz_answers (quiz_id, answer) values (?, ?)
?[0m?[0;34mHibernate: insert into quiz_answers (quiz_id, answer) values (?, ?)
?[0m?[0;34mHibernate: insert into quiz_options (quiz_id, options) values (?, ?)
?[0m?[0;34mHibernate: insert into quiz_options (quiz_id, options) values (?, ?)
?[0m?[0;34mHibernate: insert into quiz_options (quiz_id, options) values (?, ?)
?[0m?[0;34mHibernate: insert into quiz_options (quiz_id, options) values (?, ?)
?[1;31m
Start test 227?[0m
?[0m?[0;34mHibernate: select user0_.id as id1_4_, user0_.email as email2_4_, user0_.password as password3_4_ from users user0_ where upper(user0_.email)=upper(?)
?[0m?[0;34mHibernate: select user0_.id as id1_4_, user0_.email as email2_4_, user0_.password as password3_4_ from users user0_ where upper(user0_.email)=upper(?)
?[0m?[0;34mHibernate: call next value for hibernate_sequence
?[0m?[0;34mHibernate: insert into quizzes (text, title, user, id) values (?, ?, ?, ?)
?[0m?[0;34mHibernate: insert into quiz_answers (quiz_id, answer) values (?, ?)
?[0m?[0;34mHibernate: insert into quiz_answers (quiz_id, answer) values (?, ?)
?[0m?[0;34mHibernate: insert into quiz_answers (quiz_id, answer) values (?, ?)
?[0m?[0;34mHibernate: insert into quiz_options (quiz_id, options) values (?, ?)
?[0m?[0;34mHibernate: insert into quiz_options (quiz_id, options) values (?, ?)
?[0m?[0;34mHibernate: insert into quiz_options (quiz_id, options) values (?, ?)
?[0m?[0;34mHibernate: insert into quiz_options (quiz_id, options) values (?, ?)
?[1;31m
Start test 228?[0m
?[0m?[0;34mHibernate: select user0_.id as id1_4_, user0_.email as email2_4_, user0_.password as password3_4_ from users user0_ where upper(user0_.email)=upper(?)
?[0m?[0;34mHibernate: select user0_.id as id1_4_, user0_.email as email2_4_, user0_.password as password3_4_ from users user0_ where upper(user0_.email)=upper(?)
?[0m?[0;34mHibernate: call next value for hibernate_sequence
?[0m?[0;34mHibernate: insert into quizzes (text, title, user, id) values (?, ?, ?, ?)
?[0m?[0;34mHibernate: insert into quiz_answers (quiz_id, answer) values (?, ?)
?[0m?[0;34mHibernate: insert into quiz_answers (quiz_id, answer) values (?, ?)
?[0m?[0;34mHibernate: insert into quiz_answers (quiz_id, answer) values (?, ?)
?[0m?[0;34mHibernate: insert into quiz_options (quiz_id, options) values (?, ?)
?[0m?[0;34mHibernate: insert into quiz_options (quiz_id, options) values (?, ?)
?[0m?[0;34mHibernate: insert into quiz_options (quiz_id, options) values (?, ?)
?[0m?[0;34mHibernate: insert into quiz_options (quiz_id, options) values (?, ?)
?[1;31m
Start test 229?[0m
?[0m?[0;34mHibernate: select user0_.id as id1_4_, user0_.email as email2_4_, user0_.password as password3_4_ from users user0_ where upper(user0_.email)=upper(?)
?[0m?[0;34mHibernate: select user0_.id as id1_4_, user0_.email as email2_4_, user0_.password as password3_4_ from users user0_ where upper(user0_.email)=upper(?)
?[0m?[0;34mHibernate: call next value for hibernate_sequence
?[0m?[0;34mHibernate: insert into quizzes (text, title, user, id) values (?, ?, ?, ?)
?[0m?[0;34mHibernate: insert into quiz_answers (quiz_id, answer) values (?, ?)
?[0m?[0;34mHibernate: insert into quiz_answers (quiz_id, answer) values (?, ?)
?[0m?[0;34mHibernate: insert into quiz_answers (quiz_id, answer) values (?, ?)
?[0m?[0;34mHibernate: insert into quiz_options (quiz_id, options) values (?, ?)
?[0m?[0;34mHibernate: insert into quiz_options (quiz_id, options) values (?, ?)
?[0m?[0;34mHibernate: insert into quiz_options (quiz_id, options) values (?, ?)
?[0m?[0;34mHibernate: insert into quiz_options (quiz_id, options) values (?, ?)
?[1;31m
Start test 230?[0m
?[0m?[0;34mHibernate: select user0_.id as id1_4_, user0_.email as email2_4_, user0_.password as password3_4_ from users user0_ where upper(user0_.email)=upper(?)
?[0m?[0;34mHibernate: select user0_.id as id1_4_, user0_.email as email2_4_, user0_.password as password3_4_ from users user0_ where upper(user0_.email)=upper(?)
?[0m?[0;34mHibernate: call next value for hibernate_sequence
?[0m?[0;34mHibernate: insert into quizzes (text, title, user, id) values (?, ?, ?, ?)
?[0m?[0;34mHibernate: insert into quiz_answers (quiz_id, answer) values (?, ?)
?[0m?[0;34mHibernate: insert into quiz_answers (quiz_id, answer) values (?, ?)
?[0m?[0;34mHibernate: insert into quiz_answers (quiz_id, answer) values (?, ?)
?[0m?[0;34mHibernate: insert into quiz_options (quiz_id, options) values (?, ?)
?[0m?[0;34mHibernate: insert into quiz_options (quiz_id, options) values (?, ?)
?[0m?[0;34mHibernate: insert into quiz_options (quiz_id, options) values (?, ?)
?[0m?[0;34mHibernate: insert into quiz_options (quiz_id, options) values (?, ?)
?[1;31m
Start test 231?[0m
?[0m?[0;34mHibernate: select user0_.id as id1_4_, user0_.email as email2_4_, user0_.password as password3_4_ from users user0_ where upper(user0_.email)=upper(?)
?[0m?[0;34mHibernate: select quiz0_.id as id1_2_, quiz0_.text as text2_2_, quiz0_.title as title3_2_, quiz0_.user as user4_2_ from quizzes quiz0_ limit ?
?[0m?[0;34mHibernate: select user0_.id as id1_4_0_, user0_.email as email2_4_0_, user0_.password as password3_4_0_ from users user0_ where user0_.id=?
?[0m?[0;34mHibernate: select user0_.id as id1_4_0_, user0_.email as email2_4_0_, user0_.password as password3_4_0_ from users user0_ where user0_.id=?
?[0m?[0;34mHibernate: select count(quiz0_.id) as col_0_0_ from quizzes quiz0_
?[0m?[0;34mHibernate: select options0_.quiz_id as quiz_id1_1_0_, options0_.options as options2_1_0_ from quiz_options options0_ where options0_.quiz_id=?
?[0m?[0;34mHibernate: select options0_.quiz_id as quiz_id1_1_0_, options0_.options as options2_1_0_ from quiz_options options0_ where options0_.quiz_id=?
?[0m?[0;34mHibernate: select options0_.quiz_id as quiz_id1_1_0_, options0_.options as options2_1_0_ from quiz_options options0_ where options0_.quiz_id=?
?[0m?[0;34mHibernate: select options0_.quiz_id as quiz_id1_1_0_, options0_.options as options2_1_0_ from quiz_options options0_ where options0_.quiz_id=?
?[0m?[0;34mHibernate: select options0_.quiz_id as quiz_id1_1_0_, options0_.options as options2_1_0_ from quiz_options options0_ where options0_.quiz_id=?
?[0m?[0;34mHibernate: select options0_.quiz_id as quiz_id1_1_0_, options0_.options as options2_1_0_ from quiz_options options0_ where options0_.quiz_id=?
?[0m?[0;34mHibernate: select options0_.quiz_id as quiz_id1_1_0_, options0_.options as options2_1_0_ from quiz_options options0_ where options0_.quiz_id=?
?[0m?[0;34mHibernate: select options0_.quiz_id as quiz_id1_1_0_, options0_.options as options2_1_0_ from quiz_options options0_ where options0_.quiz_id=?
?[0m?[0;34mHibernate: select options0_.quiz_id as quiz_id1_1_0_, options0_.options as options2_1_0_ from quiz_options options0_ where options0_.quiz_id=?
?[0m?[0;34mHibernate: select options0_.quiz_id as quiz_id1_1_0_, options0_.options as options2_1_0_ from quiz_options options0_ where options0_.quiz_id=?
?[1;31m
Start test 232?[0m
?[0m?[0;34mHibernate: select user0_.id as id1_4_, user0_.email as email2_4_, user0_.password as password3_4_ from users user0_ where upper(user0_.email)=upper(?)
?[0m?[0;34mHibernate: select quiz0_.id as id1_2_, quiz0_.text as text2_2_, quiz0_.title as title3_2_, quiz0_.user as user4_2_ from quizzes quiz0_ limit ?
?[0m?[0;34mHibernate: select user0_.id as id1_4_0_, user0_.email as email2_4_0_, user0_.password as password3_4_0_ from users user0_ where user0_.id=?
?[0m?[0;34mHibernate: select user0_.id as id1_4_0_, user0_.email as email2_4_0_, user0_.password as password3_4_0_ from users user0_ where user0_.id=?
?[0m?[0;34mHibernate: select count(quiz0_.id) as col_0_0_ from quizzes quiz0_
?[0m?[0;34mHibernate: select options0_.quiz_id as quiz_id1_1_0_, options0_.options as options2_1_0_ from quiz_options options0_ where options0_.quiz_id=?
?[0m?[0;34mHibernate: select options0_.quiz_id as quiz_id1_1_0_, options0_.options as options2_1_0_ from quiz_options options0_ where options0_.quiz_id=?
?[0m?[0;34mHibernate: select options0_.quiz_id as quiz_id1_1_0_, options0_.options as options2_1_0_ from quiz_options options0_ where options0_.quiz_id=?
?[0m?[0;34mHibernate: select options0_.quiz_id as quiz_id1_1_0_, options0_.options as options2_1_0_ from quiz_options options0_ where options0_.quiz_id=?
?[0m?[0;34mHibernate: select options0_.quiz_id as quiz_id1_1_0_, options0_.options as options2_1_0_ from quiz_options options0_ where options0_.quiz_id=?
?[0m?[0;34mHibernate: select options0_.quiz_id as quiz_id1_1_0_, options0_.options as options2_1_0_ from quiz_options options0_ where options0_.quiz_id=?
?[0m?[0;34mHibernate: select options0_.quiz_id as quiz_id1_1_0_, options0_.options as options2_1_0_ from quiz_options options0_ where options0_.quiz_id=?
?[0m?[0;34mHibernate: select options0_.quiz_id as quiz_id1_1_0_, options0_.options as options2_1_0_ from quiz_options options0_ where options0_.quiz_id=?
?[0m?[0;34mHibernate: select options0_.quiz_id as quiz_id1_1_0_, options0_.options as options2_1_0_ from quiz_options options0_ where options0_.quiz_id=?
?[0m?[0;34mHibernate: select options0_.quiz_id as quiz_id1_1_0_, options0_.options as options2_1_0_ from quiz_options options0_ where options0_.quiz_id=?
?[1;31m
Start test 233?[0m
?[0m?[0;34mHibernate: select user0_.id as id1_4_, user0_.email as email2_4_, user0_.password as password3_4_ from users user0_ where upper(user0_.email)=upper(?)
?[0m?[0;34mHibernate: select quiz0_.id as id1_2_, quiz0_.text as text2_2_, quiz0_.title as title3_2_, quiz0_.user as user4_2_ from quizzes quiz0_ limit ? offset ?
?[0m?[0;34mHibernate: select user0_.id as id1_4_0_, user0_.email as email2_4_0_, user0_.password as password3_4_0_ from users user0_ where user0_.id=?
?[0m?[0;34mHibernate: select user0_.id as id1_4_0_, user0_.email as email2_4_0_, user0_.password as password3_4_0_ from users user0_ where user0_.id=?
?[0m?[0;34mHibernate: select options0_.quiz_id as quiz_id1_1_0_, options0_.options as options2_1_0_ from quiz_options options0_ where options0_.quiz_id=?
?[0m?[0;34mHibernate: select options0_.quiz_id as quiz_id1_1_0_, options0_.options as options2_1_0_ from quiz_options options0_ where options0_.quiz_id=?
?[0m?[0;34mHibernate: select options0_.quiz_id as quiz_id1_1_0_, options0_.options as options2_1_0_ from quiz_options options0_ where options0_.quiz_id=?
?[0m?[0;34mHibernate: select options0_.quiz_id as quiz_id1_1_0_, options0_.options as options2_1_0_ from quiz_options options0_ where options0_.quiz_id=?
?[0m?[0;34mHibernate: select options0_.quiz_id as quiz_id1_1_0_, options0_.options as options2_1_0_ from quiz_options options0_ where options0_.quiz_id=?
?[1;31m
Start test 234?[0m
?[0m?[0;34mHibernate: select user0_.id as id1_4_, user0_.email as email2_4_, user0_.password as password3_4_ from users user0_ where upper(user0_.email)=upper(?)
?[0m?[0;34mHibernate: select quiz0_.id as id1_2_, quiz0_.text as text2_2_, quiz0_.title as title3_2_, quiz0_.user as user4_2_ from quizzes quiz0_ limit ? offset ?
?[0m?[0;34mHibernate: select user0_.id as id1_4_0_, user0_.email as email2_4_0_, user0_.password as password3_4_0_ from users user0_ where user0_.id=?
?[0m?[0;34mHibernate: select user0_.id as id1_4_0_, user0_.email as email2_4_0_, user0_.password as password3_4_0_ from users user0_ where user0_.id=?
?[0m?[0;34mHibernate: select options0_.quiz_id as quiz_id1_1_0_, options0_.options as options2_1_0_ from quiz_options options0_ where options0_.quiz_id=?
?[0m?[0;34mHibernate: select options0_.quiz_id as quiz_id1_1_0_, options0_.options as options2_1_0_ from quiz_options options0_ where options0_.quiz_id=?
?[0m?[0;34mHibernate: select options0_.quiz_id as quiz_id1_1_0_, options0_.options as options2_1_0_ from quiz_options options0_ where options0_.quiz_id=?
?[0m?[0;34mHibernate: select options0_.quiz_id as quiz_id1_1_0_, options0_.options as options2_1_0_ from quiz_options options0_ where options0_.quiz_id=?
?[0m?[0;34mHibernate: select options0_.quiz_id as quiz_id1_1_0_, options0_.options as options2_1_0_ from quiz_options options0_ where options0_.quiz_id=?
]]></system-out>
  <system-err><![CDATA[]]></system-err>
</testsuite>
