<?xml version="1.0" encoding="UTF-8"?>
<testsuite name="AntiFraudTest" tests="1" skipped="0" failures="0" errors="0" timestamp="2023-07-16T12:06:52" hostname="HP-INDY" time="54.888">
  <properties/>
  <testcase name="start" classname="AntiFraudTest" time="54.888"/>
  <system-out><![CDATA[?[1;31m
Start test 1?[0m
?[0;34m
?[0m?[0;34m  .   ____          _            __ _ _
?[0m?[0;34m /\\ / ___'_ __ _ _(_)_ __  __ _ \ \ \ \
?[0m?[0;34m( ( )\___ | '_ | '_| | '_ \/ _` | \ \ \ \
?[0m?[0;34m \\/  ___)| |_)| | | | | || (_| |  ) ) ) )
?[0m?[0;34m  '  |____| .__|_| |_|_| |_\__, | / / / /
?[0m?[0;34m =========|_|==============|___/=/_/_/_/
?[0m?[0;34m :: Spring Boot ::                (v3.0.2)
?[0m?[0;34m
?[0m?[0;34m2023-07-16T14:06:53.996+02:00  INFO 1424 --- [    Test worker] antifraud.AntiFraudApplication           : Starting AntiFraudApplication using Java 17.0.6 with PID 1424 (started by indyr in C:\Users\indyr\IdeaProjects\Anti-Fraud System\Anti-Fraud System\task)
?[0m?[0;34m2023-07-16T14:06:53.996+02:00  INFO 1424 --- [    Test worker] antifraud.AntiFraudApplication           : No active profile set, falling back to 1 default profile: "default"
?[0m?[0;34m2023-07-16T14:06:55.632+02:00  INFO 1424 --- [    Test worker] .s.d.r.c.RepositoryConfigurationDelegate : Bootstrapping Spring Data JPA repositories in DEFAULT mode.
?[0m?[0;34m2023-07-16T14:06:55.736+02:00  INFO 1424 --- [    Test worker] .s.d.r.c.RepositoryConfigurationDelegate : Finished Spring Data repository scanning in 87 ms. Found 5 JPA repository interfaces.
?[0m?[0;34m2023-07-16T14:06:56.903+02:00  INFO 1424 --- [    Test worker] o.s.b.w.embedded.tomcat.TomcatWebServer  : Tomcat initialized with port(s): 8080 (http)
?[0m?[0;34m2023-07-16T14:06:56.919+02:00  INFO 1424 --- [    Test worker] o.apache.catalina.core.StandardService   : Starting service [Tomcat]
?[0m?[0;34m2023-07-16T14:06:56.919+02:00  INFO 1424 --- [    Test worker] o.apache.catalina.core.StandardEngine    : Starting Servlet engine: [Apache Tomcat/10.1.5]
?[0m?[0;34m2023-07-16T14:06:57.044+02:00  INFO 1424 --- [    Test worker] o.a.c.c.C.[Tomcat].[localhost].[/]       : Initializing Spring embedded WebApplicationContext
?[0m?[0;34m2023-07-16T14:06:57.044+02:00  INFO 1424 --- [    Test worker] w.s.c.ServletWebServerApplicationContext : Root WebApplicationContext: initialization completed in 2975 ms
?[0m?[0;34m2023-07-16T14:06:57.296+02:00  WARN 1424 --- [    Test worker] .t.u.s.PrivilegedSetAccessControlContext : Unable to set field Thread.inheritedAccessControlContext
?[0m?[0;34m
?[0m?[0;34mjava.lang.IllegalAccessException: class org.apache.tomcat.util.security.PrivilegedSetAccessControlContext cannot access a member of class java.lang.Thread (in module java.base) with modifiers "private"
?[0m?[0;34m	at java.base/jdk.internal.reflect.Reflection.newIllegalAccessException(Reflection.java:392) ~[na:na]
?[0m?[0;34m	at java.base/java.lang.reflect.AccessibleObject.checkAccess(AccessibleObject.java:674) ~[na:na]
?[0m?[0;34m	at java.base/java.lang.reflect.Field.checkAccess(Field.java:1102) ~[na:na]
?[0m?[0;34m	at java.base/java.lang.reflect.Field.set(Field.java:797) ~[na:na]
?[0m?[0;34m	at org.apache.tomcat.util.security.PrivilegedSetAccessControlContext.run(PrivilegedSetAccessControlContext.java:60) ~[tomcat-embed-core-10.1.5.jar:10.1.5]
?[0m?[0;34m	at org.apache.tomcat.util.security.PrivilegedSetAccessControlContext.run(PrivilegedSetAccessControlContext.java:28) ~[tomcat-embed-core-10.1.5.jar:10.1.5]
?[0m?[0;34m	at java.base/java.security.AccessController.doPrivileged(AccessController.java:318) ~[na:na]
?[0m?[0;34m	at org.apache.tomcat.util.threads.TaskThreadFactory.newThread(TaskThreadFactory.java:64) ~[tomcat-embed-core-10.1.5.jar:10.1.5]
?[0m?[0;34m	at java.base/java.util.concurrent.ThreadPoolExecutor$Worker.<init>(ThreadPoolExecutor.java:630) ~[na:na]
?[0m?[0;34m	at java.base/java.util.concurrent.ThreadPoolExecutor.addWorker(ThreadPoolExecutor.java:920) ~[na:na]
?[0m?[0;34m	at java.base/java.util.concurrent.ThreadPoolExecutor.ensurePrestart(ThreadPoolExecutor.java:1593) ~[na:na]
?[0m?[0;34m	at java.base/java.util.concurrent.ScheduledThreadPoolExecutor.delayedExecute(ScheduledThreadPoolExecutor.java:346) ~[na:na]
?[0m?[0;34m	at java.base/java.util.concurrent.ScheduledThreadPoolExecutor.scheduleWithFixedDelay(ScheduledThreadPoolExecutor.java:680) ~[na:na]
?[0m?[0;34m	at org.apache.tomcat.util.threads.ScheduledThreadPoolExecutor.scheduleWithFixedDelay(ScheduledThreadPoolExecutor.java:138) ~[tomcat-embed-core-10.1.5.jar:10.1.5]
?[0m?[0;34m	at org.apache.catalina.core.ContainerBase.startInternal(ContainerBase.java:948) ~[tomcat-embed-core-10.1.5.jar:10.1.5]
?[0m?[0;34m	at org.apache.catalina.core.StandardEngine.startInternal(StandardEngine.java:252) ~[tomcat-embed-core-10.1.5.jar:10.1.5]
?[0m?[0;34m	at org.apache.catalina.util.LifecycleBase.start(LifecycleBase.java:183) ~[tomcat-embed-core-10.1.5.jar:10.1.5]
?[0m?[0;34m	at org.apache.catalina.core.StandardService.startInternal(StandardService.java:430) ~[tomcat-embed-core-10.1.5.jar:10.1.5]
?[0m?[0;34m	at org.apache.catalina.util.LifecycleBase.start(LifecycleBase.java:183) ~[tomcat-embed-core-10.1.5.jar:10.1.5]
?[0m?[0;34m	at org.apache.catalina.core.StandardServer.startInternal(StandardServer.java:926) ~[tomcat-embed-core-10.1.5.jar:10.1.5]
?[0m?[0;34m	at org.apache.catalina.util.LifecycleBase.start(LifecycleBase.java:183) ~[tomcat-embed-core-10.1.5.jar:10.1.5]
?[0m?[0;34m	at org.apache.catalina.startup.Tomcat.start(Tomcat.java:485) ~[tomcat-embed-core-10.1.5.jar:10.1.5]
?[0m?[0;34m	at org.springframework.boot.web.embedded.tomcat.TomcatWebServer.initialize(TomcatWebServer.java:123) ~[spring-boot-3.0.2.jar:3.0.2]
?[0m?[0;34m	at org.springframework.boot.web.embedded.tomcat.TomcatWebServer.<init>(TomcatWebServer.java:104) ~[spring-boot-3.0.2.jar:3.0.2]
?[0m?[0;34m	at org.springframework.boot.web.embedded.tomcat.TomcatServletWebServerFactory.getTomcatWebServer(TomcatServletWebServerFactory.java:486) ~[spring-boot-3.0.2.jar:3.0.2]
?[0m?[0;34m	at org.springframework.boot.web.embedded.tomcat.TomcatServletWebServerFactory.getWebServer(TomcatServletWebServerFactory.java:210) ~[spring-boot-3.0.2.jar:3.0.2]
?[0m?[0;34m	at org.springframework.boot.web.servlet.context.ServletWebServerApplicationContext.createWebServer(ServletWebServerApplicationContext.java:183) ~[spring-boot-3.0.2.jar:3.0.2]
?[0m?[0;34m	at org.springframework.boot.web.servlet.context.ServletWebServerApplicationContext.onRefresh(ServletWebServerApplicationContext.java:161) ~[spring-boot-3.0.2.jar:3.0.2]
?[0m?[0;34m	at org.springframework.context.support.AbstractApplicationContext.refresh(AbstractApplicationContext.java:578) ~[spring-context-6.0.4.jar:6.0.4]
?[0m?[0;34m	at org.springframework.boot.web.servlet.context.ServletWebServerApplicationContext.refresh(ServletWebServerApplicationContext.java:146) ~[spring-boot-3.0.2.jar:3.0.2]
?[0m?[0;34m	at org.springframework.boot.SpringApplication.refresh(SpringApplication.java:730) ~[spring-boot-3.0.2.jar:3.0.2]
?[0m?[0;34m	at org.springframework.boot.SpringApplication.refreshContext(SpringApplication.java:432) ~[spring-boot-3.0.2.jar:3.0.2]
?[0m?[0;34m	at org.springframework.boot.SpringApplication.run(SpringApplication.java:308) ~[spring-boot-3.0.2.jar:3.0.2]
?[0m?[0;34m	at org.springframework.boot.SpringApplication.run(SpringApplication.java:1302) ~[spring-boot-3.0.2.jar:3.0.2]
?[0m?[0;34m	at org.springframework.boot.SpringApplication.run(SpringApplication.java:1291) ~[spring-boot-3.0.2.jar:3.0.2]
?[0m?[0;34m	at antifraud.AntiFraudApplication.main(AntiFraudApplication.java:10) ~[main/:na]
?[0m?[0;34m	at java.base/jdk.internal.reflect.NativeMethodAccessorImpl.invoke0(Native Method) ~[na:na]
?[0m?[0;34m	at java.base/jdk.internal.reflect.NativeMethodAccessorImpl.invoke(NativeMethodAccessorImpl.java:77) ~[na:na]
?[0m?[0;34m	at java.base/jdk.internal.reflect.DelegatingMethodAccessorImpl.invoke(DelegatingMethodAccessorImpl.java:43) ~[na:na]
?[0m?[0;34m	at java.base/java.lang.reflect.Method.invoke(Method.java:568) ~[na:na]
?[0m?[0;34m	at org.hyperskill.hstest.stage.SpringTest.startSpring(SpringTest.java:187) ~[hs-test-release-SNAPSHOT.jar:na]
?[0m?[0;34m	at org.hyperskill.hstest.stage.SpringTest.launchSpring(SpringTest.java:49) ~[hs-test-release-SNAPSHOT.jar:na]
?[0m?[0;34m	at org.hyperskill.hstest.testing.runner.SpringApplicationRunner.launchSpringBootApplication(SpringApplicationRunner.java:20) ~[hs-test-release-SNAPSHOT.jar:na]
?[0m?[0;34m	at org.hyperskill.hstest.testing.runner.SpringApplicationRunner.setUp(SpringApplicationRunner.java:35) ~[hs-test-release-SNAPSHOT.jar:na]
?[0m?[0;34m	at org.hyperskill.hstest.testing.TestRun.setUp(TestRun.java:77) ~[hs-test-release-SNAPSHOT.jar:na]
?[0m?[0;34m	at org.hyperskill.hstest.stage.StageTest.start(StageTest.java:159) ~[hs-test-release-SNAPSHOT.jar:na]
?[0m?[0;34m	at java.base/jdk.internal.reflect.NativeMethodAccessorImpl.invoke0(Native Method) ~[na:na]
?[0m?[0;34m	at java.base/jdk.internal.reflect.NativeMethodAccessorImpl.invoke(NativeMethodAccessorImpl.java:77) ~[na:na]
?[0m?[0;34m	at java.base/jdk.internal.reflect.DelegatingMethodAccessorImpl.invoke(DelegatingMethodAccessorImpl.java:43) ~[na:na]
?[0m?[0;34m	at java.base/java.lang.reflect.Method.invoke(Method.java:568) ~[na:na]
?[0m?[0;34m	at org.junit.runners.model.FrameworkMethod$1.runReflectiveCall(FrameworkMethod.java:59) ~[junit-4.13.2.jar:4.13.2]
?[0m?[0;34m	at org.junit.internal.runners.model.ReflectiveCallable.run(ReflectiveCallable.java:12) ~[junit-4.13.2.jar:4.13.2]
?[0m?[0;34m	at org.junit.runners.model.FrameworkMethod.invokeExplosively(FrameworkMethod.java:56) ~[junit-4.13.2.jar:4.13.2]
?[0m?[0;34m	at org.junit.internal.runners.statements.InvokeMethod.evaluate(InvokeMethod.java:17) ~[junit-4.13.2.jar:4.13.2]
?[0m?[0;34m	at org.junit.internal.runners.statements.RunAfters.evaluate(RunAfters.java:27) ~[junit-4.13.2.jar:4.13.2]
?[0m?[0;34m	at org.junit.runners.ParentRunner$3.evaluate(ParentRunner.java:306) ~[junit-4.13.2.jar:4.13.2]
?[0m?[0;34m	at org.junit.runners.BlockJUnit4ClassRunner$1.evaluate(BlockJUnit4ClassRunner.java:100) ~[junit-4.13.2.jar:4.13.2]
?[0m?[0;34m	at org.junit.runners.ParentRunner.runLeaf(ParentRunner.java:366) ~[junit-4.13.2.jar:4.13.2]
?[0m?[0;34m	at org.junit.runners.BlockJUnit4ClassRunner.runChild(BlockJUnit4ClassRunner.java:103) ~[junit-4.13.2.jar:4.13.2]
?[0m?[0;34m	at org.junit.runners.BlockJUnit4ClassRunner.runChild(BlockJUnit4ClassRunner.java:63) ~[junit-4.13.2.jar:4.13.2]
?[0m?[0;34m	at org.junit.runners.ParentRunner$4.run(ParentRunner.java:331) ~[junit-4.13.2.jar:4.13.2]
?[0m?[0;34m	at org.junit.runners.ParentRunner$1.schedule(ParentRunner.java:79) ~[junit-4.13.2.jar:4.13.2]
?[0m?[0;34m	at org.junit.runners.ParentRunner.runChildren(ParentRunner.java:329) ~[junit-4.13.2.jar:4.13.2]
?[0m?[0;34m	at org.junit.runners.ParentRunner.access$100(ParentRunner.java:66) ~[junit-4.13.2.jar:4.13.2]
?[0m?[0;34m	at org.junit.runners.ParentRunner$2.evaluate(ParentRunner.java:293) ~[junit-4.13.2.jar:4.13.2]
?[0m?[0;34m	at org.junit.runners.ParentRunner$3.evaluate(ParentRunner.java:306) ~[junit-4.13.2.jar:4.13.2]
?[0m?[0;34m	at org.junit.runners.ParentRunner.run(ParentRunner.java:413) ~[junit-4.13.2.jar:4.13.2]
?[0m?[0;34m	at org.gradle.api.internal.tasks.testing.junit.JUnitTestClassExecutor.runTestClass(JUnitTestClassExecutor.java:108) ~[na:na]
?[0m?[0;34m	at org.gradle.api.internal.tasks.testing.junit.JUnitTestClassExecutor.execute(JUnitTestClassExecutor.java:57) ~[na:na]
?[0m?[0;34m	at org.gradle.api.internal.tasks.testing.junit.JUnitTestClassExecutor.execute(JUnitTestClassExecutor.java:39) ~[na:na]
?[0m?[0;34m	at org.gradle.api.internal.tasks.testing.junit.AbstractJUnitTestClassProcessor.processTestClass(AbstractJUnitTestClassProcessor.java:62) ~[na:na]
?[0m?[0;34m	at org.gradle.api.internal.tasks.testing.SuiteTestClassProcessor.processTestClass(SuiteTestClassProcessor.java:52) ~[na:na]
?[0m?[0;34m	at java.base/jdk.internal.reflect.NativeMethodAccessorImpl.invoke0(Native Method) ~[na:na]
?[0m?[0;34m	at java.base/jdk.internal.reflect.NativeMethodAccessorImpl.invoke(NativeMethodAccessorImpl.java:77) ~[na:na]
?[0m?[0;34m	at java.base/jdk.internal.reflect.DelegatingMethodAccessorImpl.invoke(DelegatingMethodAccessorImpl.java:43) ~[na:na]
?[0m?[0;34m	at java.base/java.lang.reflect.Method.invoke(Method.java:568) ~[na:na]
?[0m?[0;34m	at org.gradle.internal.dispatch.ReflectionDispatch.dispatch(ReflectionDispatch.java:36) ~[na:na]
?[0m?[0;34m	at org.gradle.internal.dispatch.ReflectionDispatch.dispatch(ReflectionDispatch.java:24) ~[na:na]
?[0m?[0;34m	at org.gradle.internal.dispatch.ContextClassLoaderDispatch.dispatch(ContextClassLoaderDispatch.java:33) ~[na:na]
?[0m?[0;34m	at org.gradle.internal.dispatch.ProxyDispatchAdapter$DispatchingInvocationHandler.invoke(ProxyDispatchAdapter.java:94) ~[na:na]
?[0m?[0;34m	at jdk.proxy1/jdk.proxy1.$Proxy2.processTestClass(Unknown Source) ~[na:na]
?[0m?[0;34m	at org.gradle.api.internal.tasks.testing.worker.TestWorker$2.run(TestWorker.java:176) ~[na:na]
?[0m?[0;34m	at org.gradle.api.internal.tasks.testing.worker.TestWorker.executeAndMaintainThreadName(TestWorker.java:129) ~[na:na]
?[0m?[0;34m	at org.gradle.api.internal.tasks.testing.worker.TestWorker.execute(TestWorker.java:100) ~[na:na]
?[0m?[0;34m	at org.gradle.api.internal.tasks.testing.worker.TestWorker.execute(TestWorker.java:60) ~[na:na]
?[0m?[0;34m	at org.gradle.process.internal.worker.child.ActionExecutionWorker.execute(ActionExecutionWorker.java:56) ~[na:na]
?[0m?[0;34m	at org.gradle.process.internal.worker.child.SystemApplicationClassLoaderWorker.call(SystemApplicationClassLoaderWorker.java:113) ~[na:na]
?[0m?[0;34m	at org.gradle.process.internal.worker.child.SystemApplicationClassLoaderWorker.call(SystemApplicationClassLoaderWorker.java:65) ~[na:na]
?[0m?[0;34m	at worker.org.gradle.process.internal.worker.GradleWorkerMain.run(GradleWorkerMain.java:69) ~[gradle-worker.jar:na]
?[0m?[0;34m	at worker.org.gradle.process.internal.worker.GradleWorkerMain.main(GradleWorkerMain.java:74) ~[gradle-worker.jar:na]
?[0m?[0;34m
?[0;34m2023-07-16T14:06:57.320+02:00  WARN 1424 --- [alina-utility-1] .t.u.s.PrivilegedSetAccessControlContext : Unable to set field Thread.inheritedAccessControlContext
?[0m?[0;34m
?[0m?[0;34mjava.lang.IllegalAccessException: class org.apache.tomcat.util.security.PrivilegedSetAccessControlContext cannot access a member of class java.lang.Thread (in module java.base) with modifiers "private"
?[0m?[0;34m	at java.base/jdk.internal.reflect.Reflection.newIllegalAccessException(Reflection.java:392) ~[na:na]
?[0m?[0;34m	at java.base/java.lang.reflect.AccessibleObject.checkAccess(AccessibleObject.java:674) ~[na:na]
?[0m?[0;34m	at java.base/java.lang.reflect.Field.checkAccess(Field.java:1102) ~[na:na]
?[0m?[0;34m	at java.base/java.lang.reflect.Field.set(Field.java:797) ~[na:na]
?[0m?[0;34m	at org.apache.tomcat.util.security.PrivilegedSetAccessControlContext.run(PrivilegedSetAccessControlContext.java:60) ~[tomcat-embed-core-10.1.5.jar:10.1.5]
?[0m?[0;34m	at org.apache.tomcat.util.security.PrivilegedSetAccessControlContext.run(PrivilegedSetAccessControlContext.java:28) ~[tomcat-embed-core-10.1.5.jar:10.1.5]
?[0m?[0;34m	at java.base/java.security.AccessController.doPrivileged(AccessController.java:318) ~[na:na]
?[0m?[0;34m	at org.apache.tomcat.util.threads.TaskThreadFactory.newThread(TaskThreadFactory.java:64) ~[tomcat-embed-core-10.1.5.jar:10.1.5]
?[0m?[0;34m	at java.base/java.util.concurrent.ThreadPoolExecutor$Worker.<init>(ThreadPoolExecutor.java:630) ~[na:na]
?[0m?[0;34m	at java.base/java.util.concurrent.ThreadPoolExecutor.addWorker(ThreadPoolExecutor.java:920) ~[na:na]
?[0m?[0;34m	at java.base/java.util.concurrent.ThreadPoolExecutor.ensurePrestart(ThreadPoolExecutor.java:1593) ~[na:na]
?[0m?[0;34m	at java.base/java.util.concurrent.ScheduledThreadPoolExecutor.delayedExecute(ScheduledThreadPoolExecutor.java:346) ~[na:na]
?[0m?[0;34m	at java.base/java.util.concurrent.ScheduledThreadPoolExecutor.scheduleWithFixedDelay(ScheduledThreadPoolExecutor.java:680) ~[na:na]
?[0m?[0;34m	at org.apache.tomcat.util.threads.ScheduledThreadPoolExecutor.scheduleWithFixedDelay(ScheduledThreadPoolExecutor.java:138) ~[tomcat-embed-core-10.1.5.jar:10.1.5]
?[0m?[0;34m	at org.apache.catalina.core.ContainerBase.threadStart(ContainerBase.java:1291) ~[tomcat-embed-core-10.1.5.jar:10.1.5]
?[0m?[0;34m	at org.apache.catalina.core.ContainerBase$ContainerBackgroundProcessorMonitor.run(ContainerBase.java:1331) ~[tomcat-embed-core-10.1.5.jar:10.1.5]
?[0m?[0;34m	at java.base/java.util.concurrent.Executors$RunnableAdapter.call(Executors.java:539) ~[na:na]
?[0m?[0;34m	at java.base/java.util.concurrent.FutureTask.runAndReset(FutureTask.java:305) ~[na:na]
?[0m?[0;34m	at java.base/java.util.concurrent.ScheduledThreadPoolExecutor$ScheduledFutureTask.run(ScheduledThreadPoolExecutor.java:305) ~[na:na]
?[0m?[0;34m	at java.base/java.util.concurrent.ThreadPoolExecutor.runWorker(ThreadPoolExecutor.java:1136) ~[na:na]
?[0m?[0;34m	at java.base/java.util.concurrent.ThreadPoolExecutor$Worker.run(ThreadPoolExecutor.java:635) ~[na:na]
?[0m?[0;34m	at org.apache.tomcat.util.threads.TaskThread$WrappingRunnable.run(TaskThread.java:61) ~[tomcat-embed-core-10.1.5.jar:10.1.5]
?[0m?[0;34m	at java.base/java.lang.Thread.run(Thread.java:833) ~[na:na]
?[0m?[0;34m
?[0m?[0;34m2023-07-16T14:06:57.477+02:00  INFO 1424 --- [    Test worker] o.hibernate.jpa.internal.util.LogHelper  : HHH000204: Processing PersistenceUnitInfo [name: default]
?[0m?[0;34m2023-07-16T14:06:57.571+02:00  INFO 1424 --- [    Test worker] org.hibernate.Version                    : HHH000412: Hibernate ORM core version 6.1.6.Final
?[0m?[0;34m2023-07-16T14:06:57.920+02:00  WARN 1424 --- [    Test worker] org.hibernate.orm.deprecation            : HHH90000021: Encountered deprecated setting [javax.persistence.sharedCache.mode], use [jakarta.persistence.sharedCache.mode] instead
?[0m?[0;34m2023-07-16T14:06:58.203+02:00  INFO 1424 --- [    Test worker] com.zaxxer.hikari.HikariDataSource       : HikariPool-1 - Starting...
?[0m?[0;34m2023-07-16T14:06:58.581+02:00  INFO 1424 --- [    Test worker] com.zaxxer.hikari.pool.HikariPool        : HikariPool-1 - Added connection conn0: url=jdbc:h2:file:../service_db user=
?[0m?[0;34m2023-07-16T14:06:58.581+02:00  INFO 1424 --- [    Test worker] com.zaxxer.hikari.HikariDataSource       : HikariPool-1 - Start completed.
?[0m?[0;34m2023-07-16T14:06:58.613+02:00  INFO 1424 --- [    Test worker] SQL dialect                              : HHH000400: Using dialect: org.hibernate.dialect.H2Dialect
?[0m?[0;34mHibernate: create table limits (id bigint not null, max_value bigint, type varchar(255), primary key (id))
?[0m?[0;34mHibernate: create table stolen_cards (id bigint not null, number varchar(255) not null, primary key (id))
?[0m?[0;34mHibernate: create table suspicious_IPs (id bigint not null, ip varchar(255) not null, primary key (id))
?[0m?[0;34mHibernate: create table transactions (id bigint not null, amount bigint not null, date timestamp(6) not null, feedback varchar(255), ip varchar(255) not null, number varchar(255) not null, region varchar(255) not null, result varchar(255) not null, primary key (id))
?[0m?[0;34mHibernate: create table users (id bigint not null, locked boolean, name varchar(255) not null, password varchar(255) not null, role varchar(255), username varchar(255) not null, primary key (id))
?[0m?[0;34mHibernate: alter table if exists users drop constraint if exists UK_r43af9ap4edm43mmtq01oddj6
?[0m?[0;34mHibernate: alter table if exists users add constraint UK_r43af9ap4edm43mmtq01oddj6 unique (username)
?[0m?[0;34mHibernate: create sequence limits_SEQ start with 1 increment by 50
?[0m?[0;34mHibernate: create sequence stolen_cards_SEQ start with 1 increment by 50
?[0m?[0;34mHibernate: create sequence suspicious_IPs_SEQ start with 1 increment by 50
?[0m?[0;34mHibernate: create sequence transactions_SEQ start with 1 increment by 50
?[0m?[0;34mHibernate: create sequence users_SEQ start with 1 increment by 50
?[0m?[0;34m2023-07-16T14:07:00.382+02:00  INFO 1424 --- [    Test worker] o.h.e.t.j.p.i.JtaPlatformInitiator       : HHH000490: Using JtaPlatform implementation: [org.hibernate.engine.transaction.jta.platform.internal.NoJtaPlatform]
?[0m?[0;34m2023-07-16T14:07:00.400+02:00  INFO 1424 --- [    Test worker] j.LocalContainerEntityManagerFactoryBean : Initialized JPA EntityManagerFactory for persistence unit 'default'
?[0m?[0;34m2023-07-16T14:07:01.215+02:00  WARN 1424 --- [    Test worker] JpaBaseConfiguration$JpaWebConfiguration : spring.jpa.open-in-view is enabled by default. Therefore, database queries may be performed during view rendering. Explicitly configure spring.jpa.open-in-view to disable this warning
?[0m?[0;34m2023-07-16T14:07:01.946+02:00  INFO 1424 --- [    Test worker] o.s.b.a.e.web.EndpointLinksResolver      : Exposing 14 endpoint(s) beneath base path '/actuator'
?[0m?[0;34m2023-07-16T14:07:02.041+02:00  INFO 1424 --- [    Test worker] o.s.s.web.DefaultSecurityFilterChain     : Will secure any request with [org.springframework.security.web.session.DisableEncodeUrlFilter@56dae6, org.springframework.security.web.context.request.async.WebAsyncManagerIntegrationFilter@57fe6f2d, org.springframework.security.web.context.SecurityContextHolderFilter@35920655, org.springframework.security.web.header.HeaderWriterFilter@13ac1657, org.springframework.security.web.authentication.logout.LogoutFilter@74e111a8, org.springframework.security.web.authentication.www.BasicAuthenticationFilter@f6b128b, org.springframework.security.web.savedrequest.RequestCacheAwareFilter@6108c962, org.springframework.security.web.servletapi.SecurityContextHolderAwareRequestFilter@48900d4a, org.springframework.security.web.authentication.AnonymousAuthenticationFilter@6e43c01f, org.springframework.security.web.session.SessionManagementFilter@28d74041, org.springframework.security.web.access.ExceptionTranslationFilter@54e39504, org.springframework.security.web.access.intercept.AuthorizationFilter@7018636a]
?[0m?[0;34m2023-07-16T14:07:02.651+02:00  WARN 1424 --- [    Test worker] .t.u.s.PrivilegedSetAccessControlContext : Unable to set field Thread.inheritedAccessControlContext
?[0m?[0;34m
?[0m?[0;34mjava.lang.IllegalAccessException: class org.apache.tomcat.util.security.PrivilegedSetAccessControlContext cannot access a member of class java.lang.Thread (in module java.base) with modifiers "private"
?[0m?[0;34m	at java.base/jdk.internal.reflect.Reflection.newIllegalAccessException(Reflection.java:392) ~[na:na]
?[0m?[0;34m	at java.base/java.lang.reflect.AccessibleObject.checkAccess(AccessibleObject.java:674) ~[na:na]
?[0m?[0;34m	at java.base/java.lang.reflect.Field.checkAccess(Field.java:1102) ~[na:na]
?[0m?[0;34m	at java.base/java.lang.reflect.Field.set(Field.java:797) ~[na:na]
?[0m?[0;34m	at org.apache.tomcat.util.security.PrivilegedSetAccessControlContext.run(PrivilegedSetAccessControlContext.java:60) ~[tomcat-embed-core-10.1.5.jar:10.1.5]
?[0m?[0;34m	at org.apache.tomcat.util.security.PrivilegedSetAccessControlContext.run(PrivilegedSetAccessControlContext.java:28) ~[tomcat-embed-core-10.1.5.jar:10.1.5]
?[0m?[0;34m	at java.base/java.security.AccessController.doPrivileged(AccessController.java:318) ~[na:na]
?[0m?[0;34m	at org.apache.tomcat.util.threads.TaskThreadFactory.newThread(TaskThreadFactory.java:64) ~[tomcat-embed-core-10.1.5.jar:10.1.5]
?[0m?[0;34m	at org.apache.tomcat.util.threads.ThreadPoolExecutor$Worker.<init>(ThreadPoolExecutor.java:653) ~[tomcat-embed-core-10.1.5.jar:10.1.5]
?[0m?[0;34m	at org.apache.tomcat.util.threads.ThreadPoolExecutor.addWorker(ThreadPoolExecutor.java:957) ~[tomcat-embed-core-10.1.5.jar:10.1.5]
?[0m?[0;34m	at org.apache.tomcat.util.threads.ThreadPoolExecutor.prestartAllCoreThreads(ThreadPoolExecutor.java:1694) ~[tomcat-embed-core-10.1.5.jar:10.1.5]
?[0m?[0;34m	at org.apache.tomcat.util.threads.ThreadPoolExecutor.<init>(ThreadPoolExecutor.java:1370) ~[tomcat-embed-core-10.1.5.jar:10.1.5]
?[0m?[0;34m	at org.apache.tomcat.util.threads.ThreadPoolExecutor.<init>(ThreadPoolExecutor.java:1280) ~[tomcat-embed-core-10.1.5.jar:10.1.5]
?[0m?[0;34m	at org.apache.tomcat.util.net.AbstractEndpoint.createExecutor(AbstractEndpoint.java:948) ~[tomcat-embed-core-10.1.5.jar:10.1.5]
?[0m?[0;34m	at org.apache.tomcat.util.net.NioEndpoint.startInternal(NioEndpoint.java:279) ~[tomcat-embed-core-10.1.5.jar:10.1.5]
?[0m?[0;34m	at org.apache.tomcat.util.net.AbstractEndpoint.start(AbstractEndpoint.java:1261) ~[tomcat-embed-core-10.1.5.jar:10.1.5]
?[0m?[0;34m	at org.apache.coyote.AbstractProtocol.start(AbstractProtocol.java:586) ~[tomcat-embed-core-10.1.5.jar:10.1.5]
?[0m?[0;34m	at org.apache.catalina.connector.Connector.startInternal(Connector.java:1081) ~[tomcat-embed-core-10.1.5.jar:10.1.5]
?[0m?[0;34m	at org.apache.catalina.util.LifecycleBase.start(LifecycleBase.java:183) ~[tomcat-embed-core-10.1.5.jar:10.1.5]
?[0m?[0;34m	at org.apache.catalina.core.StandardService.addConnector(StandardService.java:234) ~[tomcat-embed-core-10.1.5.jar:10.1.5]
?[0m?[0;34m	at org.springframework.boot.web.embedded.tomcat.TomcatWebServer.addPreviouslyRemovedConnectors(TomcatWebServer.java:282) ~[spring-boot-3.0.2.jar:3.0.2]
?[0m?[0;34m	at org.springframework.boot.web.embedded.tomcat.TomcatWebServer.start(TomcatWebServer.java:213) ~[spring-boot-3.0.2.jar:3.0.2]
?[0m?[0;34m	at org.springframework.boot.web.servlet.context.WebServerStartStopLifecycle.start(WebServerStartStopLifecycle.java:44) ~[spring-boot-3.0.2.jar:3.0.2]
?[0m?[0;34m	at org.springframework.context.support.DefaultLifecycleProcessor.doStart(DefaultLifecycleProcessor.java:178) ~[spring-context-6.0.4.jar:6.0.4]
?[0m?[0;34m	at org.springframework.context.support.DefaultLifecycleProcessor$LifecycleGroup.start(DefaultLifecycleProcessor.java:356) ~[spring-context-6.0.4.jar:6.0.4]
?[0m?[0;34m	at java.base/java.lang.Iterable.forEach(Iterable.java:75) ~[na:na]
?[0m?[0;34m	at org.springframework.context.support.DefaultLifecycleProcessor.startBeans(DefaultLifecycleProcessor.java:155) ~[spring-context-6.0.4.jar:6.0.4]
?[0m?[0;34m	at org.springframework.context.support.DefaultLifecycleProcessor.onRefresh(DefaultLifecycleProcessor.java:123) ~[spring-context-6.0.4.jar:6.0.4]
?[0m?[0;34m	at org.springframework.context.support.AbstractApplicationContext.finishRefresh(AbstractApplicationContext.java:932) ~[spring-context-6.0.4.jar:6.0.4]
?[0m?[0;34m	at org.springframework.context.support.AbstractApplicationContext.refresh(AbstractApplicationContext.java:587) ~[spring-context-6.0.4.jar:6.0.4]
?[0m?[0;34m	at org.springframework.boot.web.servlet.context.ServletWebServerApplicationContext.refresh(ServletWebServerApplicationContext.java:146) ~[spring-boot-3.0.2.jar:3.0.2]
?[0m?[0;34m	at org.springframework.boot.SpringApplication.refresh(SpringApplication.java:730) ~[spring-boot-3.0.2.jar:3.0.2]
?[0m?[0;34m	at org.springframework.boot.SpringApplication.refreshContext(SpringApplication.java:432) ~[spring-boot-3.0.2.jar:3.0.2]
?[0m?[0;34m	at org.springframework.boot.SpringApplication.run(SpringApplication.java:308) ~[spring-boot-3.0.2.jar:3.0.2]
?[0m?[0;34m	at org.springframework.boot.SpringApplication.run(SpringApplication.java:1302) ~[spring-boot-3.0.2.jar:3.0.2]
?[0m?[0;34m	at org.springframework.boot.SpringApplication.run(SpringApplication.java:1291) ~[spring-boot-3.0.2.jar:3.0.2]
?[0m?[0;34m	at antifraud.AntiFraudApplication.main(AntiFraudApplication.java:10) ~[main/:na]
?[0m?[0;34m	at java.base/jdk.internal.reflect.NativeMethodAccessorImpl.invoke0(Native Method) ~[na:na]
?[0m?[0;34m	at java.base/jdk.internal.reflect.NativeMethodAccessorImpl.invoke(NativeMethodAccessorImpl.java:77) ~[na:na]
?[0m?[0;34m	at java.base/jdk.internal.reflect.DelegatingMethodAccessorImpl.invoke(DelegatingMethodAccessorImpl.java:43) ~[na:na]
?[0m?[0;34m	at java.base/java.lang.reflect.Method.invoke(Method.java:568) ~[na:na]
?[0m?[0;34m	at org.hyperskill.hstest.stage.SpringTest.startSpring(SpringTest.java:187) ~[hs-test-release-SNAPSHOT.jar:na]
?[0m?[0;34m	at org.hyperskill.hstest.stage.SpringTest.launchSpring(SpringTest.java:49) ~[hs-test-release-SNAPSHOT.jar:na]
?[0m?[0;34m	at org.hyperskill.hstest.testing.runner.SpringApplicationRunner.launchSpringBootApplication(SpringApplicationRunner.java:20) ~[hs-test-release-SNAPSHOT.jar:na]
?[0m?[0;34m	at org.hyperskill.hstest.testing.runner.SpringApplicationRunner.setUp(SpringApplicationRunner.java:35) ~[hs-test-release-SNAPSHOT.jar:na]
?[0m?[0;34m	at org.hyperskill.hstest.testing.TestRun.setUp(TestRun.java:77) ~[hs-test-release-SNAPSHOT.jar:na]
?[0m?[0;34m	at org.hyperskill.hstest.stage.StageTest.start(StageTest.java:159) ~[hs-test-release-SNAPSHOT.jar:na]
?[0m?[0;34m	at java.base/jdk.internal.reflect.NativeMethodAccessorImpl.invoke0(Native Method) ~[na:na]
?[0m?[0;34m	at java.base/jdk.internal.reflect.NativeMethodAccessorImpl.invoke(NativeMethodAccessorImpl.java:77) ~[na:na]
?[0m?[0;34m	at java.base/jdk.internal.reflect.DelegatingMethodAccessorImpl.invoke(DelegatingMethodAccessorImpl.java:43) ~[na:na]
?[0m?[0;34m	at java.base/java.lang.reflect.Method.invoke(Method.java:568) ~[na:na]
?[0m?[0;34m	at org.junit.runners.model.FrameworkMethod$1.runReflectiveCall(FrameworkMethod.java:59) ~[junit-4.13.2.jar:4.13.2]
?[0m?[0;34m	at org.junit.internal.runners.model.ReflectiveCallable.run(ReflectiveCallable.java:12) ~[junit-4.13.2.jar:4.13.2]
?[0m?[0;34m	at org.junit.runners.model.FrameworkMethod.invokeExplosively(FrameworkMethod.java:56) ~[junit-4.13.2.jar:4.13.2]
?[0m?[0;34m	at org.junit.internal.runners.statements.InvokeMethod.evaluate(InvokeMethod.java:17) ~[junit-4.13.2.jar:4.13.2]
?[0m?[0;34m	at org.junit.internal.runners.statements.RunAfters.evaluate(RunAfters.java:27) ~[junit-4.13.2.jar:4.13.2]
?[0m?[0;34m	at org.junit.runners.ParentRunner$3.evaluate(ParentRunner.java:306) ~[junit-4.13.2.jar:4.13.2]
?[0m?[0;34m	at org.junit.runners.BlockJUnit4ClassRunner$1.evaluate(BlockJUnit4ClassRunner.java:100) ~[junit-4.13.2.jar:4.13.2]
?[0m?[0;34m	at org.junit.runners.ParentRunner.runLeaf(ParentRunner.java:366) ~[junit-4.13.2.jar:4.13.2]
?[0m?[0;34m	at org.junit.runners.BlockJUnit4ClassRunner.runChild(BlockJUnit4ClassRunner.java:103) ~[junit-4.13.2.jar:4.13.2]
?[0m?[0;34m	at org.junit.runners.BlockJUnit4ClassRunner.runChild(BlockJUnit4ClassRunner.java:63) ~[junit-4.13.2.jar:4.13.2]
?[0m?[0;34m	at org.junit.runners.ParentRunner$4.run(ParentRunner.java:331) ~[junit-4.13.2.jar:4.13.2]
?[0m?[0;34m	at org.junit.runners.ParentRunner$1.schedule(ParentRunner.java:79) ~[junit-4.13.2.jar:4.13.2]
?[0m?[0;34m	at org.junit.runners.ParentRunner.runChildren(ParentRunner.java:329) ~[junit-4.13.2.jar:4.13.2]
?[0m?[0;34m	at org.junit.runners.ParentRunner.access$100(ParentRunner.java:66) ~[junit-4.13.2.jar:4.13.2]
?[0m?[0;34m	at org.junit.runners.ParentRunner$2.evaluate(ParentRunner.java:293) ~[junit-4.13.2.jar:4.13.2]
?[0m?[0;34m	at org.junit.runners.ParentRunner$3.evaluate(ParentRunner.java:306) ~[junit-4.13.2.jar:4.13.2]
?[0m?[0;34m	at org.junit.runners.ParentRunner.run(ParentRunner.java:413) ~[junit-4.13.2.jar:4.13.2]
?[0m?[0;34m	at org.gradle.api.internal.tasks.testing.junit.JUnitTestClassExecutor.runTestClass(JUnitTestClassExecutor.java:108) ~[na:na]
?[0m?[0;34m	at org.gradle.api.internal.tasks.testing.junit.JUnitTestClassExecutor.execute(JUnitTestClassExecutor.java:57) ~[na:na]
?[0m?[0;34m	at org.gradle.api.internal.tasks.testing.junit.JUnitTestClassExecutor.execute(JUnitTestClassExecutor.java:39) ~[na:na]
?[0m?[0;34m	at org.gradle.api.internal.tasks.testing.junit.AbstractJUnitTestClassProcessor.processTestClass(AbstractJUnitTestClassProcessor.java:62) ~[na:na]
?[0m?[0;34m	at org.gradle.api.internal.tasks.testing.SuiteTestClassProcessor.processTestClass(SuiteTestClassProcessor.java:52) ~[na:na]
?[0m?[0;34m	at java.base/jdk.internal.reflect.NativeMethodAccessorImpl.invoke0(Native Method) ~[na:na]
?[0m?[0;34m	at java.base/jdk.internal.reflect.NativeMethodAccessorImpl.invoke(NativeMethodAccessorImpl.java:77) ~[na:na]
?[0m?[0;34m	at java.base/jdk.internal.reflect.DelegatingMethodAccessorImpl.invoke(DelegatingMethodAccessorImpl.java:43) ~[na:na]
?[0m?[0;34m	at java.base/java.lang.reflect.Method.invoke(Method.java:568) ~[na:na]
?[0m?[0;34m	at org.gradle.internal.dispatch.ReflectionDispatch.dispatch(ReflectionDispatch.java:36) ~[na:na]
?[0m?[0;34m	at org.gradle.internal.dispatch.ReflectionDispatch.dispatch(ReflectionDispatch.java:24) ~[na:na]
?[0m?[0;34m	at org.gradle.internal.dispatch.ContextClassLoaderDispatch.dispatch(ContextClassLoaderDispatch.java:33) ~[na:na]
?[0m?[0;34m	at org.gradle.internal.dispatch.ProxyDispatchAdapter$DispatchingInvocationHandler.invoke(ProxyDispatchAdapter.java:94) ~[na:na]
?[0m?[0;34m	at jdk.proxy1/jdk.proxy1.$Proxy2.processTestClass(Unknown Source) ~[na:na]
?[0m?[0;34m	at org.gradle.api.internal.tasks.testing.worker.TestWorker$2.run(TestWorker.java:176) ~[na:na]
?[0m?[0;34m	at org.gradle.api.internal.tasks.testing.worker.TestWorker.executeAndMaintainThreadName(TestWorker.java:129) ~[na:na]
?[0m?[0;34m	at org.gradle.api.internal.tasks.testing.worker.TestWorker.execute(TestWorker.java:100) ~[na:na]
?[0m?[0;34m	at org.gradle.api.internal.tasks.testing.worker.TestWorker.execute(TestWorker.java:60) ~[na:na]
?[0m?[0;34m	at org.gradle.process.internal.worker.child.ActionExecutionWorker.execute(ActionExecutionWorker.java:56) ~[na:na]
?[0m?[0;34m	at org.gradle.process.internal.worker.child.SystemApplicationClassLoaderWorker.call(SystemApplicationClassLoaderWorker.java:113) ~[na:na]
?[0m?[0;34m	at org.gradle.process.internal.worker.child.SystemApplicationClassLoaderWorker.call(SystemApplicationClassLoaderWorker.java:65) ~[na:na]
?[0m?[0;34m	at worker.org.gradle.process.internal.worker.GradleWorkerMain.run(GradleWorkerMain.java:69) ~[gradle-worker.jar:na]
?[0m?[0;34m	at worker.org.gradle.process.internal.worker.GradleWorkerMain.main(GradleWorkerMain.java:74) ~[gradle-worker.jar:na]
?[0m?[0;34m
?[0m?[0;34m2023-07-16T14:07:02.666+02:00  WARN 1424 --- [    Test worker] .t.u.s.PrivilegedSetAccessControlContext : Unable to set field Thread.inheritedAccessControlContext
?[0m?[0;34m
?[0m?[0;34mjava.lang.IllegalAccessException: class org.apache.tomcat.util.security.PrivilegedSetAccessControlContext cannot access a member of class java.lang.Thread (in module java.base) with modifiers "private"
?[0m?[0;34m	at java.base/jdk.internal.reflect.Reflection.newIllegalAccessException(Reflection.java:392) ~[na:na]
?[0m?[0;34m	at java.base/java.lang.reflect.AccessibleObject.checkAccess(AccessibleObject.java:674) ~[na:na]
?[0m?[0;34m	at java.base/java.lang.reflect.Field.checkAccess(Field.java:1102) ~[na:na]
?[0m?[0;34m	at java.base/java.lang.reflect.Field.set(Field.java:797) ~[na:na]
?[0m?[0;34m	at org.apache.tomcat.util.security.PrivilegedSetAccessControlContext.run(PrivilegedSetAccessControlContext.java:60) ~[tomcat-embed-core-10.1.5.jar:10.1.5]
?[0m?[0;34m	at org.apache.tomcat.util.security.PrivilegedSetAccessControlContext.run(PrivilegedSetAccessControlContext.java:28) ~[tomcat-embed-core-10.1.5.jar:10.1.5]
?[0m?[0;34m	at java.base/java.security.AccessController.doPrivileged(AccessController.java:318) ~[na:na]
?[0m?[0;34m	at org.apache.tomcat.util.threads.TaskThreadFactory.newThread(TaskThreadFactory.java:64) ~[tomcat-embed-core-10.1.5.jar:10.1.5]
?[0m?[0;34m	at org.apache.tomcat.util.threads.ThreadPoolExecutor$Worker.<init>(ThreadPoolExecutor.java:653) ~[tomcat-embed-core-10.1.5.jar:10.1.5]
?[0m?[0;34m	at org.apache.tomcat.util.threads.ThreadPoolExecutor.addWorker(ThreadPoolExecutor.java:957) ~[tomcat-embed-core-10.1.5.jar:10.1.5]
?[0m?[0;34m	at org.apache.tomcat.util.threads.ThreadPoolExecutor.prestartAllCoreThreads(ThreadPoolExecutor.java:1694) ~[tomcat-embed-core-10.1.5.jar:10.1.5]
?[0m?[0;34m	at org.apache.tomcat.util.threads.ThreadPoolExecutor.<init>(ThreadPoolExecutor.java:1370) ~[tomcat-embed-core-10.1.5.jar:10.1.5]
?[0m?[0;34m	at org.apache.tomcat.util.threads.ThreadPoolExecutor.<init>(ThreadPoolExecutor.java:1280) ~[tomcat-embed-core-10.1.5.jar:10.1.5]
?[0m?[0;34m	at org.apache.tomcat.util.net.AbstractEndpoint.createExecutor(AbstractEndpoint.java:948) ~[tomcat-embed-core-10.1.5.jar:10.1.5]
?[0m?[0;34m	at org.apache.tomcat.util.net.NioEndpoint.startInternal(NioEndpoint.java:279) ~[tomcat-embed-core-10.1.5.jar:10.1.5]
?[0m?[0;34m	at org.apache.tomcat.util.net.AbstractEndpoint.start(AbstractEndpoint.java:1261) ~[tomcat-embed-core-10.1.5.jar:10.1.5]
?[0m?[0;34m	at org.apache.coyote.AbstractProtocol.start(AbstractProtocol.java:586) ~[tomcat-embed-core-10.1.5.jar:10.1.5]
?[0m?[0;34m	at org.apache.catalina.connector.Connector.startInternal(Connector.java:1081) ~[tomcat-embed-core-10.1.5.jar:10.1.5]
?[0m?[0;34m	at org.apache.catalina.util.LifecycleBase.start(LifecycleBase.java:183) ~[tomcat-embed-core-10.1.5.jar:10.1.5]
?[0m?[0;34m	at org.apache.catalina.core.StandardService.addConnector(StandardService.java:234) ~[tomcat-embed-core-10.1.5.jar:10.1.5]
?[0m?[0;34m	at org.springframework.boot.web.embedded.tomcat.TomcatWebServer.addPreviouslyRemovedConnectors(TomcatWebServer.java:282) ~[spring-boot-3.0.2.jar:3.0.2]
?[0m?[0;34m	at org.springframework.boot.web.embedded.tomcat.TomcatWebServer.start(TomcatWebServer.java:213) ~[spring-boot-3.0.2.jar:3.0.2]
?[0m?[0;34m	at org.springframework.boot.web.servlet.context.WebServerStartStopLifecycle.start(WebServerStartStopLifecycle.java:44) ~[spring-boot-3.0.2.jar:3.0.2]
?[0m?[0;34m	at org.springframework.context.support.DefaultLifecycleProcessor.doStart(DefaultLifecycleProcessor.java:178) ~[spring-context-6.0.4.jar:6.0.4]
?[0m?[0;34m	at org.springframework.context.support.DefaultLifecycleProcessor$LifecycleGroup.start(DefaultLifecycleProcessor.java:356) ~[spring-context-6.0.4.jar:6.0.4]
?[0m?[0;34m	at java.base/java.lang.Iterable.forEach(Iterable.java:75) ~[na:na]
?[0m?[0;34m	at org.springframework.context.support.DefaultLifecycleProcessor.startBeans(DefaultLifecycleProcessor.java:155) ~[spring-context-6.0.4.jar:6.0.4]
?[0m?[0;34m	at org.springframework.context.support.DefaultLifecycleProcessor.onRefresh(DefaultLifecycleProcessor.java:123) ~[spring-context-6.0.4.jar:6.0.4]
?[0m?[0;34m	at org.springframework.context.support.AbstractApplicationContext.finishRefresh(AbstractApplicationContext.java:932) ~[spring-context-6.0.4.jar:6.0.4]
?[0m?[0;34m	at org.springframework.context.support.AbstractApplicationContext.refresh(AbstractApplicationContext.java:587) ~[spring-context-6.0.4.jar:6.0.4]
?[0m?[0;34m	at org.springframework.boot.web.servlet.context.ServletWebServerApplicationContext.refresh(ServletWebServerApplicationContext.java:146) ~[spring-boot-3.0.2.jar:3.0.2]
?[0m?[0;34m	at org.springframework.boot.SpringApplication.refresh(SpringApplication.java:730) ~[spring-boot-3.0.2.jar:3.0.2]
?[0m?[0;34m	at org.springframework.boot.SpringApplication.refreshContext(SpringApplication.java:432) ~[spring-boot-3.0.2.jar:3.0.2]
?[0m?[0;34m	at org.springframework.boot.SpringApplication.run(SpringApplication.java:308) ~[spring-boot-3.0.2.jar:3.0.2]
?[0m?[0;34m	at org.springframework.boot.SpringApplication.run(SpringApplication.java:1302) ~[spring-boot-3.0.2.jar:3.0.2]
?[0m?[0;34m	at org.springframework.boot.SpringApplication.run(SpringApplication.java:1291) ~[spring-boot-3.0.2.jar:3.0.2]
?[0m?[0;34m	at antifraud.AntiFraudApplication.main(AntiFraudApplication.java:10) ~[main/:na]
?[0m?[0;34m	at java.base/jdk.internal.reflect.NativeMethodAccessorImpl.invoke0(Native Method) ~[na:na]
?[0m?[0;34m	at java.base/jdk.internal.reflect.NativeMethodAccessorImpl.invoke(NativeMethodAccessorImpl.java:77) ~[na:na]
?[0m?[0;34m	at java.base/jdk.internal.reflect.DelegatingMethodAccessorImpl.invoke(DelegatingMethodAccessorImpl.java:43) ~[na:na]
?[0m?[0;34m	at java.base/java.lang.reflect.Method.invoke(Method.java:568) ~[na:na]
?[0m?[0;34m	at org.hyperskill.hstest.stage.SpringTest.startSpring(SpringTest.java:187) ~[hs-test-release-SNAPSHOT.jar:na]
?[0m?[0;34m	at org.hyperskill.hstest.stage.SpringTest.launchSpring(SpringTest.java:49) ~[hs-test-release-SNAPSHOT.jar:na]
?[0m?[0;34m	at org.hyperskill.hstest.testing.runner.SpringApplicationRunner.launchSpringBootApplication(SpringApplicationRunner.java:20) ~[hs-test-release-SNAPSHOT.jar:na]
?[0m?[0;34m	at org.hyperskill.hstest.testing.runner.SpringApplicationRunner.setUp(SpringApplicationRunner.java:35) ~[hs-test-release-SNAPSHOT.jar:na]
?[0m?[0;34m	at org.hyperskill.hstest.testing.TestRun.setUp(TestRun.java:77) ~[hs-test-release-SNAPSHOT.jar:na]
?[0m?[0;34m	at org.hyperskill.hstest.stage.StageTest.start(StageTest.java:159) ~[hs-test-release-SNAPSHOT.jar:na]
?[0m?[0;34m	at java.base/jdk.internal.reflect.NativeMethodAccessorImpl.invoke0(Native Method) ~[na:na]
?[0m?[0;34m	at java.base/jdk.internal.reflect.NativeMethodAccessorImpl.invoke(NativeMethodAccessorImpl.java:77) ~[na:na]
?[0m?[0;34m	at java.base/jdk.internal.reflect.DelegatingMethodAccessorImpl.invoke(DelegatingMethodAccessorImpl.java:43) ~[na:na]
?[0m?[0;34m	at java.base/java.lang.reflect.Method.invoke(Method.java:568) ~[na:na]
?[0m?[0;34m	at org.junit.runners.model.FrameworkMethod$1.runReflectiveCall(FrameworkMethod.java:59) ~[junit-4.13.2.jar:4.13.2]
?[0m?[0;34m	at org.junit.internal.runners.model.ReflectiveCallable.run(ReflectiveCallable.java:12) ~[junit-4.13.2.jar:4.13.2]
?[0m?[0;34m	at org.junit.runners.model.FrameworkMethod.invokeExplosively(FrameworkMethod.java:56) ~[junit-4.13.2.jar:4.13.2]
?[0m?[0;34m	at org.junit.internal.runners.statements.InvokeMethod.evaluate(InvokeMethod.java:17) ~[junit-4.13.2.jar:4.13.2]
?[0m?[0;34m	at org.junit.internal.runners.statements.RunAfters.evaluate(RunAfters.java:27) ~[junit-4.13.2.jar:4.13.2]
?[0m?[0;34m	at org.junit.runners.ParentRunner$3.evaluate(ParentRunner.java:306) ~[junit-4.13.2.jar:4.13.2]
?[0m?[0;34m	at org.junit.runners.BlockJUnit4ClassRunner$1.evaluate(BlockJUnit4ClassRunner.java:100) ~[junit-4.13.2.jar:4.13.2]
?[0m?[0;34m	at org.junit.runners.ParentRunner.runLeaf(ParentRunner.java:366) ~[junit-4.13.2.jar:4.13.2]
?[0m?[0;34m	at org.junit.runners.BlockJUnit4ClassRunner.runChild(BlockJUnit4ClassRunner.java:103) ~[junit-4.13.2.jar:4.13.2]
?[0m?[0;34m	at org.junit.runners.BlockJUnit4ClassRunner.runChild(BlockJUnit4ClassRunner.java:63) ~[junit-4.13.2.jar:4.13.2]
?[0m?[0;34m	at org.junit.runners.ParentRunner$4.run(ParentRunner.java:331) ~[junit-4.13.2.jar:4.13.2]
?[0m?[0;34m	at org.junit.runners.ParentRunner$1.schedule(ParentRunner.java:79) ~[junit-4.13.2.jar:4.13.2]
?[0m?[0;34m	at org.junit.runners.ParentRunner.runChildren(ParentRunner.java:329) ~[junit-4.13.2.jar:4.13.2]
?[0m?[0;34m	at org.junit.runners.ParentRunner.access$100(ParentRunner.java:66) ~[junit-4.13.2.jar:4.13.2]
?[0m?[0;34m	at org.junit.runners.ParentRunner$2.evaluate(ParentRunner.java:293) ~[junit-4.13.2.jar:4.13.2]
?[0m?[0;34m	at org.junit.runners.ParentRunner$3.evaluate(ParentRunner.java:306) ~[junit-4.13.2.jar:4.13.2]
?[0m?[0;34m	at org.junit.runners.ParentRunner.run(ParentRunner.java:413) ~[junit-4.13.2.jar:4.13.2]
?[0m?[0;34m	at org.gradle.api.internal.tasks.testing.junit.JUnitTestClassExecutor.runTestClass(JUnitTestClassExecutor.java:108) ~[na:na]
?[0m?[0;34m	at org.gradle.api.internal.tasks.testing.junit.JUnitTestClassExecutor.execute(JUnitTestClassExecutor.java:57) ~[na:na]
?[0m?[0;34m	at org.gradle.api.internal.tasks.testing.junit.JUnitTestClassExecutor.execute(JUnitTestClassExecutor.java:39) ~[na:na]
?[0m?[0;34m	at org.gradle.api.internal.tasks.testing.junit.AbstractJUnitTestClassProcessor.processTestClass(AbstractJUnitTestClassProcessor.java:62) ~[na:na]
?[0m?[0;34m	at org.gradle.api.internal.tasks.testing.SuiteTestClassProcessor.processTestClass(SuiteTestClassProcessor.java:52) ~[na:na]
?[0m?[0;34m	at java.base/jdk.internal.reflect.NativeMethodAccessorImpl.invoke0(Native Method) ~[na:na]
?[0m?[0;34m	at java.base/jdk.internal.reflect.NativeMethodAccessorImpl.invoke(NativeMethodAccessorImpl.java:77) ~[na:na]
?[0m?[0;34m	at java.base/jdk.internal.reflect.DelegatingMethodAccessorImpl.invoke(DelegatingMethodAccessorImpl.java:43) ~[na:na]
?[0m?[0;34m	at java.base/java.lang.reflect.Method.invoke(Method.java:568) ~[na:na]
?[0m?[0;34m	at org.gradle.internal.dispatch.ReflectionDispatch.dispatch(ReflectionDispatch.java:36) ~[na:na]
?[0m?[0;34m	at org.gradle.internal.dispatch.ReflectionDispatch.dispatch(ReflectionDispatch.java:24) ~[na:na]
?[0m?[0;34m	at org.gradle.internal.dispatch.ContextClassLoaderDispatch.dispatch(ContextClassLoaderDispatch.java:33) ~[na:na]
?[0m?[0;34m	at org.gradle.internal.dispatch.ProxyDispatchAdapter$DispatchingInvocationHandler.invoke(ProxyDispatchAdapter.java:94) ~[na:na]
?[0m?[0;34m	at jdk.proxy1/jdk.proxy1.$Proxy2.processTestClass(Unknown Source) ~[na:na]
?[0m?[0;34m	at org.gradle.api.internal.tasks.testing.worker.TestWorker$2.run(TestWorker.java:176) ~[na:na]
?[0m?[0;34m	at org.gradle.api.internal.tasks.testing.worker.TestWorker.executeAndMaintainThreadName(TestWorker.java:129) ~[na:na]
?[0m?[0;34m	at org.gradle.api.internal.tasks.testing.worker.TestWorker.execute(TestWorker.java:100) ~[na:na]
?[0m?[0;34m	at org.gradle.api.internal.tasks.testing.worker.TestWorker.execute(TestWorker.java:60) ~[na:na]
?[0m?[0;34m	at org.gradle.process.internal.worker.child.ActionExecutionWorker.execute(ActionExecutionWorker.java:56) ~[na:na]
?[0m?[0;34m	at org.gradle.process.internal.worker.child.SystemApplicationClassLoaderWorker.call(SystemApplicationClassLoaderWorker.java:113) ~[na:na]
?[0m?[0;34m	at org.gradle.process.internal.worker.child.SystemApplicationClassLoaderWorker.call(SystemApplicationClassLoaderWorker.java:65) ~[na:na]
?[0m?[0;34m	at worker.org.gradle.process.internal.worker.GradleWorkerMain.run(GradleWorkerMain.java:69) ~[gradle-worker.jar:na]
?[0m?[0;34m	at worker.org.gradle.process.internal.worker.GradleWorkerMain.main(GradleWorkerMain.java:74) ~[gradle-worker.jar:na]
?[0m?[0;34m
?[0m?[0;34m2023-07-16T14:07:02.682+02:00  WARN 1424 --- [    Test worker] .t.u.s.PrivilegedSetAccessControlContext : Unable to set field Thread.inheritedAccessControlContext
?[0m?[0;34m
?[0m?[0;34mjava.lang.IllegalAccessException: class org.apache.tomcat.util.security.PrivilegedSetAccessControlContext cannot access a member of class java.lang.Thread (in module java.base) with modifiers "private"
?[0m?[0;34m	at java.base/jdk.internal.reflect.Reflection.newIllegalAccessException(Reflection.java:392) ~[na:na]
?[0m?[0;34m	at java.base/java.lang.reflect.AccessibleObject.checkAccess(AccessibleObject.java:674) ~[na:na]
?[0m?[0;34m	at java.base/java.lang.reflect.Field.checkAccess(Field.java:1102) ~[na:na]
?[0m?[0;34m	at java.base/java.lang.reflect.Field.set(Field.java:797) ~[na:na]
?[0m?[0;34m	at org.apache.tomcat.util.security.PrivilegedSetAccessControlContext.run(PrivilegedSetAccessControlContext.java:60) ~[tomcat-embed-core-10.1.5.jar:10.1.5]
?[0m?[0;34m	at org.apache.tomcat.util.security.PrivilegedSetAccessControlContext.run(PrivilegedSetAccessControlContext.java:28) ~[tomcat-embed-core-10.1.5.jar:10.1.5]
?[0m?[0;34m	at java.base/java.security.AccessController.doPrivileged(AccessController.java:318) ~[na:na]
?[0m?[0;34m	at org.apache.tomcat.util.threads.TaskThreadFactory.newThread(TaskThreadFactory.java:64) ~[tomcat-embed-core-10.1.5.jar:10.1.5]
?[0m?[0;34m	at org.apache.tomcat.util.threads.ThreadPoolExecutor$Worker.<init>(ThreadPoolExecutor.java:653) ~[tomcat-embed-core-10.1.5.jar:10.1.5]
?[0m?[0;34m	at org.apache.tomcat.util.threads.ThreadPoolExecutor.addWorker(ThreadPoolExecutor.java:957) ~[tomcat-embed-core-10.1.5.jar:10.1.5]
?[0m?[0;34m	at org.apache.tomcat.util.threads.ThreadPoolExecutor.prestartAllCoreThreads(ThreadPoolExecutor.java:1694) ~[tomcat-embed-core-10.1.5.jar:10.1.5]
?[0m?[0;34m	at org.apache.tomcat.util.threads.ThreadPoolExecutor.<init>(ThreadPoolExecutor.java:1370) ~[tomcat-embed-core-10.1.5.jar:10.1.5]
?[0m?[0;34m	at org.apache.tomcat.util.threads.ThreadPoolExecutor.<init>(ThreadPoolExecutor.java:1280) ~[tomcat-embed-core-10.1.5.jar:10.1.5]
?[0m?[0;34m	at org.apache.tomcat.util.net.AbstractEndpoint.createExecutor(AbstractEndpoint.java:948) ~[tomcat-embed-core-10.1.5.jar:10.1.5]
?[0m?[0;34m	at org.apache.tomcat.util.net.NioEndpoint.startInternal(NioEndpoint.java:279) ~[tomcat-embed-core-10.1.5.jar:10.1.5]
?[0m?[0;34m	at org.apache.tomcat.util.net.AbstractEndpoint.start(AbstractEndpoint.java:1261) ~[tomcat-embed-core-10.1.5.jar:10.1.5]
?[0m?[0;34m	at org.apache.coyote.AbstractProtocol.start(AbstractProtocol.java:586) ~[tomcat-embed-core-10.1.5.jar:10.1.5]
?[0m?[0;34m	at org.apache.catalina.connector.Connector.startInternal(Connector.java:1081) ~[tomcat-embed-core-10.1.5.jar:10.1.5]
?[0m?[0;34m	at org.apache.catalina.util.LifecycleBase.start(LifecycleBase.java:183) ~[tomcat-embed-core-10.1.5.jar:10.1.5]
?[0m?[0;34m	at org.apache.catalina.core.StandardService.addConnector(StandardService.java:234) ~[tomcat-embed-core-10.1.5.jar:10.1.5]
?[0m?[0;34m	at org.springframework.boot.web.embedded.tomcat.TomcatWebServer.addPreviouslyRemovedConnectors(TomcatWebServer.java:282) ~[spring-boot-3.0.2.jar:3.0.2]
?[0m?[0;34m	at org.springframework.boot.web.embedded.tomcat.TomcatWebServer.start(TomcatWebServer.java:213) ~[spring-boot-3.0.2.jar:3.0.2]
?[0m?[0;34m	at org.springframework.boot.web.servlet.context.WebServerStartStopLifecycle.start(WebServerStartStopLifecycle.java:44) ~[spring-boot-3.0.2.jar:3.0.2]
?[0m?[0;34m	at org.springframework.context.support.DefaultLifecycleProcessor.doStart(DefaultLifecycleProcessor.java:178) ~[spring-context-6.0.4.jar:6.0.4]
?[0m?[0;34m	at org.springframework.context.support.DefaultLifecycleProcessor$LifecycleGroup.start(DefaultLifecycleProcessor.java:356) ~[spring-context-6.0.4.jar:6.0.4]
?[0m?[0;34m	at java.base/java.lang.Iterable.forEach(Iterable.java:75) ~[na:na]
?[0m?[0;34m	at org.springframework.context.support.DefaultLifecycleProcessor.startBeans(DefaultLifecycleProcessor.java:155) ~[spring-context-6.0.4.jar:6.0.4]
?[0m?[0;34m	at org.springframework.context.support.DefaultLifecycleProcessor.onRefresh(DefaultLifecycleProcessor.java:123) ~[spring-context-6.0.4.jar:6.0.4]
?[0m?[0;34m	at org.springframework.context.support.AbstractApplicationContext.finishRefresh(AbstractApplicationContext.java:932) ~[spring-context-6.0.4.jar:6.0.4]
?[0m?[0;34m	at org.springframework.context.support.AbstractApplicationContext.refresh(AbstractApplicationContext.java:587) ~[spring-context-6.0.4.jar:6.0.4]
?[0m?[0;34m	at org.springframework.boot.web.servlet.context.ServletWebServerApplicationContext.refresh(ServletWebServerApplicationContext.java:146) ~[spring-boot-3.0.2.jar:3.0.2]
?[0m?[0;34m	at org.springframework.boot.SpringApplication.refresh(SpringApplication.java:730) ~[spring-boot-3.0.2.jar:3.0.2]
?[0m?[0;34m	at org.springframework.boot.SpringApplication.refreshContext(SpringApplication.java:432) ~[spring-boot-3.0.2.jar:3.0.2]
?[0m?[0;34m	at org.springframework.boot.SpringApplication.run(SpringApplication.java:308) ~[spring-boot-3.0.2.jar:3.0.2]
?[0m?[0;34m	at org.springframework.boot.SpringApplication.run(SpringApplication.java:1302) ~[spring-boot-3.0.2.jar:3.0.2]
?[0m?[0;34m	at org.springframework.boot.SpringApplication.run(SpringApplication.java:1291) ~[spring-boot-3.0.2.jar:3.0.2]
?[0m?[0;34m	at antifraud.AntiFraudApplication.main(AntiFraudApplication.java:10) ~[main/:na]
?[0m?[0;34m	at java.base/jdk.internal.reflect.NativeMethodAccessorImpl.invoke0(Native Method) ~[na:na]
?[0m?[0;34m	at java.base/jdk.internal.reflect.NativeMethodAccessorImpl.invoke(NativeMethodAccessorImpl.java:77) ~[na:na]
?[0m?[0;34m	at java.base/jdk.internal.reflect.DelegatingMethodAccessorImpl.invoke(DelegatingMethodAccessorImpl.java:43) ~[na:na]
?[0m?[0;34m	at java.base/java.lang.reflect.Method.invoke(Method.java:568) ~[na:na]
?[0m?[0;34m	at org.hyperskill.hstest.stage.SpringTest.startSpring(SpringTest.java:187) ~[hs-test-release-SNAPSHOT.jar:na]
?[0m?[0;34m	at org.hyperskill.hstest.stage.SpringTest.launchSpring(SpringTest.java:49) ~[hs-test-release-SNAPSHOT.jar:na]
?[0m?[0;34m	at org.hyperskill.hstest.testing.runner.SpringApplicationRunner.launchSpringBootApplication(SpringApplicationRunner.java:20) ~[hs-test-release-SNAPSHOT.jar:na]
?[0m?[0;34m	at org.hyperskill.hstest.testing.runner.SpringApplicationRunner.setUp(SpringApplicationRunner.java:35) ~[hs-test-release-SNAPSHOT.jar:na]
?[0m?[0;34m	at org.hyperskill.hstest.testing.TestRun.setUp(TestRun.java:77) ~[hs-test-release-SNAPSHOT.jar:na]
?[0m?[0;34m	at org.hyperskill.hstest.stage.StageTest.start(StageTest.java:159) ~[hs-test-release-SNAPSHOT.jar:na]
?[0m?[0;34m	at java.base/jdk.internal.reflect.NativeMethodAccessorImpl.invoke0(Native Method) ~[na:na]
?[0m?[0;34m	at java.base/jdk.internal.reflect.NativeMethodAccessorImpl.invoke(NativeMethodAccessorImpl.java:77) ~[na:na]
?[0m?[0;34m	at java.base/jdk.internal.reflect.DelegatingMethodAccessorImpl.invoke(DelegatingMethodAccessorImpl.java:43) ~[na:na]
?[0m?[0;34m	at java.base/java.lang.reflect.Method.invoke(Method.java:568) ~[na:na]
?[0m?[0;34m	at org.junit.runners.model.FrameworkMethod$1.runReflectiveCall(FrameworkMethod.java:59) ~[junit-4.13.2.jar:4.13.2]
?[0m?[0;34m	at org.junit.internal.runners.model.ReflectiveCallable.run(ReflectiveCallable.java:12) ~[junit-4.13.2.jar:4.13.2]
?[0m?[0;34m	at org.junit.runners.model.FrameworkMethod.invokeExplosively(FrameworkMethod.java:56) ~[junit-4.13.2.jar:4.13.2]
?[0m?[0;34m	at org.junit.internal.runners.statements.InvokeMethod.evaluate(InvokeMethod.java:17) ~[junit-4.13.2.jar:4.13.2]
?[0m?[0;34m	at org.junit.internal.runners.statements.RunAfters.evaluate(RunAfters.java:27) ~[junit-4.13.2.jar:4.13.2]
?[0m?[0;34m	at org.junit.runners.ParentRunner$3.evaluate(ParentRunner.java:306) ~[junit-4.13.2.jar:4.13.2]
?[0m?[0;34m	at org.junit.runners.BlockJUnit4ClassRunner$1.evaluate(BlockJUnit4ClassRunner.java:100) ~[junit-4.13.2.jar:4.13.2]
?[0m?[0;34m	at org.junit.runners.ParentRunner.runLeaf(ParentRunner.java:366) ~[junit-4.13.2.jar:4.13.2]
?[0m?[0;34m	at org.junit.runners.BlockJUnit4ClassRunner.runChild(BlockJUnit4ClassRunner.java:103) ~[junit-4.13.2.jar:4.13.2]
?[0m?[0;34m	at org.junit.runners.BlockJUnit4ClassRunner.runChild(BlockJUnit4ClassRunner.java:63) ~[junit-4.13.2.jar:4.13.2]
?[0m?[0;34m	at org.junit.runners.ParentRunner$4.run(ParentRunner.java:331) ~[junit-4.13.2.jar:4.13.2]
?[0m?[0;34m	at org.junit.runners.ParentRunner$1.schedule(ParentRunner.java:79) ~[junit-4.13.2.jar:4.13.2]
?[0m?[0;34m	at org.junit.runners.ParentRunner.runChildren(ParentRunner.java:329) ~[junit-4.13.2.jar:4.13.2]
?[0m?[0;34m	at org.junit.runners.ParentRunner.access$100(ParentRunner.java:66) ~[junit-4.13.2.jar:4.13.2]
?[0m?[0;34m	at org.junit.runners.ParentRunner$2.evaluate(ParentRunner.java:293) ~[junit-4.13.2.jar:4.13.2]
?[0m?[0;34m	at org.junit.runners.ParentRunner$3.evaluate(ParentRunner.java:306) ~[junit-4.13.2.jar:4.13.2]
?[0m?[0;34m	at org.junit.runners.ParentRunner.run(ParentRunner.java:413) ~[junit-4.13.2.jar:4.13.2]
?[0m?[0;34m	at org.gradle.api.internal.tasks.testing.junit.JUnitTestClassExecutor.runTestClass(JUnitTestClassExecutor.java:108) ~[na:na]
?[0m?[0;34m	at org.gradle.api.internal.tasks.testing.junit.JUnitTestClassExecutor.execute(JUnitTestClassExecutor.java:57) ~[na:na]
?[0m?[0;34m	at org.gradle.api.internal.tasks.testing.junit.JUnitTestClassExecutor.execute(JUnitTestClassExecutor.java:39) ~[na:na]
?[0m?[0;34m	at org.gradle.api.internal.tasks.testing.junit.AbstractJUnitTestClassProcessor.processTestClass(AbstractJUnitTestClassProcessor.java:62) ~[na:na]
?[0m?[0;34m	at org.gradle.api.internal.tasks.testing.SuiteTestClassProcessor.processTestClass(SuiteTestClassProcessor.java:52) ~[na:na]
?[0m?[0;34m	at java.base/jdk.internal.reflect.NativeMethodAccessorImpl.invoke0(Native Method) ~[na:na]
?[0m?[0;34m	at java.base/jdk.internal.reflect.NativeMethodAccessorImpl.invoke(NativeMethodAccessorImpl.java:77) ~[na:na]
?[0m?[0;34m	at java.base/jdk.internal.reflect.DelegatingMethodAccessorImpl.invoke(DelegatingMethodAccessorImpl.java:43) ~[na:na]
?[0m?[0;34m	at java.base/java.lang.reflect.Method.invoke(Method.java:568) ~[na:na]
?[0m?[0;34m	at org.gradle.internal.dispatch.ReflectionDispatch.dispatch(ReflectionDispatch.java:36) ~[na:na]
?[0m?[0;34m	at org.gradle.internal.dispatch.ReflectionDispatch.dispatch(ReflectionDispatch.java:24) ~[na:na]
?[0m?[0;34m	at org.gradle.internal.dispatch.ContextClassLoaderDispatch.dispatch(ContextClassLoaderDispatch.java:33) ~[na:na]
?[0m?[0;34m	at org.gradle.internal.dispatch.ProxyDispatchAdapter$DispatchingInvocationHandler.invoke(ProxyDispatchAdapter.java:94) ~[na:na]
?[0m?[0;34m	at jdk.proxy1/jdk.proxy1.$Proxy2.processTestClass(Unknown Source) ~[na:na]
?[0m?[0;34m	at org.gradle.api.internal.tasks.testing.worker.TestWorker$2.run(TestWorker.java:176) ~[na:na]
?[0m?[0;34m	at org.gradle.api.internal.tasks.testing.worker.TestWorker.executeAndMaintainThreadName(TestWorker.java:129) ~[na:na]
?[0m?[0;34m	at org.gradle.api.internal.tasks.testing.worker.TestWorker.execute(TestWorker.java:100) ~[na:na]
?[0m?[0;34m	at org.gradle.api.internal.tasks.testing.worker.TestWorker.execute(TestWorker.java:60) ~[na:na]
?[0m?[0;34m	at org.gradle.process.internal.worker.child.ActionExecutionWorker.execute(ActionExecutionWorker.java:56) ~[na:na]
?[0m?[0;34m	at org.gradle.process.internal.worker.child.SystemApplicationClassLoaderWorker.call(SystemApplicationClassLoaderWorker.java:113) ~[na:na]
?[0m?[0;34m	at org.gradle.process.internal.worker.child.SystemApplicationClassLoaderWorker.call(SystemApplicationClassLoaderWorker.java:65) ~[na:na]
?[0m?[0;34m	at worker.org.gradle.process.internal.worker.GradleWorkerMain.run(GradleWorkerMain.java:69) ~[gradle-worker.jar:na]
?[0m?[0;34m	at worker.org.gradle.process.internal.worker.GradleWorkerMain.main(GradleWorkerMain.java:74) ~[gradle-worker.jar:na]
?[0m?[0;34m
?[0m?[0;34m2023-07-16T14:07:02.682+02:00  WARN 1424 --- [    Test worker] .t.u.s.PrivilegedSetAccessControlContext : Unable to set field Thread.inheritedAccessControlContext
?[0m?[0;34m
?[0m?[0;34mjava.lang.IllegalAccessException: class org.apache.tomcat.util.security.PrivilegedSetAccessControlContext cannot access a member of class java.lang.Thread (in module java.base) with modifiers "private"
?[0m?[0;34m	at java.base/jdk.internal.reflect.Reflection.newIllegalAccessException(Reflection.java:392) ~[na:na]
?[0m?[0;34m	at java.base/java.lang.reflect.AccessibleObject.checkAccess(AccessibleObject.java:674) ~[na:na]
?[0m?[0;34m	at java.base/java.lang.reflect.Field.checkAccess(Field.java:1102) ~[na:na]
?[0m?[0;34m	at java.base/java.lang.reflect.Field.set(Field.java:797) ~[na:na]
?[0m?[0;34m	at org.apache.tomcat.util.security.PrivilegedSetAccessControlContext.run(PrivilegedSetAccessControlContext.java:60) ~[tomcat-embed-core-10.1.5.jar:10.1.5]
?[0m?[0;34m	at org.apache.tomcat.util.security.PrivilegedSetAccessControlContext.run(PrivilegedSetAccessControlContext.java:28) ~[tomcat-embed-core-10.1.5.jar:10.1.5]
?[0m?[0;34m	at java.base/java.security.AccessController.doPrivileged(AccessController.java:318) ~[na:na]
?[0m?[0;34m	at org.apache.tomcat.util.threads.TaskThreadFactory.newThread(TaskThreadFactory.java:64) ~[tomcat-embed-core-10.1.5.jar:10.1.5]
?[0m?[0;34m	at org.apache.tomcat.util.threads.ThreadPoolExecutor$Worker.<init>(ThreadPoolExecutor.java:653) ~[tomcat-embed-core-10.1.5.jar:10.1.5]
?[0m?[0;34m	at org.apache.tomcat.util.threads.ThreadPoolExecutor.addWorker(ThreadPoolExecutor.java:957) ~[tomcat-embed-core-10.1.5.jar:10.1.5]
?[0m?[0;34m	at org.apache.tomcat.util.threads.ThreadPoolExecutor.prestartAllCoreThreads(ThreadPoolExecutor.java:1694) ~[tomcat-embed-core-10.1.5.jar:10.1.5]
?[0m?[0;34m	at org.apache.tomcat.util.threads.ThreadPoolExecutor.<init>(ThreadPoolExecutor.java:1370) ~[tomcat-embed-core-10.1.5.jar:10.1.5]
?[0m?[0;34m	at org.apache.tomcat.util.threads.ThreadPoolExecutor.<init>(ThreadPoolExecutor.java:1280) ~[tomcat-embed-core-10.1.5.jar:10.1.5]
?[0m?[0;34m	at org.apache.tomcat.util.net.AbstractEndpoint.createExecutor(AbstractEndpoint.java:948) ~[tomcat-embed-core-10.1.5.jar:10.1.5]
?[0m?[0;34m	at org.apache.tomcat.util.net.NioEndpoint.startInternal(NioEndpoint.java:279) ~[tomcat-embed-core-10.1.5.jar:10.1.5]
?[0m?[0;34m	at org.apache.tomcat.util.net.AbstractEndpoint.start(AbstractEndpoint.java:1261) ~[tomcat-embed-core-10.1.5.jar:10.1.5]
?[0m?[0;34m	at org.apache.coyote.AbstractProtocol.start(AbstractProtocol.java:586) ~[tomcat-embed-core-10.1.5.jar:10.1.5]
?[0m?[0;34m	at org.apache.catalina.connector.Connector.startInternal(Connector.java:1081) ~[tomcat-embed-core-10.1.5.jar:10.1.5]
?[0m?[0;34m	at org.apache.catalina.util.LifecycleBase.start(LifecycleBase.java:183) ~[tomcat-embed-core-10.1.5.jar:10.1.5]
?[0m?[0;34m	at org.apache.catalina.core.StandardService.addConnector(StandardService.java:234) ~[tomcat-embed-core-10.1.5.jar:10.1.5]
?[0m?[0;34m	at org.springframework.boot.web.embedded.tomcat.TomcatWebServer.addPreviouslyRemovedConnectors(TomcatWebServer.java:282) ~[spring-boot-3.0.2.jar:3.0.2]
?[0m?[0;34m	at org.springframework.boot.web.embedded.tomcat.TomcatWebServer.start(TomcatWebServer.java:213) ~[spring-boot-3.0.2.jar:3.0.2]
?[0m?[0;34m	at org.springframework.boot.web.servlet.context.WebServerStartStopLifecycle.start(WebServerStartStopLifecycle.java:44) ~[spring-boot-3.0.2.jar:3.0.2]
?[0m?[0;34m	at org.springframework.context.support.DefaultLifecycleProcessor.doStart(DefaultLifecycleProcessor.java:178) ~[spring-context-6.0.4.jar:6.0.4]
?[0m?[0;34m	at org.springframework.context.support.DefaultLifecycleProcessor$LifecycleGroup.start(DefaultLifecycleProcessor.java:356) ~[spring-context-6.0.4.jar:6.0.4]
?[0m?[0;34m	at java.base/java.lang.Iterable.forEach(Iterable.java:75) ~[na:na]
?[0m?[0;34m	at org.springframework.context.support.DefaultLifecycleProcessor.startBeans(DefaultLifecycleProcessor.java:155) ~[spring-context-6.0.4.jar:6.0.4]
?[0m?[0;34m	at org.springframework.context.support.DefaultLifecycleProcessor.onRefresh(DefaultLifecycleProcessor.java:123) ~[spring-context-6.0.4.jar:6.0.4]
?[0m?[0;34m	at org.springframework.context.support.AbstractApplicationContext.finishRefresh(AbstractApplicationContext.java:932) ~[spring-context-6.0.4.jar:6.0.4]
?[0m?[0;34m	at org.springframework.context.support.AbstractApplicationContext.refresh(AbstractApplicationContext.java:587) ~[spring-context-6.0.4.jar:6.0.4]
?[0m?[0;34m	at org.springframework.boot.web.servlet.context.ServletWebServerApplicationContext.refresh(ServletWebServerApplicationContext.java:146) ~[spring-boot-3.0.2.jar:3.0.2]
?[0m?[0;34m	at org.springframework.boot.SpringApplication.refresh(SpringApplication.java:730) ~[spring-boot-3.0.2.jar:3.0.2]
?[0m?[0;34m	at org.springframework.boot.SpringApplication.refreshContext(SpringApplication.java:432) ~[spring-boot-3.0.2.jar:3.0.2]
?[0m?[0;34m	at org.springframework.boot.SpringApplication.run(SpringApplication.java:308) ~[spring-boot-3.0.2.jar:3.0.2]
?[0m?[0;34m	at org.springframework.boot.SpringApplication.run(SpringApplication.java:1302) ~[spring-boot-3.0.2.jar:3.0.2]
?[0m?[0;34m	at org.springframework.boot.SpringApplication.run(SpringApplication.java:1291) ~[spring-boot-3.0.2.jar:3.0.2]
?[0m?[0;34m	at antifraud.AntiFraudApplication.main(AntiFraudApplication.java:10) ~[main/:na]
?[0m?[0;34m	at java.base/jdk.internal.reflect.NativeMethodAccessorImpl.invoke0(Native Method) ~[na:na]
?[0m?[0;34m	at java.base/jdk.internal.reflect.NativeMethodAccessorImpl.invoke(NativeMethodAccessorImpl.java:77) ~[na:na]
?[0m?[0;34m	at java.base/jdk.internal.reflect.DelegatingMethodAccessorImpl.invoke(DelegatingMethodAccessorImpl.java:43) ~[na:na]
?[0m?[0;34m	at java.base/java.lang.reflect.Method.invoke(Method.java:568) ~[na:na]
?[0m?[0;34m	at org.hyperskill.hstest.stage.SpringTest.startSpring(SpringTest.java:187) ~[hs-test-release-SNAPSHOT.jar:na]
?[0m?[0;34m	at org.hyperskill.hstest.stage.SpringTest.launchSpring(SpringTest.java:49) ~[hs-test-release-SNAPSHOT.jar:na]
?[0m?[0;34m	at org.hyperskill.hstest.testing.runner.SpringApplicationRunner.launchSpringBootApplication(SpringApplicationRunner.java:20) ~[hs-test-release-SNAPSHOT.jar:na]
?[0m?[0;34m	at org.hyperskill.hstest.testing.runner.SpringApplicationRunner.setUp(SpringApplicationRunner.java:35) ~[hs-test-release-SNAPSHOT.jar:na]
?[0m?[0;34m	at org.hyperskill.hstest.testing.TestRun.setUp(TestRun.java:77) ~[hs-test-release-SNAPSHOT.jar:na]
?[0m?[0;34m	at org.hyperskill.hstest.stage.StageTest.start(StageTest.java:159) ~[hs-test-release-SNAPSHOT.jar:na]
?[0m?[0;34m	at java.base/jdk.internal.reflect.NativeMethodAccessorImpl.invoke0(Native Method) ~[na:na]
?[0m?[0;34m	at java.base/jdk.internal.reflect.NativeMethodAccessorImpl.invoke(NativeMethodAccessorImpl.java:77) ~[na:na]
?[0m?[0;34m	at java.base/jdk.internal.reflect.DelegatingMethodAccessorImpl.invoke(DelegatingMethodAccessorImpl.java:43) ~[na:na]
?[0m?[0;34m	at java.base/java.lang.reflect.Method.invoke(Method.java:568) ~[na:na]
?[0m?[0;34m	at org.junit.runners.model.FrameworkMethod$1.runReflectiveCall(FrameworkMethod.java:59) ~[junit-4.13.2.jar:4.13.2]
?[0m?[0;34m	at org.junit.internal.runners.model.ReflectiveCallable.run(ReflectiveCallable.java:12) ~[junit-4.13.2.jar:4.13.2]
?[0m?[0;34m	at org.junit.runners.model.FrameworkMethod.invokeExplosively(FrameworkMethod.java:56) ~[junit-4.13.2.jar:4.13.2]
?[0m?[0;34m	at org.junit.internal.runners.statements.InvokeMethod.evaluate(InvokeMethod.java:17) ~[junit-4.13.2.jar:4.13.2]
?[0m?[0;34m	at org.junit.internal.runners.statements.RunAfters.evaluate(RunAfters.java:27) ~[junit-4.13.2.jar:4.13.2]
?[0m?[0;34m	at org.junit.runners.ParentRunner$3.evaluate(ParentRunner.java:306) ~[junit-4.13.2.jar:4.13.2]
?[0m?[0;34m	at org.junit.runners.BlockJUnit4ClassRunner$1.evaluate(BlockJUnit4ClassRunner.java:100) ~[junit-4.13.2.jar:4.13.2]
?[0m?[0;34m	at org.junit.runners.ParentRunner.runLeaf(ParentRunner.java:366) ~[junit-4.13.2.jar:4.13.2]
?[0m?[0;34m	at org.junit.runners.BlockJUnit4ClassRunner.runChild(BlockJUnit4ClassRunner.java:103) ~[junit-4.13.2.jar:4.13.2]
?[0m?[0;34m	at org.junit.runners.BlockJUnit4ClassRunner.runChild(BlockJUnit4ClassRunner.java:63) ~[junit-4.13.2.jar:4.13.2]
?[0m?[0;34m	at org.junit.runners.ParentRunner$4.run(ParentRunner.java:331) ~[junit-4.13.2.jar:4.13.2]
?[0m?[0;34m	at org.junit.runners.ParentRunner$1.schedule(ParentRunner.java:79) ~[junit-4.13.2.jar:4.13.2]
?[0m?[0;34m	at org.junit.runners.ParentRunner.runChildren(ParentRunner.java:329) ~[junit-4.13.2.jar:4.13.2]
?[0m?[0;34m	at org.junit.runners.ParentRunner.access$100(ParentRunner.java:66) ~[junit-4.13.2.jar:4.13.2]
?[0m?[0;34m	at org.junit.runners.ParentRunner$2.evaluate(ParentRunner.java:293) ~[junit-4.13.2.jar:4.13.2]
?[0m?[0;34m	at org.junit.runners.ParentRunner$3.evaluate(ParentRunner.java:306) ~[junit-4.13.2.jar:4.13.2]
?[0m?[0;34m	at org.junit.runners.ParentRunner.run(ParentRunner.java:413) ~[junit-4.13.2.jar:4.13.2]
?[0m?[0;34m	at org.gradle.api.internal.tasks.testing.junit.JUnitTestClassExecutor.runTestClass(JUnitTestClassExecutor.java:108) ~[na:na]
?[0m?[0;34m	at org.gradle.api.internal.tasks.testing.junit.JUnitTestClassExecutor.execute(JUnitTestClassExecutor.java:57) ~[na:na]
?[0m?[0;34m	at org.gradle.api.internal.tasks.testing.junit.JUnitTestClassExecutor.execute(JUnitTestClassExecutor.java:39) ~[na:na]
?[0m?[0;34m	at org.gradle.api.internal.tasks.testing.junit.AbstractJUnitTestClassProcessor.processTestClass(AbstractJUnitTestClassProcessor.java:62) ~[na:na]
?[0m?[0;34m	at org.gradle.api.internal.tasks.testing.SuiteTestClassProcessor.processTestClass(SuiteTestClassProcessor.java:52) ~[na:na]
?[0m?[0;34m	at java.base/jdk.internal.reflect.NativeMethodAccessorImpl.invoke0(Native Method) ~[na:na]
?[0m?[0;34m	at java.base/jdk.internal.reflect.NativeMethodAccessorImpl.invoke(NativeMethodAccessorImpl.java:77) ~[na:na]
?[0m?[0;34m	at java.base/jdk.internal.reflect.DelegatingMethodAccessorImpl.invoke(DelegatingMethodAccessorImpl.java:43) ~[na:na]
?[0m?[0;34m	at java.base/java.lang.reflect.Method.invoke(Method.java:568) ~[na:na]
?[0m?[0;34m	at org.gradle.internal.dispatch.ReflectionDispatch.dispatch(ReflectionDispatch.java:36) ~[na:na]
?[0m?[0;34m	at org.gradle.internal.dispatch.ReflectionDispatch.dispatch(ReflectionDispatch.java:24) ~[na:na]
?[0m?[0;34m	at org.gradle.internal.dispatch.ContextClassLoaderDispatch.dispatch(ContextClassLoaderDispatch.java:33) ~[na:na]
?[0m?[0;34m	at org.gradle.internal.dispatch.ProxyDispatchAdapter$DispatchingInvocationHandler.invoke(ProxyDispatchAdapter.java:94) ~[na:na]
?[0m?[0;34m	at jdk.proxy1/jdk.proxy1.$Proxy2.processTestClass(Unknown Source) ~[na:na]
?[0m?[0;34m	at org.gradle.api.internal.tasks.testing.worker.TestWorker$2.run(TestWorker.java:176) ~[na:na]
?[0m?[0;34m	at org.gradle.api.internal.tasks.testing.worker.TestWorker.executeAndMaintainThreadName(TestWorker.java:129) ~[na:na]
?[0m?[0;34m	at org.gradle.api.internal.tasks.testing.worker.TestWorker.execute(TestWorker.java:100) ~[na:na]
?[0m?[0;34m	at org.gradle.api.internal.tasks.testing.worker.TestWorker.execute(TestWorker.java:60) ~[na:na]
?[0m?[0;34m	at org.gradle.process.internal.worker.child.ActionExecutionWorker.execute(ActionExecutionWorker.java:56) ~[na:na]
?[0m?[0;34m	at org.gradle.process.internal.worker.child.SystemApplicationClassLoaderWorker.call(SystemApplicationClassLoaderWorker.java:113) ~[na:na]
?[0m?[0;34m	at org.gradle.process.internal.worker.child.SystemApplicationClassLoaderWorker.call(SystemApplicationClassLoaderWorker.java:65) ~[na:na]
?[0m?[0;34m	at worker.org.gradle.process.internal.worker.GradleWorkerMain.run(GradleWorkerMain.java:69) ~[gradle-worker.jar:na]
?[0m?[0;34m	at worker.org.gradle.process.internal.worker.GradleWorkerMain.main(GradleWorkerMain.java:74) ~[gradle-worker.jar:na]
?[0m?[0;34m
?[0m?[0;34m2023-07-16T14:07:02.703+02:00  WARN 1424 --- [    Test worker] .t.u.s.PrivilegedSetAccessControlContext : Unable to set field Thread.inheritedAccessControlContext
?[0m?[0;34m
?[0m?[0;34mjava.lang.IllegalAccessException: class org.apache.tomcat.util.security.PrivilegedSetAccessControlContext cannot access a member of class java.lang.Thread (in module java.base) with modifiers "private"
?[0m?[0;34m	at java.base/jdk.internal.reflect.Reflection.newIllegalAccessException(Reflection.java:392) ~[na:na]
?[0m?[0;34m	at java.base/java.lang.reflect.AccessibleObject.checkAccess(AccessibleObject.java:674) ~[na:na]
?[0m?[0;34m	at java.base/java.lang.reflect.Field.checkAccess(Field.java:1102) ~[na:na]
?[0m?[0;34m	at java.base/java.lang.reflect.Field.set(Field.java:797) ~[na:na]
?[0m?[0;34m	at org.apache.tomcat.util.security.PrivilegedSetAccessControlContext.run(PrivilegedSetAccessControlContext.java:60) ~[tomcat-embed-core-10.1.5.jar:10.1.5]
?[0m?[0;34m	at org.apache.tomcat.util.security.PrivilegedSetAccessControlContext.run(PrivilegedSetAccessControlContext.java:28) ~[tomcat-embed-core-10.1.5.jar:10.1.5]
?[0m?[0;34m	at java.base/java.security.AccessController.doPrivileged(AccessController.java:318) ~[na:na]
?[0m?[0;34m	at org.apache.tomcat.util.threads.TaskThreadFactory.newThread(TaskThreadFactory.java:64) ~[tomcat-embed-core-10.1.5.jar:10.1.5]
?[0m?[0;34m	at org.apache.tomcat.util.threads.ThreadPoolExecutor$Worker.<init>(ThreadPoolExecutor.java:653) ~[tomcat-embed-core-10.1.5.jar:10.1.5]
?[0m?[0;34m	at org.apache.tomcat.util.threads.ThreadPoolExecutor.addWorker(ThreadPoolExecutor.java:957) ~[tomcat-embed-core-10.1.5.jar:10.1.5]
?[0m?[0;34m	at org.apache.tomcat.util.threads.ThreadPoolExecutor.prestartAllCoreThreads(ThreadPoolExecutor.java:1694) ~[tomcat-embed-core-10.1.5.jar:10.1.5]
?[0m?[0;34m	at org.apache.tomcat.util.threads.ThreadPoolExecutor.<init>(ThreadPoolExecutor.java:1370) ~[tomcat-embed-core-10.1.5.jar:10.1.5]
?[0m?[0;34m	at org.apache.tomcat.util.threads.ThreadPoolExecutor.<init>(ThreadPoolExecutor.java:1280) ~[tomcat-embed-core-10.1.5.jar:10.1.5]
?[0m?[0;34m	at org.apache.tomcat.util.net.AbstractEndpoint.createExecutor(AbstractEndpoint.java:948) ~[tomcat-embed-core-10.1.5.jar:10.1.5]
?[0m?[0;34m	at org.apache.tomcat.util.net.NioEndpoint.startInternal(NioEndpoint.java:279) ~[tomcat-embed-core-10.1.5.jar:10.1.5]
?[0m?[0;34m	at org.apache.tomcat.util.net.AbstractEndpoint.start(AbstractEndpoint.java:1261) ~[tomcat-embed-core-10.1.5.jar:10.1.5]
?[0m?[0;34m	at org.apache.coyote.AbstractProtocol.start(AbstractProtocol.java:586) ~[tomcat-embed-core-10.1.5.jar:10.1.5]
?[0m?[0;34m	at org.apache.catalina.connector.Connector.startInternal(Connector.java:1081) ~[tomcat-embed-core-10.1.5.jar:10.1.5]
?[0m?[0;34m	at org.apache.catalina.util.LifecycleBase.start(LifecycleBase.java:183) ~[tomcat-embed-core-10.1.5.jar:10.1.5]
?[0m?[0;34m	at org.apache.catalina.core.StandardService.addConnector(StandardService.java:234) ~[tomcat-embed-core-10.1.5.jar:10.1.5]
?[0m?[0;34m	at org.springframework.boot.web.embedded.tomcat.TomcatWebServer.addPreviouslyRemovedConnectors(TomcatWebServer.java:282) ~[spring-boot-3.0.2.jar:3.0.2]
?[0m?[0;34m	at org.springframework.boot.web.embedded.tomcat.TomcatWebServer.start(TomcatWebServer.java:213) ~[spring-boot-3.0.2.jar:3.0.2]
?[0m?[0;34m	at org.springframework.boot.web.servlet.context.WebServerStartStopLifecycle.start(WebServerStartStopLifecycle.java:44) ~[spring-boot-3.0.2.jar:3.0.2]
?[0m?[0;34m	at org.springframework.context.support.DefaultLifecycleProcessor.doStart(DefaultLifecycleProcessor.java:178) ~[spring-context-6.0.4.jar:6.0.4]
?[0m?[0;34m	at org.springframework.context.support.DefaultLifecycleProcessor$LifecycleGroup.start(DefaultLifecycleProcessor.java:356) ~[spring-context-6.0.4.jar:6.0.4]
?[0m?[0;34m	at java.base/java.lang.Iterable.forEach(Iterable.java:75) ~[na:na]
?[0m?[0;34m	at org.springframework.context.support.DefaultLifecycleProcessor.startBeans(DefaultLifecycleProcessor.java:155) ~[spring-context-6.0.4.jar:6.0.4]
?[0m?[0;34m	at org.springframework.context.support.DefaultLifecycleProcessor.onRefresh(DefaultLifecycleProcessor.java:123) ~[spring-context-6.0.4.jar:6.0.4]
?[0m?[0;34m	at org.springframework.context.support.AbstractApplicationContext.finishRefresh(AbstractApplicationContext.java:932) ~[spring-context-6.0.4.jar:6.0.4]
?[0m?[0;34m	at org.springframework.context.support.AbstractApplicationContext.refresh(AbstractApplicationContext.java:587) ~[spring-context-6.0.4.jar:6.0.4]
?[0m?[0;34m	at org.springframework.boot.web.servlet.context.ServletWebServerApplicationContext.refresh(ServletWebServerApplicationContext.java:146) ~[spring-boot-3.0.2.jar:3.0.2]
?[0m?[0;34m	at org.springframework.boot.SpringApplication.refresh(SpringApplication.java:730) ~[spring-boot-3.0.2.jar:3.0.2]
?[0m?[0;34m	at org.springframework.boot.SpringApplication.refreshContext(SpringApplication.java:432) ~[spring-boot-3.0.2.jar:3.0.2]
?[0m?[0;34m	at org.springframework.boot.SpringApplication.run(SpringApplication.java:308) ~[spring-boot-3.0.2.jar:3.0.2]
?[0m?[0;34m	at org.springframework.boot.SpringApplication.run(SpringApplication.java:1302) ~[spring-boot-3.0.2.jar:3.0.2]
?[0m?[0;34m	at org.springframework.boot.SpringApplication.run(SpringApplication.java:1291) ~[spring-boot-3.0.2.jar:3.0.2]
?[0m?[0;34m	at antifraud.AntiFraudApplication.main(AntiFraudApplication.java:10) ~[main/:na]
?[0m?[0;34m	at java.base/jdk.internal.reflect.NativeMethodAccessorImpl.invoke0(Native Method) ~[na:na]
?[0m?[0;34m	at java.base/jdk.internal.reflect.NativeMethodAccessorImpl.invoke(NativeMethodAccessorImpl.java:77) ~[na:na]
?[0m?[0;34m	at java.base/jdk.internal.reflect.DelegatingMethodAccessorImpl.invoke(DelegatingMethodAccessorImpl.java:43) ~[na:na]
?[0m?[0;34m	at java.base/java.lang.reflect.Method.invoke(Method.java:568) ~[na:na]
?[0m?[0;34m	at org.hyperskill.hstest.stage.SpringTest.startSpring(SpringTest.java:187) ~[hs-test-release-SNAPSHOT.jar:na]
?[0m?[0;34m	at org.hyperskill.hstest.stage.SpringTest.launchSpring(SpringTest.java:49) ~[hs-test-release-SNAPSHOT.jar:na]
?[0m?[0;34m	at org.hyperskill.hstest.testing.runner.SpringApplicationRunner.launchSpringBootApplication(SpringApplicationRunner.java:20) ~[hs-test-release-SNAPSHOT.jar:na]
?[0m?[0;34m	at org.hyperskill.hstest.testing.runner.SpringApplicationRunner.setUp(SpringApplicationRunner.java:35) ~[hs-test-release-SNAPSHOT.jar:na]
?[0m?[0;34m	at org.hyperskill.hstest.testing.TestRun.setUp(TestRun.java:77) ~[hs-test-release-SNAPSHOT.jar:na]
?[0m?[0;34m	at org.hyperskill.hstest.stage.StageTest.start(StageTest.java:159) ~[hs-test-release-SNAPSHOT.jar:na]
?[0m?[0;34m	at java.base/jdk.internal.reflect.NativeMethodAccessorImpl.invoke0(Native Method) ~[na:na]
?[0m?[0;34m	at java.base/jdk.internal.reflect.NativeMethodAccessorImpl.invoke(NativeMethodAccessorImpl.java:77) ~[na:na]
?[0m?[0;34m	at java.base/jdk.internal.reflect.DelegatingMethodAccessorImpl.invoke(DelegatingMethodAccessorImpl.java:43) ~[na:na]
?[0m?[0;34m	at java.base/java.lang.reflect.Method.invoke(Method.java:568) ~[na:na]
?[0m?[0;34m	at org.junit.runners.model.FrameworkMethod$1.runReflectiveCall(FrameworkMethod.java:59) ~[junit-4.13.2.jar:4.13.2]
?[0m?[0;34m	at org.junit.internal.runners.model.ReflectiveCallable.run(ReflectiveCallable.java:12) ~[junit-4.13.2.jar:4.13.2]
?[0m?[0;34m	at org.junit.runners.model.FrameworkMethod.invokeExplosively(FrameworkMethod.java:56) ~[junit-4.13.2.jar:4.13.2]
?[0m?[0;34m	at org.junit.internal.runners.statements.InvokeMethod.evaluate(InvokeMethod.java:17) ~[junit-4.13.2.jar:4.13.2]
?[0m?[0;34m	at org.junit.internal.runners.statements.RunAfters.evaluate(RunAfters.java:27) ~[junit-4.13.2.jar:4.13.2]
?[0m?[0;34m	at org.junit.runners.ParentRunner$3.evaluate(ParentRunner.java:306) ~[junit-4.13.2.jar:4.13.2]
?[0m?[0;34m	at org.junit.runners.BlockJUnit4ClassRunner$1.evaluate(BlockJUnit4ClassRunner.java:100) ~[junit-4.13.2.jar:4.13.2]
?[0m?[0;34m	at org.junit.runners.ParentRunner.runLeaf(ParentRunner.java:366) ~[junit-4.13.2.jar:4.13.2]
?[0m?[0;34m	at org.junit.runners.BlockJUnit4ClassRunner.runChild(BlockJUnit4ClassRunner.java:103) ~[junit-4.13.2.jar:4.13.2]
?[0m?[0;34m	at org.junit.runners.BlockJUnit4ClassRunner.runChild(BlockJUnit4ClassRunner.java:63) ~[junit-4.13.2.jar:4.13.2]
?[0m?[0;34m	at org.junit.runners.ParentRunner$4.run(ParentRunner.java:331) ~[junit-4.13.2.jar:4.13.2]
?[0m?[0;34m	at org.junit.runners.ParentRunner$1.schedule(ParentRunner.java:79) ~[junit-4.13.2.jar:4.13.2]
?[0m?[0;34m	at org.junit.runners.ParentRunner.runChildren(ParentRunner.java:329) ~[junit-4.13.2.jar:4.13.2]
?[0m?[0;34m	at org.junit.runners.ParentRunner.access$100(ParentRunner.java:66) ~[junit-4.13.2.jar:4.13.2]
?[0m?[0;34m	at org.junit.runners.ParentRunner$2.evaluate(ParentRunner.java:293) ~[junit-4.13.2.jar:4.13.2]
?[0m?[0;34m	at org.junit.runners.ParentRunner$3.evaluate(ParentRunner.java:306) ~[junit-4.13.2.jar:4.13.2]
?[0m?[0;34m	at org.junit.runners.ParentRunner.run(ParentRunner.java:413) ~[junit-4.13.2.jar:4.13.2]
?[0m?[0;34m	at org.gradle.api.internal.tasks.testing.junit.JUnitTestClassExecutor.runTestClass(JUnitTestClassExecutor.java:108) ~[na:na]
?[0m?[0;34m	at org.gradle.api.internal.tasks.testing.junit.JUnitTestClassExecutor.execute(JUnitTestClassExecutor.java:57) ~[na:na]
?[0m?[0;34m	at org.gradle.api.internal.tasks.testing.junit.JUnitTestClassExecutor.execute(JUnitTestClassExecutor.java:39) ~[na:na]
?[0m?[0;34m	at org.gradle.api.internal.tasks.testing.junit.AbstractJUnitTestClassProcessor.processTestClass(AbstractJUnitTestClassProcessor.java:62) ~[na:na]
?[0m?[0;34m	at org.gradle.api.internal.tasks.testing.SuiteTestClassProcessor.processTestClass(SuiteTestClassProcessor.java:52) ~[na:na]
?[0m?[0;34m	at java.base/jdk.internal.reflect.NativeMethodAccessorImpl.invoke0(Native Method) ~[na:na]
?[0m?[0;34m	at java.base/jdk.internal.reflect.NativeMethodAccessorImpl.invoke(NativeMethodAccessorImpl.java:77) ~[na:na]
?[0m?[0;34m	at java.base/jdk.internal.reflect.DelegatingMethodAccessorImpl.invoke(DelegatingMethodAccessorImpl.java:43) ~[na:na]
?[0m?[0;34m	at java.base/java.lang.reflect.Method.invoke(Method.java:568) ~[na:na]
?[0m?[0;34m	at org.gradle.internal.dispatch.ReflectionDispatch.dispatch(ReflectionDispatch.java:36) ~[na:na]
?[0m?[0;34m	at org.gradle.internal.dispatch.ReflectionDispatch.dispatch(ReflectionDispatch.java:24) ~[na:na]
?[0m?[0;34m	at org.gradle.internal.dispatch.ContextClassLoaderDispatch.dispatch(ContextClassLoaderDispatch.java:33) ~[na:na]
[...]
?[0m?[0;34m	at org.hyperskill.hstest.dynamic.input.DynamicTesting$1DynamicTestElement.lambda$getTests$0(DynamicTesting.java:252) ~[hs-test-release-SNAPSHOT.jar:na]
?[0m?[0;34m	at org.hyperskill.hstest.testing.runner.SpringApplicationRunner.test(SpringApplicationRunner.java:43) ~[hs-test-release-SNAPSHOT.jar:na]
?[0m?[0;34m	at org.hyperskill.hstest.testing.TestRun.test(TestRun.java:94) ~[hs-test-release-SNAPSHOT.jar:na]
?[0m?[0;34m	at org.hyperskill.hstest.stage.StageTest.start(StageTest.java:164) ~[hs-test-release-SNAPSHOT.jar:na]
?[0m?[0;34m	at java.base/jdk.internal.reflect.NativeMethodAccessorImpl.invoke0(Native Method) ~[na:na]
?[0m?[0;34m	at java.base/jdk.internal.reflect.NativeMethodAccessorImpl.invoke(NativeMethodAccessorImpl.java:77) ~[na:na]
?[0m?[0;34m	at java.base/jdk.internal.reflect.DelegatingMethodAccessorImpl.invoke(DelegatingMethodAccessorImpl.java:43) ~[na:na]
?[0m?[0;34m	at java.base/java.lang.reflect.Method.invoke(Method.java:568) ~[na:na]
?[0m?[0;34m	at org.junit.runners.model.FrameworkMethod$1.runReflectiveCall(FrameworkMethod.java:59) ~[junit-4.13.2.jar:4.13.2]
?[0m?[0;34m	at org.junit.internal.runners.model.ReflectiveCallable.run(ReflectiveCallable.java:12) ~[junit-4.13.2.jar:4.13.2]
?[0m?[0;34m	at org.junit.runners.model.FrameworkMethod.invokeExplosively(FrameworkMethod.java:56) ~[junit-4.13.2.jar:4.13.2]
?[0m?[0;34m	at org.junit.internal.runners.statements.InvokeMethod.evaluate(InvokeMethod.java:17) ~[junit-4.13.2.jar:4.13.2]
?[0m?[0;34m	at org.junit.internal.runners.statements.RunAfters.evaluate(RunAfters.java:27) ~[junit-4.13.2.jar:4.13.2]
?[0m?[0;34m	at org.junit.runners.ParentRunner$3.evaluate(ParentRunner.java:306) ~[junit-4.13.2.jar:4.13.2]
?[0m?[0;34m	at org.junit.runners.BlockJUnit4ClassRunner$1.evaluate(BlockJUnit4ClassRunner.java:100) ~[junit-4.13.2.jar:4.13.2]
?[0m?[0;34m	at org.junit.runners.ParentRunner.runLeaf(ParentRunner.java:366) ~[junit-4.13.2.jar:4.13.2]
?[0m?[0;34m	at org.junit.runners.BlockJUnit4ClassRunner.runChild(BlockJUnit4ClassRunner.java:103) ~[junit-4.13.2.jar:4.13.2]
?[0m?[0;34m	at org.junit.runners.BlockJUnit4ClassRunner.runChild(BlockJUnit4ClassRunner.java:63) ~[junit-4.13.2.jar:4.13.2]
?[0m?[0;34m	at org.junit.runners.ParentRunner$4.run(ParentRunner.java:331) ~[junit-4.13.2.jar:4.13.2]
?[0m?[0;34m	at org.junit.runners.ParentRunner$1.schedule(ParentRunner.java:79) ~[junit-4.13.2.jar:4.13.2]
?[0m?[0;34m	at org.junit.runners.ParentRunner.runChildren(ParentRunner.java:329) ~[junit-4.13.2.jar:4.13.2]
?[0m?[0;34m	at org.junit.runners.ParentRunner.access$100(ParentRunner.java:66) ~[junit-4.13.2.jar:4.13.2]
?[0m?[0;34m	at org.junit.runners.ParentRunner$2.evaluate(ParentRunner.java:293) ~[junit-4.13.2.jar:4.13.2]
?[0m?[0;34m	at org.junit.runners.ParentRunner$3.evaluate(ParentRunner.java:306) ~[junit-4.13.2.jar:4.13.2]
?[0m?[0;34m	at org.junit.runners.ParentRunner.run(ParentRunner.java:413) ~[junit-4.13.2.jar:4.13.2]
?[0m?[0;34m	at org.gradle.api.internal.tasks.testing.junit.JUnitTestClassExecutor.runTestClass(JUnitTestClassExecutor.java:108) ~[na:na]
?[0m?[0;34m	at org.gradle.api.internal.tasks.testing.junit.JUnitTestClassExecutor.execute(JUnitTestClassExecutor.java:57) ~[na:na]
?[0m?[0;34m	at org.gradle.api.internal.tasks.testing.junit.JUnitTestClassExecutor.execute(JUnitTestClassExecutor.java:39) ~[na:na]
?[0m?[0;34m	at org.gradle.api.internal.tasks.testing.junit.AbstractJUnitTestClassProcessor.processTestClass(AbstractJUnitTestClassProcessor.java:62) ~[na:na]
?[0m?[0;34m	at org.gradle.api.internal.tasks.testing.SuiteTestClassProcessor.processTestClass(SuiteTestClassProcessor.java:52) ~[na:na]
?[0m?[0;34m	at java.base/jdk.internal.reflect.NativeMethodAccessorImpl.invoke0(Native Method) ~[na:na]
?[0m?[0;34m	at java.base/jdk.internal.reflect.NativeMethodAccessorImpl.invoke(NativeMethodAccessorImpl.java:77) ~[na:na]
?[0m?[0;34m	at java.base/jdk.internal.reflect.DelegatingMethodAccessorImpl.invoke(DelegatingMethodAccessorImpl.java:43) ~[na:na]
?[0m?[0;34m	at java.base/java.lang.reflect.Method.invoke(Method.java:568) ~[na:na]
?[0m?[0;34m	at org.gradle.internal.dispatch.ReflectionDispatch.dispatch(ReflectionDispatch.java:36) ~[na:na]
?[0m?[0;34m	at org.gradle.internal.dispatch.ReflectionDispatch.dispatch(ReflectionDispatch.java:24) ~[na:na]
?[0m?[0;34m	at org.gradle.internal.dispatch.ContextClassLoaderDispatch.dispatch(ContextClassLoaderDispatch.java:33) ~[na:na]
?[0m?[0;34m	at org.gradle.internal.dispatch.ProxyDispatchAdapter$DispatchingInvocationHandler.invoke(ProxyDispatchAdapter.java:94) ~[na:na]
?[0m?[0;34m	at jdk.proxy1/jdk.proxy1.$Proxy2.processTestClass(Unknown Source) ~[na:na]
?[0m?[0;34m	at org.gradle.api.internal.tasks.testing.worker.TestWorker$2.run(TestWorker.java:176) ~[na:na]
?[0m?[0;34m	at org.gradle.api.internal.tasks.testing.worker.TestWorker.executeAndMaintainThreadName(TestWorker.java:129) ~[na:na]
?[0m?[0;34m	at org.gradle.api.internal.tasks.testing.worker.TestWorker.execute(TestWorker.java:100) ~[na:na]
?[0m?[0;34m	at org.gradle.api.internal.tasks.testing.worker.TestWorker.execute(TestWorker.java:60) ~[na:na]
?[0m?[0;34m	at org.gradle.process.internal.worker.child.ActionExecutionWorker.execute(ActionExecutionWorker.java:56) ~[na:na]
?[0m?[0;34m	at org.gradle.process.internal.worker.child.SystemApplicationClassLoaderWorker.call(SystemApplicationClassLoaderWorker.java:113) ~[na:na]
?[0m?[0;34m	at org.gradle.process.internal.worker.child.SystemApplicationClassLoaderWorker.call(SystemApplicationClassLoaderWorker.java:65) ~[na:na]
?[0m?[0;34m	at worker.org.gradle.process.internal.worker.GradleWorkerMain.run(GradleWorkerMain.java:69) ~[gradle-worker.jar:na]
?[0m?[0;34m	at worker.org.gradle.process.internal.worker.GradleWorkerMain.main(GradleWorkerMain.java:74) ~[gradle-worker.jar:na]
?[0m?[0;34m
?[0m?[0;34m2023-07-16T14:07:47.544+02:00  INFO 1424 --- [    Test worker] o.s.b.w.embedded.tomcat.TomcatWebServer  : Tomcat started on port(s): 8080 (http) with context path ''
?[0m?[0;34m2023-07-16T14:07:47.552+02:00  INFO 1424 --- [    Test worker] antifraud.AntiFraudApplication           : Started AntiFraudApplication in 1.277 seconds (process running for 55.523)
?[0m?[1;31m
Start test 156?[0m
?[0;34mTest case
?[0m?[0;34mTesting api: '/api/antifraud/transaction'
?[0m?[0;34mExpectations: 'Limits must be updated to: Allow = 290, Manual = 930. Transaction must be PROHIBITED'
?[0m?[0;34m-----
?[0;34m2023-07-16T14:07:47.559+02:00  INFO 1424 --- [nio-8080-exec-1] o.a.c.c.C.[Tomcat].[localhost].[/]       : Initializing Spring DispatcherServlet 'dispatcherServlet'
?[0m?[0;34m2023-07-16T14:07:47.559+02:00  INFO 1424 --- [nio-8080-exec-1] o.s.web.servlet.DispatcherServlet        : Initializing Servlet 'dispatcherServlet'
?[0m?[0;34m2023-07-16T14:07:47.560+02:00  INFO 1424 --- [nio-8080-exec-1] o.s.web.servlet.DispatcherServlet        : Completed initialization in 1 ms
?[0m?[0;34mHibernate: select u1_0.id,u1_0.locked,u1_0.name,u1_0.password,u1_0.role,u1_0.username from users u1_0 where upper(u1_0.username)=upper(?)
?[0m?[0;34mHibernate: select t1_0.id from limits t1_0 where t1_0.type=? fetch first ? rows only
?[0m?[0;34mHibernate: select t1_0.id,t1_0.max_value,t1_0.type from limits t1_0 where t1_0.type=?
?[0m?[0;34mHibernate: select t1_0.id from limits t1_0 where t1_0.type=? fetch first ? rows only
?[0m?[0;34mHibernate: select t1_0.id,t1_0.max_value,t1_0.type from limits t1_0 where t1_0.type=?
?[0m?[0;34mHibernate: select s1_0.id from stolen_cards s1_0 where s1_0.number=? fetch first ? rows only
?[0m?[0;34mHibernate: select s1_0.id from suspicious_IPs s1_0 where s1_0.ip=? fetch first ? rows only
?[0m?[0;34mHibernate: select t1_0.id,t1_0.amount,t1_0.date,t1_0.feedback,t1_0.ip,t1_0.number,t1_0.region,t1_0.result from transactions t1_0 where t1_0.number=? and t1_0.date between ? and ?
?[0m?[0;34mHibernate: select t1_0.id,t1_0.amount,t1_0.date,t1_0.feedback,t1_0.ip,t1_0.number,t1_0.region,t1_0.result from transactions t1_0 where t1_0.number=? and t1_0.date between ? and ?
?[0m?[0;34mHibernate: select t1_0.id from limits t1_0 where t1_0.type=? fetch first ? rows only
?[0m?[0;34mHibernate: select t1_0.id,t1_0.max_value,t1_0.type from limits t1_0 where t1_0.type=?
?[0m?[0;34mHibernate: select t1_0.id from limits t1_0 where t1_0.type=? fetch first ? rows only
?[0m?[0;34mHibernate: select t1_0.id,t1_0.max_value,t1_0.type from limits t1_0 where t1_0.type=?
?[0m?[0;34mHibernate: select s1_0.id from stolen_cards s1_0 where s1_0.number=? fetch first ? rows only
?[0m?[0;34mHibernate: select s1_0.id from suspicious_IPs s1_0 where s1_0.ip=? fetch first ? rows only
?[0m?[0;34mHibernate: select t1_0.id,t1_0.amount,t1_0.date,t1_0.feedback,t1_0.ip,t1_0.number,t1_0.region,t1_0.result from transactions t1_0 where t1_0.number=? and t1_0.date between ? and ?
?[0m?[0;34mHibernate: select t1_0.id,t1_0.amount,t1_0.date,t1_0.feedback,t1_0.ip,t1_0.number,t1_0.region,t1_0.result from transactions t1_0 where t1_0.number=? and t1_0.date between ? and ?
?[0m?[0;34mHibernate: select t1_0.id from limits t1_0 where t1_0.type=? fetch first ? rows only
?[0m?[0;34mHibernate: select t1_0.id,t1_0.max_value,t1_0.type from limits t1_0 where t1_0.type=?
?[0m?[0;34mHibernate: select t1_0.id from limits t1_0 where t1_0.type=? fetch first ? rows only
?[0m?[0;34mHibernate: select t1_0.id,t1_0.max_value,t1_0.type from limits t1_0 where t1_0.type=?
?[0m?[0;34mHibernate: select s1_0.id from stolen_cards s1_0 where s1_0.number=? fetch first ? rows only
?[0m?[0;34mHibernate: select s1_0.id from suspicious_IPs s1_0 where s1_0.ip=? fetch first ? rows only
?[0m?[0;34mHibernate: select t1_0.id,t1_0.amount,t1_0.date,t1_0.feedback,t1_0.ip,t1_0.number,t1_0.region,t1_0.result from transactions t1_0 where t1_0.number=? and t1_0.date between ? and ?
?[0m?[0;34mHibernate: select t1_0.id,t1_0.amount,t1_0.date,t1_0.feedback,t1_0.ip,t1_0.number,t1_0.region,t1_0.result from transactions t1_0 where t1_0.number=? and t1_0.date between ? and ?
?[0m?[0;34mHibernate: select t1_0.id from limits t1_0 where t1_0.type=? fetch first ? rows only
?[0m?[0;34mHibernate: select t1_0.id,t1_0.max_value,t1_0.type from limits t1_0 where t1_0.type=?
?[0m?[0;34mHibernate: select t1_0.id from limits t1_0 where t1_0.type=? fetch first ? rows only
?[0m?[0;34mHibernate: select t1_0.id,t1_0.max_value,t1_0.type from limits t1_0 where t1_0.type=?
?[0m?[0;34mHibernate: select s1_0.id from stolen_cards s1_0 where s1_0.number=? fetch first ? rows only
?[0m?[0;34mHibernate: select s1_0.id from suspicious_IPs s1_0 where s1_0.ip=? fetch first ? rows only
?[0m?[0;34mHibernate: select t1_0.id,t1_0.amount,t1_0.date,t1_0.feedback,t1_0.ip,t1_0.number,t1_0.region,t1_0.result from transactions t1_0 where t1_0.number=? and t1_0.date between ? and ?
?[0m?[0;34mHibernate: select t1_0.id,t1_0.amount,t1_0.date,t1_0.feedback,t1_0.ip,t1_0.number,t1_0.region,t1_0.result from transactions t1_0 where t1_0.number=? and t1_0.date between ? and ?
?[0m?[0;34mHibernate: select t1_0.id from limits t1_0 where t1_0.type=? fetch first ? rows only
?[0m?[0;34mHibernate: select t1_0.id,t1_0.max_value,t1_0.type from limits t1_0 where t1_0.type=?
?[0m?[0;34mHibernate: select t1_0.id from limits t1_0 where t1_0.type=? fetch first ? rows only
?[0m?[0;34mHibernate: select t1_0.id,t1_0.max_value,t1_0.type from limits t1_0 where t1_0.type=?
?[0m?[0;34mHibernate: select s1_0.id from stolen_cards s1_0 where s1_0.number=? fetch first ? rows only
?[0m?[0;34mHibernate: select s1_0.id from suspicious_IPs s1_0 where s1_0.ip=? fetch first ? rows only
?[0m?[0;34mHibernate: select t1_0.id,t1_0.amount,t1_0.date,t1_0.feedback,t1_0.ip,t1_0.number,t1_0.region,t1_0.result from transactions t1_0 where t1_0.number=? and t1_0.date between ? and ?
?[0m?[0;34mHibernate: select t1_0.id,t1_0.amount,t1_0.date,t1_0.feedback,t1_0.ip,t1_0.number,t1_0.region,t1_0.result from transactions t1_0 where t1_0.number=? and t1_0.date between ? and ?
?[0m?[0;34mHibernate: select t1_0.id from limits t1_0 where t1_0.type=? fetch first ? rows only
?[0m?[0;34mHibernate: select t1_0.id,t1_0.max_value,t1_0.type from limits t1_0 where t1_0.type=?
?[0m?[0;34mHibernate: select t1_0.id from limits t1_0 where t1_0.type=? fetch first ? rows only
?[0m?[0;34mHibernate: select t1_0.id,t1_0.max_value,t1_0.type from limits t1_0 where t1_0.type=?
?[0m?[0;34mHibernate: select s1_0.id from stolen_cards s1_0 where s1_0.number=? fetch first ? rows only
?[0m?[0;34mHibernate: select s1_0.id from suspicious_IPs s1_0 where s1_0.ip=? fetch first ? rows only
?[0m?[0;34mHibernate: select t1_0.id,t1_0.amount,t1_0.date,t1_0.feedback,t1_0.ip,t1_0.number,t1_0.region,t1_0.result from transactions t1_0 where t1_0.number=? and t1_0.date between ? and ?
?[0m?[0;34mHibernate: select t1_0.id,t1_0.amount,t1_0.date,t1_0.feedback,t1_0.ip,t1_0.number,t1_0.region,t1_0.result from transactions t1_0 where t1_0.number=? and t1_0.date between ? and ?
?[0m?[0;34mHibernate: select t1_0.id from limits t1_0 where t1_0.type=? fetch first ? rows only
?[0m?[0;34mHibernate: select t1_0.id,t1_0.max_value,t1_0.type from limits t1_0 where t1_0.type=?
?[0m?[0;34mHibernate: select t1_0.id from limits t1_0 where t1_0.type=? fetch first ? rows only
?[0m?[0;34mHibernate: select t1_0.id,t1_0.max_value,t1_0.type from limits t1_0 where t1_0.type=?
?[0m?[0;34mHibernate: select s1_0.id from stolen_cards s1_0 where s1_0.number=? fetch first ? rows only
?[0m?[0;34mHibernate: select s1_0.id from suspicious_IPs s1_0 where s1_0.ip=? fetch first ? rows only
?[0m?[0;34mHibernate: select t1_0.id,t1_0.amount,t1_0.date,t1_0.feedback,t1_0.ip,t1_0.number,t1_0.region,t1_0.result from transactions t1_0 where t1_0.number=? and t1_0.date between ? and ?
?[0m?[0;34mHibernate: select t1_0.id,t1_0.amount,t1_0.date,t1_0.feedback,t1_0.ip,t1_0.number,t1_0.region,t1_0.result from transactions t1_0 where t1_0.number=? and t1_0.date between ? and ?
?[0m?[0;34mHibernate: select t1_0.id from limits t1_0 where t1_0.type=? fetch first ? rows only
?[0m?[0;34mHibernate: select t1_0.id,t1_0.max_value,t1_0.type from limits t1_0 where t1_0.type=?
?[0m?[0;34mHibernate: select t1_0.id from limits t1_0 where t1_0.type=? fetch first ? rows only
?[0m?[0;34mHibernate: select t1_0.id,t1_0.max_value,t1_0.type from limits t1_0 where t1_0.type=?
?[0m?[0;34mHibernate: select s1_0.id from stolen_cards s1_0 where s1_0.number=? fetch first ? rows only
?[0m?[0;34mHibernate: select s1_0.id from suspicious_IPs s1_0 where s1_0.ip=? fetch first ? rows only
?[0m?[0;34mHibernate: select t1_0.id,t1_0.amount,t1_0.date,t1_0.feedback,t1_0.ip,t1_0.number,t1_0.region,t1_0.result from transactions t1_0 where t1_0.number=? and t1_0.date between ? and ?
?[0m?[0;34mHibernate: select t1_0.id,t1_0.amount,t1_0.date,t1_0.feedback,t1_0.ip,t1_0.number,t1_0.region,t1_0.result from transactions t1_0 where t1_0.number=? and t1_0.date between ? and ?
?[0m?[0;34mHibernate: select t1_0.id from limits t1_0 where t1_0.type=? fetch first ? rows only
?[0m?[0;34mHibernate: select t1_0.id,t1_0.max_value,t1_0.type from limits t1_0 where t1_0.type=?
?[0m?[0;34mHibernate: select t1_0.id from limits t1_0 where t1_0.type=? fetch first ? rows only
?[0m?[0;34mHibernate: select t1_0.id,t1_0.max_value,t1_0.type from limits t1_0 where t1_0.type=?
?[0m?[0;34mHibernate: select s1_0.id from stolen_cards s1_0 where s1_0.number=? fetch first ? rows only
?[0m?[0;34mHibernate: select s1_0.id from suspicious_IPs s1_0 where s1_0.ip=? fetch first ? rows only
?[0m?[0;34mHibernate: select t1_0.id,t1_0.amount,t1_0.date,t1_0.feedback,t1_0.ip,t1_0.number,t1_0.region,t1_0.result from transactions t1_0 where t1_0.number=? and t1_0.date between ? and ?
?[0m?[0;34mHibernate: select t1_0.id,t1_0.amount,t1_0.date,t1_0.feedback,t1_0.ip,t1_0.number,t1_0.region,t1_0.result from transactions t1_0 where t1_0.number=? and t1_0.date between ? and ?
?[0m?[0;34mHibernate: select t1_0.id from limits t1_0 where t1_0.type=? fetch first ? rows only
?[0m?[0;34mHibernate: select t1_0.id,t1_0.max_value,t1_0.type from limits t1_0 where t1_0.type=?
?[0m?[0;34mHibernate: select t1_0.id from limits t1_0 where t1_0.type=? fetch first ? rows only
?[0m?[0;34mHibernate: select t1_0.id,t1_0.max_value,t1_0.type from limits t1_0 where t1_0.type=?
?[0m?[0;34mHibernate: select s1_0.id from stolen_cards s1_0 where s1_0.number=? fetch first ? rows only
?[0m?[0;34mHibernate: select s1_0.id from suspicious_IPs s1_0 where s1_0.ip=? fetch first ? rows only
?[0m?[0;34mHibernate: select t1_0.id,t1_0.amount,t1_0.date,t1_0.feedback,t1_0.ip,t1_0.number,t1_0.region,t1_0.result from transactions t1_0 where t1_0.number=? and t1_0.date between ? and ?
?[0m?[0;34mHibernate: select t1_0.id,t1_0.amount,t1_0.date,t1_0.feedback,t1_0.ip,t1_0.number,t1_0.region,t1_0.result from transactions t1_0 where t1_0.number=? and t1_0.date between ? and ?
?[0m?[0;34mHibernate: select t1_0.id from limits t1_0 where t1_0.type=? fetch first ? rows only
?[0m?[0;34mHibernate: select t1_0.id,t1_0.max_value,t1_0.type from limits t1_0 where t1_0.type=?
?[0m?[0;34mHibernate: select t1_0.id from limits t1_0 where t1_0.type=? fetch first ? rows only
?[0m?[0;34mHibernate: select t1_0.id,t1_0.max_value,t1_0.type from limits t1_0 where t1_0.type=?
?[0m?[0;34mHibernate: select s1_0.id from stolen_cards s1_0 where s1_0.number=? fetch first ? rows only
?[0m?[0;34mHibernate: select s1_0.id from suspicious_IPs s1_0 where s1_0.ip=? fetch first ? rows only
?[0m?[0;34mHibernate: select t1_0.id,t1_0.amount,t1_0.date,t1_0.feedback,t1_0.ip,t1_0.number,t1_0.region,t1_0.result from transactions t1_0 where t1_0.number=? and t1_0.date between ? and ?
?[0m?[0;34mHibernate: select t1_0.id,t1_0.amount,t1_0.date,t1_0.feedback,t1_0.ip,t1_0.number,t1_0.region,t1_0.result from transactions t1_0 where t1_0.number=? and t1_0.date between ? and ?
?[0m?[0;34mHibernate: select t1_0.id from limits t1_0 where t1_0.type=? fetch first ? rows only
?[0m?[0;34mHibernate: select t1_0.id,t1_0.max_value,t1_0.type from limits t1_0 where t1_0.type=?
?[0m?[0;34mHibernate: select t1_0.id from limits t1_0 where t1_0.type=? fetch first ? rows only
?[0m?[0;34mHibernate: select t1_0.id,t1_0.max_value,t1_0.type from limits t1_0 where t1_0.type=?
?[0m?[0;34mHibernate: select s1_0.id from stolen_cards s1_0 where s1_0.number=? fetch first ? rows only
?[0m?[0;34mHibernate: select s1_0.id from suspicious_IPs s1_0 where s1_0.ip=? fetch first ? rows only
?[0m?[0;34mHibernate: select t1_0.id,t1_0.amount,t1_0.date,t1_0.feedback,t1_0.ip,t1_0.number,t1_0.region,t1_0.result from transactions t1_0 where t1_0.number=? and t1_0.date between ? and ?
?[0m?[0;34mHibernate: select t1_0.id,t1_0.amount,t1_0.date,t1_0.feedback,t1_0.ip,t1_0.number,t1_0.region,t1_0.result from transactions t1_0 where t1_0.number=? and t1_0.date between ? and ?
?[0m?[0;34mHibernate: select t1_0.id from limits t1_0 where t1_0.type=? fetch first ? rows only
?[0m?[0;34mHibernate: select t1_0.id,t1_0.max_value,t1_0.type from limits t1_0 where t1_0.type=?
?[0m?[0;34mHibernate: select t1_0.id from limits t1_0 where t1_0.type=? fetch first ? rows only
?[0m?[0;34mHibernate: select t1_0.id,t1_0.max_value,t1_0.type from limits t1_0 where t1_0.type=?
?[0m?[0;34mHibernate: select s1_0.id from stolen_cards s1_0 where s1_0.number=? fetch first ? rows only
?[0m?[0;34mHibernate: select s1_0.id from suspicious_IPs s1_0 where s1_0.ip=? fetch first ? rows only
?[0m?[0;34mHibernate: select t1_0.id,t1_0.amount,t1_0.date,t1_0.feedback,t1_0.ip,t1_0.number,t1_0.region,t1_0.result from transactions t1_0 where t1_0.number=? and t1_0.date between ? and ?
?[0m?[0;34mHibernate: select t1_0.id,t1_0.amount,t1_0.date,t1_0.feedback,t1_0.ip,t1_0.number,t1_0.region,t1_0.result from transactions t1_0 where t1_0.number=? and t1_0.date between ? and ?
?[0m?[0;34mHibernate: select next value for transactions_SEQ
?[0m?[0;34mHibernate: insert into transactions (amount, date, feedback, ip, number, region, result, id) values (?, ?, ?, ?, ?, ?, ?, ?)
?[0m]]></system-out>
  <system-err><![CDATA[]]></system-err>
</testsuite>
